[INFO] 20-08-2025 01:06:26 [main] Log - Start testing OrangeHm
[WARN] 20-08-2025 01:06:26 [main] Log - WebDriver is null in onStart
[INFO] 20-08-2025 01:06:31 [main] Log - LoginTest test is starting...
[INFO] 20-08-2025 01:06:34 [main] Log - LoginTest test is passed.
[INFO] 20-08-2025 01:06:37 [main] Log - End testing OrangeHm
[INFO] 20-08-2025 01:15:04 [main] Log - Start testing OrangeHm
[WARN] 20-08-2025 01:15:04 [main] Log - WebDriver is null in onStart
[INFO] 20-08-2025 01:15:10 [main] Log - LoginTest test is starting...
[INFO] 20-08-2025 01:15:13 [main] Log - LoginTest test is passed.
[INFO] 20-08-2025 01:15:17 [main] Log - End testing OrangeHm
[INFO] 20-08-2025 09:13:58 [main] Log - Start testing OrangeHm
[WARN] 20-08-2025 09:13:58 [main] Log - WebDriver is null in onStart
[INFO] 20-08-2025 09:14:05 [main] Log - LoginTest test is starting...
[INFO] 20-08-2025 09:14:10 [main] Log - LoginTest test is passed.
[INFO] 20-08-2025 09:14:13 [main] Log - End testing OrangeHm
[INFO] 20-08-2025 09:25:58 [main] Log - Start testing OrangeHm
[WARN] 20-08-2025 09:25:58 [main] Log - WebDriver is null in onStart
[INFO] 20-08-2025 09:26:03 [main] Log - LoginTest test is starting...
[INFO] 20-08-2025 09:26:07 [main] Log - LoginTest test is passed.
[INFO] 20-08-2025 09:26:11 [main] Log - End testing OrangeHm
[INFO] 20-08-2025 09:36:13 [main] Log - Start testing OrangeHm
[WARN] 20-08-2025 09:36:13 [main] Log - WebDriver is null in onStart
[INFO] 20-08-2025 09:36:17 [main] Log - LoginTest test is starting...
[ERROR] 20-08-2025 09:36:21 [main] Log - LoginTest test is failed.
[ERROR] 20-08-2025 09:36:21 [main] Log - Screenshot captured for test case: LoginTest
[WARN] 20-08-2025 09:36:21 [main] Log - WebDriver is null, skipping screenshot
[INFO] 20-08-2025 09:36:25 [main] Log - End testing OrangeHm
[INFO] 20-08-2025 09:37:33 [main] Log - Start testing OrangeHm
[WARN] 20-08-2025 09:37:33 [main] Log - WebDriver is null in onStart
[INFO] 20-08-2025 09:37:39 [main] Log - LoginTest test is starting...
[ERROR] 20-08-2025 09:37:43 [main] Log - LoginTest test is failed.
[ERROR] 20-08-2025 09:37:43 [main] Log - Screenshot captured for test case: LoginTest
[WARN] 20-08-2025 09:37:43 [main] Log - WebDriver is null, skipping screenshot
[INFO] 20-08-2025 09:37:46 [main] Log - End testing OrangeHm
[INFO] 20-08-2025 09:39:03 [main] Log - Start testing OrangeHm
[WARN] 20-08-2025 09:39:03 [main] Log - WebDriver is null in onStart
[INFO] 20-08-2025 09:39:09 [main] Log - LoginTest test is starting...
[INFO] 20-08-2025 09:39:12 [main] Log - LoginTest test is passed.
[INFO] 20-08-2025 09:39:16 [main] Log - End testing OrangeHm
[INFO] 20-08-2025 09:45:56 [main] Log - Start testing OrangeHrm
[WARN] 20-08-2025 09:45:56 [main] Log - WebDriver is null in onStart
[INFO] 20-08-2025 09:46:02 [main] Log - LoginTest test is starting...
[INFO] 20-08-2025 09:46:05 [main] Log - LoginTest test is passed.
[INFO] 20-08-2025 09:46:08 [main] Log - End testing OrangeHrm
[INFO] 20-08-2025 09:54:10 [main] Log - Start testing OrangeHrm
[WARN] 20-08-2025 09:54:10 [main] Log - WebDriver is null in onStart
[INFO] 20-08-2025 09:54:16 [main] Log - LoginTest test is starting...
[WARN] 20-08-2025 09:54:17 [main] Log - LoginTest test is skipped.
[INFO] 20-08-2025 09:54:17 [main] Log - End testing OrangeHrm
[INFO] 20-08-2025 09:54:59 [main] Log - Start testing OrangeHrm
[WARN] 20-08-2025 09:54:59 [main] Log - WebDriver is null in onStart
[INFO] 20-08-2025 09:55:02 [main] Log - LoginTest test is starting...
[WARN] 20-08-2025 09:55:02 [main] Log - LoginTest test is skipped.
[INFO] 20-08-2025 09:55:02 [main] Log - End testing OrangeHrm
[INFO] 20-08-2025 09:55:38 [main] Log - Start testing OrangeHrm
[WARN] 20-08-2025 09:55:38 [main] Log - WebDriver is null in onStart
[INFO] 20-08-2025 09:55:44 [main] Log - LoginTest test is starting...
[INFO] 20-08-2025 09:55:46 [main] Log - LoginTest test is passed.
[INFO] 20-08-2025 09:55:50 [main] Log - End testing OrangeHrm
[INFO] 20-08-2025 10:23:18 [main] Log - Start testing OrangeHrm
[WARN] 20-08-2025 10:23:18 [main] Log - WebDriver is null in onStart
[INFO] 20-08-2025 10:23:25 [main] Log - loginTest test is starting...
[INFO] 20-08-2025 10:23:28 [main] Log - loginTest test is passed.
[INFO] 20-08-2025 10:23:31 [main] Log - End testing OrangeHrm
[INFO] 20-08-2025 10:26:35 [main] Log - Start testing OrangeHrm
[WARN] 20-08-2025 10:26:35 [main] Log - WebDriver is null in onStart
[INFO] 20-08-2025 10:26:41 [main] Log - loginTest test is starting...
[INFO] 20-08-2025 10:26:44 [main] Log - loginTest test is passed.
[INFO] 20-08-2025 10:26:47 [main] Log - End testing OrangeHrm
[INFO] 20-08-2025 10:27:19 [main] Log - Start testing OrangeHrm
[WARN] 20-08-2025 10:27:19 [main] Log - WebDriver is null in onStart
[INFO] 20-08-2025 10:27:23 [main] Log - loginTest test is starting...
[INFO] 20-08-2025 10:27:27 [main] Log - loginTest test is passed.
[INFO] 20-08-2025 10:27:31 [main] Log - adminUserManagementTest test is starting...
[ERROR] 20-08-2025 10:27:31 [main] Log - adminUserManagementTest test is failed.
[ERROR] 20-08-2025 10:27:31 [main] Log - Screenshot captured for test case: adminUserManagementTest
[WARN] 20-08-2025 10:27:31 [main] Log - WebDriver is null, skipping screenshot
[INFO] 20-08-2025 10:27:31 [main] Log - End testing OrangeHrm
[INFO] 20-08-2025 10:39:40 [main] Log - Start testing OrangeHrm
[WARN] 20-08-2025 10:39:40 [main] Log - WebDriver is null in onStart
[INFO] 20-08-2025 10:39:44 [main] Log - loginTest test is starting...
[INFO] 20-08-2025 10:39:49 [main] Log - loginTest test is passed.
[INFO] 20-08-2025 10:39:52 [main] Log - End testing OrangeHrm
[INFO] 20-08-2025 10:40:34 [main] Log - Start testing OrangeHrm
[WARN] 20-08-2025 10:40:34 [main] Log - WebDriver is null in onStart
[INFO] 20-08-2025 10:40:34 [main] Log - adminUserManagementTest test is starting...
[ERROR] 20-08-2025 10:40:34 [main] Log - adminUserManagementTest test is failed.
[ERROR] 20-08-2025 10:40:34 [main] Log - Screenshot captured for test case: adminUserManagementTest
[WARN] 20-08-2025 10:40:34 [main] Log - WebDriver is null, skipping screenshot
[INFO] 20-08-2025 10:40:34 [main] Log - End testing OrangeHrm
[INFO] 20-08-2025 10:42:45 [main] Log - Start testing OrangeHrm
[WARN] 20-08-2025 10:42:45 [main] Log - WebDriver is null in onStart
[INFO] 20-08-2025 10:42:46 [main] Log - adminUserManagementTest test is starting...
[ERROR] 20-08-2025 10:42:46 [main] Log - adminUserManagementTest test is failed.
[ERROR] 20-08-2025 10:42:46 [main] Log - Screenshot captured for test case: adminUserManagementTest
[WARN] 20-08-2025 10:42:46 [main] Log - WebDriver is null, skipping screenshot
[INFO] 20-08-2025 10:42:47 [main] Log - End testing OrangeHrm
[INFO] 20-08-2025 10:44:52 [main] Log - Start testing OrangeHrm
[WARN] 20-08-2025 10:44:52 [main] Log - WebDriver is null in onStart
[INFO] 20-08-2025 10:44:58 [main] Log - adminUserManagementTest test is starting...
[ERROR] 20-08-2025 10:45:18 [main] Log - adminUserManagementTest test is failed.
[ERROR] 20-08-2025 10:45:18 [main] Log - Screenshot captured for test case: adminUserManagementTest
[WARN] 20-08-2025 10:45:18 [main] Log - WebDriver is null, skipping screenshot
[INFO] 20-08-2025 10:45:22 [main] Log - End testing OrangeHrm
[INFO] 20-08-2025 11:04:54 [main] Log - Start testing OrangeHrm
[WARN] 20-08-2025 11:04:54 [main] Log - WebDriver is null in onStart
[INFO] 20-08-2025 11:04:58 [main] Log - totalTest test is starting...
[INFO] 20-08-2025 11:05:05 [main] Log - totalTest test is passed.
[INFO] 20-08-2025 11:05:08 [main] Log - End testing OrangeHrm
[INFO] 20-08-2025 11:08:43 [main] Log - Start testing OrangeHrm
[WARN] 20-08-2025 11:08:43 [main] Log - WebDriver is null in onStart
[INFO] 20-08-2025 11:08:47 [main] Log - loginTest test is starting...
[INFO] 20-08-2025 11:08:52 [main] Log - loginTest test is passed.
[INFO] 20-08-2025 11:08:53 [main] Log - adminUserManagementTest test is starting...
[INFO] 20-08-2025 11:08:55 [main] Log - adminUserManagementTest test is passed.
[INFO] 20-08-2025 11:08:58 [main] Log - End testing OrangeHrm
[INFO] 20-08-2025 11:21:01 [main] Log - Start testing OrangeHrm
[WARN] 20-08-2025 11:21:01 [main] Log - WebDriver is null in onStart
[INFO] 20-08-2025 11:21:06 [main] Log - loginTest test is starting...
[INFO] 20-08-2025 11:21:08 [main] Log - loginTest test is passed.
[INFO] 20-08-2025 11:21:09 [main] Log - adminUserManagementTest test is starting...
[INFO] 20-08-2025 11:21:11 [main] Log - adminUserManagementTest test is passed.
[INFO] 20-08-2025 11:21:15 [main] Log - End testing OrangeHrm
[INFO] 20-08-2025 11:28:51 [main] Log - Start testing orangehrm
[WARN] 20-08-2025 11:28:51 [main] Log - WebDriver is null in onStart
[INFO] 20-08-2025 11:28:51 [main] Log - loginTest test is starting...
[WARN] 20-08-2025 11:28:51 [main] Log - loginTest test is skipped.
[INFO] 20-08-2025 11:28:51 [main] Log - adminUserManagementTest test is starting...
[WARN] 20-08-2025 11:28:51 [main] Log - adminUserManagementTest test is skipped.
[INFO] 20-08-2025 11:28:51 [main] Log - End testing orangehrm
[INFO] 20-08-2025 11:29:05 [main] Log - Start testing OrangeHrm
[WARN] 20-08-2025 11:29:05 [main] Log - WebDriver is null in onStart
[INFO] 20-08-2025 11:29:10 [main] Log - loginTest test is starting...
[INFO] 20-08-2025 11:29:12 [main] Log - loginTest test is passed.
[INFO] 20-08-2025 11:29:13 [main] Log - adminUserManagementTest test is starting...
[ERROR] 20-08-2025 11:29:16 [main] Log - adminUserManagementTest test is failed.
[ERROR] 20-08-2025 11:29:16 [main] Log - Screenshot captured for test case: adminUserManagementTest
[WARN] 20-08-2025 11:29:16 [main] Log - WebDriver is null, skipping screenshot
[INFO] 20-08-2025 11:29:19 [main] Log - End testing OrangeHrm
[INFO] 20-08-2025 11:47:26 [main] Log - Start testing OrangeHrm
[WARN] 20-08-2025 11:47:26 [main] Log - WebDriver is null in onStart
[INFO] 20-08-2025 11:47:30 [main] Log - loginTest test is starting...
[INFO] 20-08-2025 11:47:33 [main] Log - loginTest test is passed.
[INFO] 20-08-2025 11:47:34 [main] Log - adminUserManagementTest test is starting...
[INFO] 20-08-2025 11:47:36 [main] Log - adminUserManagementTest test is passed.
[INFO] 20-08-2025 11:47:39 [main] Log - End testing OrangeHrm
[INFO] 20-08-2025 11:47:49 [main] Log - Start testing OrangeHrm
[WARN] 20-08-2025 11:47:49 [main] Log - WebDriver is null in onStart
[INFO] 20-08-2025 11:47:54 [main] Log - loginTest test is starting...
[INFO] 20-08-2025 11:47:57 [main] Log - loginTest test is passed.
[INFO] 20-08-2025 11:47:58 [main] Log - adminUserManagementTest test is starting...
[INFO] 20-08-2025 11:48:01 [main] Log - adminUserManagementTest test is passed.
[INFO] 20-08-2025 11:48:04 [main] Log - End testing OrangeHrm
[INFO] 20-08-2025 11:48:14 [main] Log - Start testing OrangeHrm
[WARN] 20-08-2025 11:48:14 [main] Log - WebDriver is null in onStart
[INFO] 20-08-2025 11:48:18 [main] Log - loginTest test is starting...
[INFO] 20-08-2025 11:48:21 [main] Log - loginTest test is passed.
[INFO] 20-08-2025 11:48:22 [main] Log - adminUserManagementTest test is starting...
[INFO] 20-08-2025 11:48:24 [main] Log - adminUserManagementTest test is passed.
[INFO] 20-08-2025 11:48:27 [main] Log - End testing OrangeHrm
[INFO] 20-08-2025 11:49:46 [main] Log - Start testing OrangeHrm
[WARN] 20-08-2025 11:49:46 [main] Log - WebDriver is null in onStart
[INFO] 20-08-2025 11:49:50 [main] Log - loginTest test is starting...
[INFO] 20-08-2025 11:49:53 [main] Log - loginTest test is passed.
[INFO] 20-08-2025 11:49:54 [main] Log - adminUserManagementTest test is starting...
[INFO] 20-08-2025 11:49:58 [main] Log - adminUserManagementTest test is passed.
[INFO] 20-08-2025 11:50:01 [main] Log - End testing OrangeHrm
[INFO] 20-08-2025 11:51:17 [main] Log - Start testing OrangeHrm
[WARN] 20-08-2025 11:51:17 [main] Log - WebDriver is null in onStart
[INFO] 20-08-2025 11:51:21 [main] Log - loginTest test is starting...
[INFO] 20-08-2025 11:51:24 [main] Log - loginTest test is passed.
[INFO] 20-08-2025 11:51:25 [main] Log - adminUserManagementTest test is starting...
[INFO] 20-08-2025 11:51:29 [main] Log - adminUserManagementTest test is passed.
[INFO] 20-08-2025 11:51:32 [main] Log - End testing OrangeHrm
[INFO] 20-08-2025 11:51:48 [main] Log - Start testing OrangeHrm
[WARN] 20-08-2025 11:51:48 [main] Log - WebDriver is null in onStart
[INFO] 20-08-2025 11:51:54 [main] Log - loginTest test is starting...
[INFO] 20-08-2025 11:51:57 [main] Log - loginTest test is passed.
[INFO] 20-08-2025 11:51:58 [main] Log - adminUserManagementTest test is starting...
[INFO] 20-08-2025 11:52:01 [main] Log - adminUserManagementTest test is passed.
[INFO] 20-08-2025 11:52:04 [main] Log - End testing OrangeHrm
[INFO] 20-08-2025 11:53:55 [main] Log - Start testing OrangeHrm
[WARN] 20-08-2025 11:53:55 [main] Log - WebDriver is null in onStart
[INFO] 20-08-2025 11:54:00 [main] Log - loginTest test is starting...
[INFO] 20-08-2025 11:54:03 [main] Log - loginTest test is passed.
[INFO] 20-08-2025 11:54:04 [main] Log - adminUserManagementTest test is starting...
[INFO] 20-08-2025 11:54:06 [main] Log - adminUserManagementTest test is passed.
[INFO] 20-08-2025 11:54:09 [main] Log - End testing OrangeHrm
[INFO] 20-08-2025 11:55:09 [main] Log - Start testing OrangeHrm
[WARN] 20-08-2025 11:55:09 [main] Log - WebDriver is null in onStart
[INFO] 20-08-2025 11:55:14 [main] Log - loginTest test is starting...
[INFO] 20-08-2025 11:55:16 [main] Log - loginTest test is passed.
[INFO] 20-08-2025 11:55:17 [main] Log - adminUserManagementTest test is starting...
[INFO] 20-08-2025 11:55:20 [main] Log - adminUserManagementTest test is passed.
[INFO] 20-08-2025 11:55:23 [main] Log - End testing OrangeHrm
[INFO] 20-08-2025 11:56:59 [main] Log - Start testing OrangeHrm
[WARN] 20-08-2025 11:56:59 [main] Log - WebDriver is null in onStart
[INFO] 20-08-2025 11:57:04 [main] Log - loginTest test is starting...
[INFO] 20-08-2025 11:57:06 [main] Log - loginTest test is passed.
[INFO] 20-08-2025 11:57:07 [main] Log - adminUserManagementTest test is starting...
[INFO] 20-08-2025 11:57:10 [main] Log - adminUserManagementTest test is passed.
[INFO] 20-08-2025 11:57:13 [main] Log - End testing OrangeHrm
[INFO] 20-08-2025 11:58:23 [main] Log - Start testing OrangeHrm
[WARN] 20-08-2025 11:58:23 [main] Log - WebDriver is null in onStart
[INFO] 20-08-2025 11:58:28 [main] Log - loginTest test is starting...
[INFO] 20-08-2025 11:58:31 [main] Log - loginTest test is passed.
[INFO] 20-08-2025 11:58:32 [main] Log - adminUserManagementTest test is starting...
[INFO] 20-08-2025 11:58:35 [main] Log - adminUserManagementTest test is passed.
[INFO] 20-08-2025 11:58:38 [main] Log - End testing OrangeHrm
[INFO] 20-08-2025 12:00:46 [main] Log - Start testing OrangeHrm
[WARN] 20-08-2025 12:00:46 [main] Log - WebDriver is null in onStart
[INFO] 20-08-2025 12:00:56 [main] Log - loginTest test is starting...
[INFO] 20-08-2025 12:00:58 [main] Log - loginTest test is passed.
[INFO] 20-08-2025 12:00:59 [main] Log - adminUserManagementTest test is starting...
[INFO] 20-08-2025 12:01:02 [main] Log - adminUserManagementTest test is passed.
[INFO] 20-08-2025 12:01:05 [main] Log - End testing OrangeHrm
[INFO] 21-08-2025 14:52:37 [main] Log - Start testing OrangeHrm
[WARN] 21-08-2025 14:52:37 [main] Log - WebDriver is null in onStart
[INFO] 21-08-2025 14:53:03 [main] Log - loginTest test is starting...
[INFO] 21-08-2025 14:53:10 [main] Log - loginTest test is passed.
[INFO] 21-08-2025 14:53:11 [main] Log - adminUserManagementTest test is starting...
[ERROR] 21-08-2025 14:53:35 [main] Log - adminUserManagementTest test is failed.
[ERROR] 21-08-2025 14:53:35 [main] Log - Screenshot captured for test case: adminUserManagementTest
[WARN] 21-08-2025 14:53:35 [main] Log - WebDriver is null, skipping screenshot
[INFO] 21-08-2025 14:53:39 [main] Log - End testing OrangeHrm
[INFO] 21-08-2025 14:56:23 [main] Log - Start testing OrangeHrm
[WARN] 21-08-2025 14:56:23 [main] Log - WebDriver is null in onStart
[INFO] 21-08-2025 14:56:30 [main] Log - loginTest test is starting...
[INFO] 21-08-2025 14:56:33 [main] Log - loginTest test is passed.
[INFO] 21-08-2025 14:56:34 [main] Log - adminUserManagementTest test is starting...
[ERROR] 21-08-2025 14:56:58 [main] Log - adminUserManagementTest test is failed.
[ERROR] 21-08-2025 14:56:58 [main] Log - Screenshot captured for test case: adminUserManagementTest
[WARN] 21-08-2025 14:56:58 [main] Log - WebDriver is null, skipping screenshot
[INFO] 21-08-2025 14:57:01 [main] Log - End testing OrangeHrm
[INFO] 21-08-2025 14:58:05 [main] Log - Start testing OrangeHrm
[WARN] 21-08-2025 14:58:05 [main] Log - WebDriver is null in onStart
[INFO] 21-08-2025 14:58:12 [main] Log - loginTest test is starting...
[INFO] 21-08-2025 14:58:15 [main] Log - loginTest test is passed.
[INFO] 21-08-2025 14:58:16 [main] Log - adminUserManagementTest test is starting...
[INFO] 21-08-2025 14:58:20 [main] Log - adminUserManagementTest test is passed.
[INFO] 21-08-2025 14:58:24 [main] Log - End testing OrangeHrm
[INFO] 21-08-2025 15:17:49 [main] Log - Start testing OrangeHrm
[WARN] 21-08-2025 15:17:49 [main] Log - WebDriver is null in onStart
[INFO] 21-08-2025 15:17:54 [main] Log - loginTest test is starting...
[INFO] 21-08-2025 15:18:03 [main] Log - loginTest test is passed.
[INFO] 21-08-2025 15:18:04 [main] Log - adminUserManagementTest test is starting...
[INFO] 21-08-2025 15:18:13 [main] Log - adminUserManagementTest test is passed.
[INFO] 21-08-2025 15:18:16 [main] Log - End testing OrangeHrm
[INFO] 21-08-2025 15:52:49 [main] Log - Start testing OrangeHrm
[WARN] 21-08-2025 15:52:49 [main] Log - WebDriver is null in onStart
[INFO] 21-08-2025 15:52:58 [main] Log - loginTest test is starting...
[INFO] 21-08-2025 15:53:01 [main] Log - loginTest test is passed.
[INFO] 21-08-2025 15:53:02 [main] Log - adminUserManagementTest test is starting...
[ERROR] 21-08-2025 15:53:07 [main] Log - adminUserManagementTest test is failed.
[ERROR] 21-08-2025 15:53:07 [main] Log - Screenshot captured for test case: adminUserManagementTest
[WARN] 21-08-2025 15:53:07 [main] Log - WebDriver is null, skipping screenshot
[INFO] 21-08-2025 15:53:10 [main] Log - End testing OrangeHrm
[INFO] 21-08-2025 16:00:28 [main] Log - Start testing OrangeHrm
[WARN] 21-08-2025 16:00:28 [main] Log - WebDriver is null in onStart
[INFO] 21-08-2025 16:00:35 [main] Log - loginTest test is starting...
[INFO] 21-08-2025 16:00:39 [main] Log - loginTest test is passed.
[INFO] 21-08-2025 16:00:40 [main] Log - adminUserManagementTest test is starting...
[ERROR] 21-08-2025 16:00:55 [main] Log - adminUserManagementTest test is failed.
[ERROR] 21-08-2025 16:00:55 [main] Log - Screenshot captured for test case: adminUserManagementTest
[WARN] 21-08-2025 16:00:55 [main] Log - WebDriver is null, skipping screenshot
[INFO] 21-08-2025 16:00:58 [main] Log - End testing OrangeHrm
[INFO] 21-08-2025 16:02:38 [main] Log - Start testing OrangeHrm
[WARN] 21-08-2025 16:02:38 [main] Log - WebDriver is null in onStart
[INFO] 21-08-2025 16:02:51 [main] Log - loginTest test is starting...
[INFO] 21-08-2025 16:02:58 [main] Log - loginTest test is passed.
[INFO] 21-08-2025 16:02:59 [main] Log - adminUserManagementTest test is starting...
[ERROR] 21-08-2025 16:03:16 [main] Log - adminUserManagementTest test is failed.
[ERROR] 21-08-2025 16:03:16 [main] Log - Screenshot captured for test case: adminUserManagementTest
[WARN] 21-08-2025 16:03:16 [main] Log - WebDriver is null, skipping screenshot
[INFO] 21-08-2025 16:03:19 [main] Log - End testing OrangeHrm
[INFO] 21-08-2025 16:07:50 [main] Log - Start testing OrangeHrm
[WARN] 21-08-2025 16:07:50 [main] Log - WebDriver is null in onStart
[INFO] 21-08-2025 16:08:20 [main] Log - loginTest test is starting...
[ERROR] 21-08-2025 16:08:20 [main] Log - loginTest test is failed.
[ERROR] 21-08-2025 16:08:20 [main] Log - Screenshot captured for test case: loginTest
[WARN] 21-08-2025 16:08:20 [main] Log - WebDriver is null, skipping screenshot
[INFO] 21-08-2025 16:08:21 [main] Log - adminUserManagementTest test is starting...
[ERROR] 21-08-2025 16:08:21 [main] Log - adminUserManagementTest test is failed.
[ERROR] 21-08-2025 16:08:21 [main] Log - Screenshot captured for test case: adminUserManagementTest
[WARN] 21-08-2025 16:08:21 [main] Log - WebDriver is null, skipping screenshot
[INFO] 21-08-2025 16:08:24 [main] Log - End testing OrangeHrm
[INFO] 21-08-2025 16:08:39 [main] Log - Start testing OrangeHrm
[WARN] 21-08-2025 16:08:39 [main] Log - WebDriver is null in onStart
[INFO] 21-08-2025 16:08:43 [main] Log - loginTest test is starting...
[ERROR] 21-08-2025 16:08:54 [main] Log - loginTest test is failed.
[ERROR] 21-08-2025 16:08:54 [main] Log - Screenshot captured for test case: loginTest
[WARN] 21-08-2025 16:08:54 [main] Log - WebDriver is null, skipping screenshot
[INFO] 21-08-2025 16:08:59 [main] Log - Start testing OrangeHrm
[WARN] 21-08-2025 16:08:59 [main] Log - WebDriver is null in onStart
[INFO] 21-08-2025 16:09:04 [main] Log - loginTest test is starting...
[ERROR] 21-08-2025 16:09:24 [main] Log - loginTest test is failed.
[ERROR] 21-08-2025 16:09:24 [main] Log - Screenshot captured for test case: loginTest
[WARN] 21-08-2025 16:09:24 [main] Log - WebDriver is null, skipping screenshot
[INFO] 21-08-2025 16:09:25 [main] Log - adminUserManagementTest test is starting...
[ERROR] 21-08-2025 16:09:25 [main] Log - adminUserManagementTest test is failed.
[ERROR] 21-08-2025 16:09:25 [main] Log - Screenshot captured for test case: adminUserManagementTest
[WARN] 21-08-2025 16:09:25 [main] Log - WebDriver is null, skipping screenshot
[INFO] 21-08-2025 16:09:30 [main] Log - Start testing OrangeHrm
[WARN] 21-08-2025 16:09:30 [main] Log - WebDriver is null in onStart
[INFO] 21-08-2025 16:09:36 [main] Log - loginTest test is starting...
[INFO] 21-08-2025 16:09:38 [main] Log - loginTest test is passed.
[INFO] 21-08-2025 16:09:39 [main] Log - adminUserManagementTest test is starting...
[ERROR] 21-08-2025 16:09:52 [main] Log - adminUserManagementTest test is failed.
[ERROR] 21-08-2025 16:09:52 [main] Log - Screenshot captured for test case: adminUserManagementTest
[WARN] 21-08-2025 16:09:52 [main] Log - WebDriver is null, skipping screenshot
[INFO] 21-08-2025 16:10:08 [main] Log - Start testing OrangeHrm
[WARN] 21-08-2025 16:10:08 [main] Log - WebDriver is null in onStart
[INFO] 21-08-2025 16:10:13 [main] Log - loginTest test is starting...
[INFO] 21-08-2025 16:10:16 [main] Log - loginTest test is passed.
[INFO] 21-08-2025 16:10:17 [main] Log - adminUserManagementTest test is starting...
[INFO] 21-08-2025 16:10:32 [main] Log - adminUserManagementTest test is passed.
[INFO] 21-08-2025 16:10:35 [main] Log - End testing OrangeHrm
[INFO] 21-08-2025 16:12:02 [main] Log - Start testing OrangeHrm
[WARN] 21-08-2025 16:12:02 [main] Log - WebDriver is null in onStart
[INFO] 21-08-2025 16:12:09 [main] Log - loginTest test is starting...
[INFO] 21-08-2025 16:12:12 [main] Log - loginTest test is passed.
[INFO] 21-08-2025 16:12:13 [main] Log - adminUserManagementTest test is starting...
[ERROR] 21-08-2025 16:12:29 [main] Log - adminUserManagementTest test is failed.
[ERROR] 21-08-2025 16:12:29 [main] Log - Screenshot captured for test case: adminUserManagementTest
[WARN] 21-08-2025 16:12:29 [main] Log - WebDriver is null, skipping screenshot
[INFO] 21-08-2025 16:12:32 [main] Log - End testing OrangeHrm
[INFO] 21-08-2025 16:13:11 [main] Log - Start testing OrangeHrm
[WARN] 21-08-2025 16:13:11 [main] Log - WebDriver is null in onStart
[INFO] 21-08-2025 16:13:16 [main] Log - loginTest test is starting...
[INFO] 21-08-2025 16:13:19 [main] Log - loginTest test is passed.
[INFO] 21-08-2025 16:13:21 [main] Log - adminUserManagementTest test is starting...
[INFO] 21-08-2025 16:13:39 [main] Log - adminUserManagementTest test is passed.
[INFO] 21-08-2025 16:13:42 [main] Log - End testing OrangeHrm
[INFO] 21-08-2025 21:33:51 [main] Log - Start testing OrangeHrm
[WARN] 21-08-2025 21:33:51 [main] Log - WebDriver is null in onStart
[INFO] 21-08-2025 21:34:02 [main] Log - loginTest test is starting...
[INFO] 21-08-2025 21:34:07 [main] Log - loginTest test is passed.
[INFO] 21-08-2025 21:34:08 [main] Log - adminUserManagementTest test is starting...
[ERROR] 21-08-2025 21:34:31 [main] Log - adminUserManagementTest test is failed.
[ERROR] 21-08-2025 21:34:31 [main] Log - Screenshot captured for test case: adminUserManagementTest
[WARN] 21-08-2025 21:34:31 [main] Log - WebDriver is null, skipping screenshot
[INFO] 21-08-2025 21:34:34 [main] Log - End testing OrangeHrm
[INFO] 21-08-2025 21:38:48 [main] Log - Start testing OrangeHrm
[WARN] 21-08-2025 21:38:48 [main] Log - WebDriver is null in onStart
[INFO] 21-08-2025 21:38:56 [main] Log - loginTest test is starting...
[INFO] 21-08-2025 21:38:59 [main] Log - loginTest test is passed.
[INFO] 21-08-2025 21:39:01 [main] Log - adminUserManagementTest test is starting...
[ERROR] 21-08-2025 21:39:13 [main] Log - adminUserManagementTest test is failed.
[ERROR] 21-08-2025 21:39:13 [main] Log - Screenshot captured for test case: adminUserManagementTest
[WARN] 21-08-2025 21:39:13 [main] Log - WebDriver is null, skipping screenshot
[INFO] 21-08-2025 21:39:16 [main] Log - End testing OrangeHrm
[INFO] 21-08-2025 21:40:00 [main] Log - Start testing OrangeHrm
[WARN] 21-08-2025 21:40:00 [main] Log - WebDriver is null in onStart
[INFO] 21-08-2025 21:40:04 [main] Log - loginTest test is starting...
[INFO] 21-08-2025 21:40:11 [main] Log - loginTest test is passed.
[INFO] 21-08-2025 21:40:12 [main] Log - adminUserManagementTest test is starting...
[ERROR] 21-08-2025 21:40:34 [main] Log - adminUserManagementTest test is failed.
[ERROR] 21-08-2025 21:40:34 [main] Log - Screenshot captured for test case: adminUserManagementTest
[WARN] 21-08-2025 21:40:34 [main] Log - WebDriver is null, skipping screenshot
[INFO] 21-08-2025 21:40:38 [main] Log - End testing OrangeHrm
[INFO] 21-08-2025 21:42:05 [main] Log - Start testing OrangeHrm
[WARN] 21-08-2025 21:42:05 [main] Log - WebDriver is null in onStart
[INFO] 21-08-2025 21:42:13 [main] Log - loginTest test is starting...
[ERROR] 21-08-2025 21:42:13 [main] Log - loginTest test is failed.
[ERROR] 21-08-2025 21:42:13 [main] Log - Screenshot captured for test case: loginTest
[WARN] 21-08-2025 21:42:13 [main] Log - WebDriver is null, skipping screenshot
[INFO] 21-08-2025 21:42:14 [main] Log - adminUserManagementTest test is starting...
[ERROR] 21-08-2025 21:42:14 [main] Log - adminUserManagementTest test is failed.
[ERROR] 21-08-2025 21:42:14 [main] Log - Screenshot captured for test case: adminUserManagementTest
[WARN] 21-08-2025 21:42:14 [main] Log - WebDriver is null, skipping screenshot
[INFO] 21-08-2025 21:42:17 [main] Log - End testing OrangeHrm
[INFO] 21-08-2025 21:42:42 [main] Log - Start testing OrangeHrm
[WARN] 21-08-2025 21:42:42 [main] Log - WebDriver is null in onStart
[INFO] 21-08-2025 21:42:50 [main] Log - loginTest test is starting...
[INFO] 21-08-2025 21:42:53 [main] Log - loginTest test is passed.
[INFO] 21-08-2025 21:42:54 [main] Log - adminUserManagementTest test is starting...
[ERROR] 21-08-2025 21:43:14 [main] Log - adminUserManagementTest test is failed.
[ERROR] 21-08-2025 21:43:14 [main] Log - Screenshot captured for test case: adminUserManagementTest
[WARN] 21-08-2025 21:43:14 [main] Log - WebDriver is null, skipping screenshot
[INFO] 21-08-2025 21:43:18 [main] Log - End testing OrangeHrm
[INFO] 21-08-2025 21:46:29 [main] Log - Start testing OrangeHrm
[WARN] 21-08-2025 21:46:29 [main] Log - WebDriver is null in onStart
[INFO] 21-08-2025 21:46:37 [main] Log - loginTest test is starting...
[INFO] 21-08-2025 21:46:40 [main] Log - loginTest test is passed.
[INFO] 21-08-2025 21:46:41 [main] Log - adminUserManagementTest test is starting...
[ERROR] 21-08-2025 21:47:02 [main] Log - adminUserManagementTest test is failed.
[ERROR] 21-08-2025 21:47:02 [main] Log - Screenshot captured for test case: adminUserManagementTest
[WARN] 21-08-2025 21:47:02 [main] Log - WebDriver is null, skipping screenshot
[INFO] 21-08-2025 21:47:06 [main] Log - End testing OrangeHrm
[INFO] 21-08-2025 21:50:58 [main] Log - Start testing OrangeHrm
[WARN] 21-08-2025 21:50:58 [main] Log - WebDriver is null in onStart
[INFO] 21-08-2025 21:51:02 [main] Log - loginTest test is starting...
[INFO] 21-08-2025 21:51:07 [main] Log - loginTest test is passed.
[INFO] 21-08-2025 21:51:08 [main] Log - adminUserManagementTest test is starting...
[INFO] 21-08-2025 21:51:29 [main] Log - adminUserManagementTest test is passed.
[INFO] 21-08-2025 21:51:33 [main] Log - End testing OrangeHrm
[INFO] 21-08-2025 22:03:23 [main] Log - Start testing OrangeHrm
[WARN] 21-08-2025 22:03:23 [main] Log - WebDriver is null in onStart
[INFO] 21-08-2025 22:03:31 [main] Log - loginTest test is starting...
[INFO] 21-08-2025 22:03:34 [main] Log - loginTest test is passed.
[INFO] 21-08-2025 22:03:35 [main] Log - adminUserManagementTest test is starting...
[ERROR] 21-08-2025 22:03:56 [main] Log - adminUserManagementTest test is failed.
[ERROR] 21-08-2025 22:03:56 [main] Log - Screenshot captured for test case: adminUserManagementTest
[WARN] 21-08-2025 22:03:56 [main] Log - WebDriver is null, skipping screenshot
[INFO] 21-08-2025 22:04:00 [main] Log - End testing OrangeHrm
[INFO] 21-08-2025 22:45:09 [main] Log - Start testing OrangeHrm
[WARN] 21-08-2025 22:45:09 [main] Log - WebDriver is null in onStart
[INFO] 21-08-2025 22:45:40 [main] Log - loginTest test is starting...
[ERROR] 21-08-2025 22:45:40 [main] Log - loginTest test is failed.
[ERROR] 21-08-2025 22:45:40 [main] Log - Screenshot captured for test case: loginTest
[WARN] 21-08-2025 22:45:40 [main] Log - WebDriver is null, skipping screenshot
[INFO] 21-08-2025 22:45:41 [main] Log - adminUserManagementTest test is starting...
[ERROR] 21-08-2025 22:45:41 [main] Log - adminUserManagementTest test is failed.
[ERROR] 21-08-2025 22:45:41 [main] Log - Screenshot captured for test case: adminUserManagementTest
[WARN] 21-08-2025 22:45:41 [main] Log - WebDriver is null, skipping screenshot
[INFO] 21-08-2025 22:45:46 [main] Log - Start testing OrangeHrm
[WARN] 21-08-2025 22:45:46 [main] Log - WebDriver is null in onStart
[INFO] 21-08-2025 22:46:18 [main] Log - loginTest test is starting...
[ERROR] 21-08-2025 22:46:32 [main] Log - loginTest test is failed.
[ERROR] 21-08-2025 22:46:32 [main] Log - Screenshot captured for test case: loginTest
[WARN] 21-08-2025 22:46:32 [main] Log - WebDriver is null, skipping screenshot
[INFO] 21-08-2025 22:46:33 [main] Log - adminUserManagementTest test is starting...
[ERROR] 21-08-2025 22:46:33 [main] Log - adminUserManagementTest test is failed.
[ERROR] 21-08-2025 22:46:33 [main] Log - Screenshot captured for test case: adminUserManagementTest
[WARN] 21-08-2025 22:46:34 [main] Log - WebDriver is null, skipping screenshot
[INFO] 21-08-2025 22:47:38 [main] Log - Start testing OrangeHrm
[WARN] 21-08-2025 22:47:38 [main] Log - WebDriver is null in onStart
[INFO] 21-08-2025 22:47:43 [main] Log - loginTest test is starting...
[INFO] 21-08-2025 22:47:46 [main] Log - loginTest test is passed.
[INFO] 21-08-2025 22:47:47 [main] Log - adminUserManagementTest test is starting...
[INFO] 21-08-2025 22:48:05 [main] Log - adminUserManagementTest test is passed.
[INFO] 21-08-2025 22:48:09 [main] Log - End testing OrangeHrm
[INFO] 21-08-2025 23:18:35 [main] Log - Start testing OrangeHrm
[WARN] 21-08-2025 23:18:35 [main] Log - WebDriver is null in onStart
[INFO] 21-08-2025 23:18:40 [main] Log - loginTest test is starting...
[INFO] 21-08-2025 23:18:43 [main] Log - loginTest test is passed.
[INFO] 21-08-2025 23:18:44 [main] Log - adminUserManagementTest test is starting...
[ERROR] 21-08-2025 23:19:03 [main] Log - adminUserManagementTest test is failed.
[ERROR] 21-08-2025 23:19:03 [main] Log - Screenshot captured for test case: adminUserManagementTest
[WARN] 21-08-2025 23:19:03 [main] Log - WebDriver is null, skipping screenshot
[INFO] 21-08-2025 23:19:06 [main] Log - End testing OrangeHrm
[INFO] 21-08-2025 23:30:26 [main] Log - Start testing OrangeHrm
[WARN] 21-08-2025 23:30:26 [main] Log - WebDriver is null in onStart
[INFO] 21-08-2025 23:30:34 [main] Log - loginTest test is starting...
[INFO] 21-08-2025 23:30:38 [main] Log - loginTest test is passed.
[INFO] 21-08-2025 23:30:39 [main] Log - adminUserManagementTest test is starting...
[ERROR] 21-08-2025 23:31:11 [main] Log - adminUserManagementTest test is failed.
[ERROR] 21-08-2025 23:31:11 [main] Log - Screenshot captured for test case: adminUserManagementTest
[WARN] 21-08-2025 23:31:11 [main] Log - WebDriver is null, skipping screenshot
[INFO] 21-08-2025 23:31:15 [main] Log - End testing OrangeHrm
[INFO] 21-08-2025 23:36:47 [main] Log - Start testing OrangeHrm
[WARN] 21-08-2025 23:36:47 [main] Log - WebDriver is null in onStart
[INFO] 21-08-2025 23:36:56 [main] Log - loginTest test is starting...
[INFO] 21-08-2025 23:36:59 [main] Log - loginTest test is passed.
[INFO] 21-08-2025 23:37:00 [main] Log - adminUserManagementTest test is starting...
[INFO] 21-08-2025 23:37:40 [main] Log - adminUserManagementTest test is passed.
[INFO] 21-08-2025 23:37:43 [main] Log - End testing OrangeHrm
[INFO] 21-08-2025 23:38:40 [main] Log - Start testing OrangeHrm
[WARN] 21-08-2025 23:38:40 [main] Log - WebDriver is null in onStart
[INFO] 21-08-2025 23:38:50 [main] Log - loginTest test is starting...
[INFO] 21-08-2025 23:38:54 [main] Log - loginTest test is passed.
[INFO] 21-08-2025 23:38:55 [main] Log - adminUserManagementTest test is starting...
[INFO] 21-08-2025 23:39:37 [main] Log - adminUserManagementTest test is passed.
[INFO] 21-08-2025 23:39:40 [main] Log - End testing OrangeHrm
[INFO] 21-08-2025 23:52:03 [main] Log - Start testing OrangeHrm
[WARN] 21-08-2025 23:52:03 [main] Log - WebDriver is null in onStart
[INFO] 21-08-2025 23:52:09 [main] Log - loginTest test is starting...
[INFO] 21-08-2025 23:55:50 [main] Log - Start testing OrangeHrm
[WARN] 21-08-2025 23:55:50 [main] Log - WebDriver is null in onStart
[INFO] 21-08-2025 23:55:54 [main] Log - loginTest test is starting...
[INFO] 21-08-2025 23:55:57 [main] Log - loginTest test is passed.
[INFO] 21-08-2025 23:55:58 [main] Log - adminUserManagementTest test is starting...
[ERROR] 21-08-2025 23:56:46 [main] Log - adminUserManagementTest test is failed.
[ERROR] 21-08-2025 23:56:46 [main] Log - Screenshot captured for test case: adminUserManagementTest
[WARN] 21-08-2025 23:56:46 [main] Log - WebDriver is null, skipping screenshot
[INFO] 21-08-2025 23:56:52 [main] Log - Start testing OrangeHrm
[WARN] 21-08-2025 23:56:52 [main] Log - WebDriver is null in onStart
[INFO] 21-08-2025 23:56:59 [main] Log - loginTest test is starting...
[INFO] 21-08-2025 23:57:02 [main] Log - loginTest test is passed.
[INFO] 21-08-2025 23:57:03 [main] Log - adminUserManagementTest test is starting...
[ERROR] 21-08-2025 23:58:05 [main] Log - adminUserManagementTest test is failed.
[ERROR] 21-08-2025 23:58:05 [main] Log - Screenshot captured for test case: adminUserManagementTest
[WARN] 21-08-2025 23:58:05 [main] Log - WebDriver is null, skipping screenshot
[INFO] 21-08-2025 23:58:08 [main] Log - End testing OrangeHrm
[INFO] 22-08-2025 00:27:03 [main] Log - Start testing OrangeHrm
[WARN] 22-08-2025 00:27:03 [main] Log - WebDriver is null in onStart
[INFO] 22-08-2025 00:27:11 [main] Log - loginTest test is starting...
[INFO] 22-08-2025 00:27:14 [main] Log - loginTest test is passed.
[INFO] 22-08-2025 00:27:15 [main] Log - adminUserManagementTest test is starting...
[ERROR] 22-08-2025 00:27:41 [main] Log - adminUserManagementTest test is failed.
[ERROR] 22-08-2025 00:27:41 [main] Log - Screenshot captured for test case: adminUserManagementTest
[WARN] 22-08-2025 00:27:41 [main] Log - WebDriver is null, skipping screenshot
[INFO] 22-08-2025 00:27:44 [main] Log - End testing OrangeHrm
[INFO] 22-08-2025 00:31:44 [main] Log - Start testing OrangeHrm
[WARN] 22-08-2025 00:31:44 [main] Log - WebDriver is null in onStart
[INFO] 22-08-2025 00:31:54 [main] Log - loginTest test is starting...
[INFO] 22-08-2025 00:31:58 [main] Log - loginTest test is passed.
[INFO] 22-08-2025 00:31:59 [main] Log - adminUserManagementTest test is starting...
[ERROR] 22-08-2025 00:32:19 [main] Log - adminUserManagementTest test is failed.
[ERROR] 22-08-2025 00:32:19 [main] Log - Screenshot captured for test case: adminUserManagementTest
[WARN] 22-08-2025 00:32:19 [main] Log - WebDriver is null, skipping screenshot
[INFO] 22-08-2025 00:32:22 [main] Log - End testing OrangeHrm
[INFO] 22-08-2025 00:32:48 [main] Log - Start testing OrangeHrm
[WARN] 22-08-2025 00:32:48 [main] Log - WebDriver is null in onStart
[INFO] 22-08-2025 00:32:52 [main] Log - loginTest test is starting...
[INFO] 22-08-2025 00:32:54 [main] Log - loginTest test is passed.
[INFO] 22-08-2025 00:32:56 [main] Log - adminUserManagementTest test is starting...
[ERROR] 22-08-2025 00:33:19 [main] Log - adminUserManagementTest test is failed.
[ERROR] 22-08-2025 00:33:20 [main] Log - Screenshot captured for test case: adminUserManagementTest
[WARN] 22-08-2025 00:33:20 [main] Log - WebDriver is null, skipping screenshot
[INFO] 22-08-2025 00:33:23 [main] Log - End testing OrangeHrm
[INFO] 22-08-2025 00:38:14 [main] Log - Start testing OrangeHrm
[WARN] 22-08-2025 00:38:14 [main] Log - WebDriver is null in onStart
[INFO] 22-08-2025 00:38:19 [main] Log - loginTest test is starting...
[INFO] 22-08-2025 00:38:24 [main] Log - loginTest test is passed.
[INFO] 22-08-2025 00:38:25 [main] Log - adminUserManagementTest test is starting...
[ERROR] 22-08-2025 00:39:02 [main] Log - adminUserManagementTest test is failed.
[ERROR] 22-08-2025 00:39:02 [main] Log - Screenshot captured for test case: adminUserManagementTest
[WARN] 22-08-2025 00:39:02 [main] Log - WebDriver is null, skipping screenshot
[INFO] 22-08-2025 00:39:06 [main] Log - End testing OrangeHrm
[INFO] 22-08-2025 00:44:42 [main] Log - Start testing OrangeHrm
[WARN] 22-08-2025 00:44:42 [main] Log - WebDriver is null in onStart
[INFO] 22-08-2025 00:44:48 [main] Log - loginTest test is starting...
[INFO] 22-08-2025 00:44:51 [main] Log - loginTest test is passed.
[INFO] 22-08-2025 00:44:52 [main] Log - adminUserManagementTest test is starting...
[ERROR] 22-08-2025 00:45:28 [main] Log - adminUserManagementTest test is failed.
[ERROR] 22-08-2025 00:45:28 [main] Log - Screenshot captured for test case: adminUserManagementTest
[WARN] 22-08-2025 00:45:28 [main] Log - WebDriver is null, skipping screenshot
[INFO] 22-08-2025 00:45:32 [main] Log - End testing OrangeHrm
[INFO] 22-08-2025 00:58:28 [main] Log - Start testing OrangeHrm
[WARN] 22-08-2025 00:58:28 [main] Log - WebDriver is null in onStart
[INFO] 22-08-2025 00:58:36 [main] Log - loginTest test is starting...
[INFO] 22-08-2025 00:58:39 [main] Log - loginTest test is passed.
[INFO] 22-08-2025 00:58:40 [main] Log - adminUserManagementTest test is starting...
[ERROR] 22-08-2025 00:59:01 [main] Log - adminUserManagementTest test is failed.
[ERROR] 22-08-2025 00:59:01 [main] Log - Screenshot captured for test case: adminUserManagementTest
[WARN] 22-08-2025 00:59:01 [main] Log - WebDriver is null, skipping screenshot
[INFO] 22-08-2025 00:59:05 [main] Log - End testing OrangeHrm
[INFO] 22-08-2025 01:05:03 [main] Log - Start testing OrangeHrm
[WARN] 22-08-2025 01:05:03 [main] Log - WebDriver is null in onStart
[INFO] 22-08-2025 01:05:13 [main] Log - loginTest test is starting...
[INFO] 22-08-2025 01:05:16 [main] Log - loginTest test is passed.
[INFO] 22-08-2025 01:05:17 [main] Log - adminUserManagementTest test is starting...
[ERROR] 22-08-2025 01:05:54 [main] Log - adminUserManagementTest test is failed.
[ERROR] 22-08-2025 01:05:54 [main] Log - Screenshot captured for test case: adminUserManagementTest
[WARN] 22-08-2025 01:05:54 [main] Log - WebDriver is null, skipping screenshot
[INFO] 22-08-2025 01:05:58 [main] Log - End testing OrangeHrm
[INFO] 22-08-2025 01:09:49 [main] Log - Start testing OrangeHrm
[WARN] 22-08-2025 01:09:49 [main] Log - WebDriver is null in onStart
[INFO] 22-08-2025 01:10:02 [main] Log - loginTest test is starting...
[INFO] 22-08-2025 01:10:07 [main] Log - loginTest test is passed.
[INFO] 22-08-2025 01:10:08 [main] Log - adminUserManagementTest test is starting...
[ERROR] 22-08-2025 01:10:45 [main] Log - adminUserManagementTest test is failed.
[ERROR] 22-08-2025 01:10:45 [main] Log - Screenshot captured for test case: adminUserManagementTest
[WARN] 22-08-2025 01:10:45 [main] Log - WebDriver is null, skipping screenshot
[INFO] 22-08-2025 01:10:49 [main] Log - End testing OrangeHrm
[INFO] 22-08-2025 01:16:53 [main] Log - Start testing OrangeHrm
[WARN] 22-08-2025 01:16:53 [main] Log - WebDriver is null in onStart
[INFO] 22-08-2025 01:16:57 [main] Log - loginTest test is starting...
[INFO] 22-08-2025 01:17:01 [main] Log - loginTest test is passed.
[INFO] 22-08-2025 01:17:02 [main] Log - adminUserManagementTest test is starting...
[ERROR] 22-08-2025 01:17:28 [main] Log - adminUserManagementTest test is failed.
[ERROR] 22-08-2025 01:17:28 [main] Log - Screenshot captured for test case: adminUserManagementTest
[WARN] 22-08-2025 01:17:28 [main] Log - WebDriver is null, skipping screenshot
[INFO] 22-08-2025 01:17:32 [main] Log - End testing OrangeHrm
[INFO] 22-08-2025 01:21:32 [main] Log - Start testing OrangeHrm
[WARN] 22-08-2025 01:21:32 [main] Log - WebDriver is null in onStart
[INFO] 22-08-2025 01:21:38 [main] Log - loginTest test is starting...
[INFO] 22-08-2025 01:21:40 [main] Log - loginTest test is passed.
[INFO] 22-08-2025 01:21:41 [main] Log - adminUserManagementTest test is starting...
[ERROR] 22-08-2025 01:22:18 [main] Log - adminUserManagementTest test is failed.
[ERROR] 22-08-2025 01:22:18 [main] Log - Screenshot captured for test case: adminUserManagementTest
[WARN] 22-08-2025 01:22:18 [main] Log - WebDriver is null, skipping screenshot
[INFO] 22-08-2025 01:22:22 [main] Log - End testing OrangeHrm
[INFO] 22-08-2025 01:24:41 [main] Log - Start testing OrangeHrm
[WARN] 22-08-2025 01:24:41 [main] Log - WebDriver is null in onStart
[INFO] 22-08-2025 01:24:45 [main] Log - loginTest test is starting...
[INFO] 22-08-2025 01:24:50 [main] Log - loginTest test is passed.
[INFO] 22-08-2025 01:24:51 [main] Log - adminUserManagementTest test is starting...
[ERROR] 22-08-2025 01:25:13 [main] Log - adminUserManagementTest test is failed.
[ERROR] 22-08-2025 01:25:13 [main] Log - Screenshot captured for test case: adminUserManagementTest
[WARN] 22-08-2025 01:25:13 [main] Log - WebDriver is null, skipping screenshot
[INFO] 22-08-2025 01:25:20 [main] Log - End testing OrangeHrm
[INFO] 22-08-2025 01:26:07 [main] Log - Start testing OrangeHrm
[WARN] 22-08-2025 01:26:07 [main] Log - WebDriver is null in onStart
[INFO] 22-08-2025 01:26:15 [main] Log - loginTest test is starting...
[INFO] 22-08-2025 01:26:19 [main] Log - loginTest test is passed.
[INFO] 22-08-2025 01:26:20 [main] Log - adminUserManagementTest test is starting...
[ERROR] 22-08-2025 01:26:58 [main] Log - adminUserManagementTest test is failed.
[ERROR] 22-08-2025 01:26:58 [main] Log - Screenshot captured for test case: adminUserManagementTest
[WARN] 22-08-2025 01:26:58 [main] Log - WebDriver is null, skipping screenshot
[INFO] 22-08-2025 01:27:01 [main] Log - End testing OrangeHrm
[INFO] 22-08-2025 01:29:30 [main] Log - Start testing OrangeHrm
[WARN] 22-08-2025 01:29:30 [main] Log - WebDriver is null in onStart
[INFO] 22-08-2025 01:29:34 [main] Log - loginTest test is starting...
[INFO] 22-08-2025 01:29:38 [main] Log - loginTest test is passed.
[INFO] 22-08-2025 01:29:40 [main] Log - adminUserManagementTest test is starting...
[ERROR] 22-08-2025 01:30:10 [main] Log - adminUserManagementTest test is failed.
[ERROR] 22-08-2025 01:30:10 [main] Log - Screenshot captured for test case: adminUserManagementTest
[WARN] 22-08-2025 01:30:10 [main] Log - WebDriver is null, skipping screenshot
[INFO] 22-08-2025 01:30:14 [main] Log - End testing OrangeHrm
[INFO] 22-08-2025 08:49:17 [main] Log - Start testing OrangeHrm
[WARN] 22-08-2025 08:49:17 [main] Log - WebDriver is null in onStart
[INFO] 22-08-2025 08:49:26 [main] Log - loginTest test is starting...
[INFO] 22-08-2025 08:49:30 [main] Log - loginTest test is passed.
[INFO] 22-08-2025 08:49:31 [main] Log - adminUserManagementTest test is starting...
[ERROR] 22-08-2025 08:49:56 [main] Log - adminUserManagementTest test is failed.
[ERROR] 22-08-2025 08:49:56 [main] Log - Screenshot captured for test case: adminUserManagementTest
[WARN] 22-08-2025 08:49:56 [main] Log - WebDriver is null, skipping screenshot
[INFO] 22-08-2025 08:50:12 [main] Log - End testing OrangeHrm
[INFO] 22-08-2025 08:50:48 [main] Log - Start testing OrangeHrm
[WARN] 22-08-2025 08:50:48 [main] Log - WebDriver is null in onStart
[INFO] 22-08-2025 08:50:54 [main] Log - loginTest test is starting...
[INFO] 22-08-2025 08:50:58 [main] Log - loginTest test is passed.
[INFO] 22-08-2025 08:50:59 [main] Log - adminUserManagementTest test is starting...
[ERROR] 22-08-2025 08:51:16 [main] Log - adminUserManagementTest test is failed.
[ERROR] 22-08-2025 08:51:16 [main] Log - Screenshot captured for test case: adminUserManagementTest
[WARN] 22-08-2025 08:51:16 [main] Log - WebDriver is null, skipping screenshot
[INFO] 22-08-2025 08:51:19 [main] Log - End testing OrangeHrm
[INFO] 22-08-2025 09:02:35 [main] Log - Start testing OrangeHrm
[WARN] 22-08-2025 09:02:35 [main] Log - WebDriver is null in onStart
[INFO] 22-08-2025 09:02:38 [main] Log - loginTest test is starting...
[INFO] 22-08-2025 09:02:43 [main] Log - loginTest test is passed.
[INFO] 22-08-2025 09:02:44 [main] Log - adminUserManagementTest test is starting...
[ERROR] 22-08-2025 09:03:18 [main] Log - adminUserManagementTest test is failed.
[ERROR] 22-08-2025 09:03:18 [main] Log - Screenshot captured for test case: adminUserManagementTest
[WARN] 22-08-2025 09:03:18 [main] Log - WebDriver is null, skipping screenshot
[INFO] 22-08-2025 09:03:22 [main] Log - End testing OrangeHrm
[INFO] 22-08-2025 09:08:52 [main] Log - Start testing OrangeHrm
[WARN] 22-08-2025 09:08:52 [main] Log - WebDriver is null in onStart
[INFO] 22-08-2025 09:08:58 [main] Log - loginTest test is starting...
[INFO] 22-08-2025 09:09:01 [main] Log - loginTest test is passed.
[INFO] 22-08-2025 09:09:02 [main] Log - adminUserManagementTest test is starting...
[ERROR] 22-08-2025 09:09:18 [main] Log - adminUserManagementTest test is failed.
[ERROR] 22-08-2025 09:09:18 [main] Log - Screenshot captured for test case: adminUserManagementTest
[WARN] 22-08-2025 09:09:18 [main] Log - WebDriver is null, skipping screenshot
[INFO] 22-08-2025 09:09:21 [main] Log - End testing OrangeHrm
[INFO] 22-08-2025 09:09:50 [main] Log - Start testing OrangeHrm
[WARN] 22-08-2025 09:09:50 [main] Log - WebDriver is null in onStart
[INFO] 22-08-2025 09:09:55 [main] Log - loginTest test is starting...
[INFO] 22-08-2025 09:09:58 [main] Log - loginTest test is passed.
[INFO] 22-08-2025 09:09:59 [main] Log - adminUserManagementTest test is starting...
[ERROR] 22-08-2025 09:10:30 [main] Log - adminUserManagementTest test is failed.
[ERROR] 22-08-2025 09:10:30 [main] Log - Screenshot captured for test case: adminUserManagementTest
[WARN] 22-08-2025 09:10:30 [main] Log - WebDriver is null, skipping screenshot
[INFO] 22-08-2025 09:10:34 [main] Log - End testing OrangeHrm
[INFO] 22-08-2025 09:11:31 [main] Log - Start testing OrangeHrm
[WARN] 22-08-2025 09:11:31 [main] Log - WebDriver is null in onStart
[INFO] 22-08-2025 09:11:37 [main] Log - loginTest test is starting...
[INFO] 22-08-2025 09:11:39 [main] Log - loginTest test is passed.
[INFO] 22-08-2025 09:11:40 [main] Log - adminUserManagementTest test is starting...
[ERROR] 22-08-2025 09:12:07 [main] Log - adminUserManagementTest test is failed.
[ERROR] 22-08-2025 09:12:07 [main] Log - Screenshot captured for test case: adminUserManagementTest
[WARN] 22-08-2025 09:12:07 [main] Log - WebDriver is null, skipping screenshot
[INFO] 22-08-2025 09:12:11 [main] Log - End testing OrangeHrm
[INFO] 22-08-2025 09:12:56 [main] Log - Start testing OrangeHrm
[WARN] 22-08-2025 09:12:56 [main] Log - WebDriver is null in onStart
[INFO] 22-08-2025 09:13:00 [main] Log - loginTest test is starting...
[INFO] 22-08-2025 09:13:05 [main] Log - loginTest test is passed.
[INFO] 22-08-2025 09:13:06 [main] Log - adminUserManagementTest test is starting...
[ERROR] 22-08-2025 09:13:38 [main] Log - adminUserManagementTest test is failed.
[ERROR] 22-08-2025 09:13:38 [main] Log - Screenshot captured for test case: adminUserManagementTest
[WARN] 22-08-2025 09:13:38 [main] Log - WebDriver is null, skipping screenshot
[INFO] 22-08-2025 09:13:41 [main] Log - End testing OrangeHrm
[INFO] 22-08-2025 09:15:12 [main] Log - Start testing OrangeHrm
[WARN] 22-08-2025 09:15:12 [main] Log - WebDriver is null in onStart
[INFO] 22-08-2025 09:15:16 [main] Log - loginTest test is starting...
[ERROR] 22-08-2025 09:15:16 [main] Log - loginTest test is failed.
[ERROR] 22-08-2025 09:15:16 [main] Log - Screenshot captured for test case: loginTest
[WARN] 22-08-2025 09:15:16 [main] Log - WebDriver is null, skipping screenshot
[INFO] 22-08-2025 09:15:17 [main] Log - adminUserManagementTest test is starting...
[ERROR] 22-08-2025 09:15:17 [main] Log - adminUserManagementTest test is failed.
[ERROR] 22-08-2025 09:15:17 [main] Log - Screenshot captured for test case: adminUserManagementTest
[WARN] 22-08-2025 09:15:17 [main] Log - WebDriver is null, skipping screenshot
[INFO] 22-08-2025 09:15:20 [main] Log - End testing OrangeHrm
[INFO] 22-08-2025 09:17:34 [main] Log - Start testing OrangeHrm
[WARN] 22-08-2025 09:17:34 [main] Log - WebDriver is null in onStart
[INFO] 22-08-2025 09:17:38 [main] Log - loginTest test is starting...
[INFO] 22-08-2025 09:17:42 [main] Log - loginTest test is passed.
[INFO] 22-08-2025 09:17:43 [main] Log - adminUserManagementTest test is starting...
[ERROR] 22-08-2025 09:18:15 [main] Log - adminUserManagementTest test is failed.
[ERROR] 22-08-2025 09:18:15 [main] Log - Screenshot captured for test case: adminUserManagementTest
[WARN] 22-08-2025 09:18:15 [main] Log - WebDriver is null, skipping screenshot
[INFO] 22-08-2025 09:18:18 [main] Log - End testing OrangeHrm
[INFO] 22-08-2025 09:19:37 [main] Log - Start testing OrangeHrm
[WARN] 22-08-2025 09:19:37 [main] Log - WebDriver is null in onStart
[INFO] 22-08-2025 09:19:43 [main] Log - loginTest test is starting...
[INFO] 22-08-2025 09:19:45 [main] Log - loginTest test is passed.
[INFO] 22-08-2025 09:19:46 [main] Log - adminUserManagementTest test is starting...
[ERROR] 22-08-2025 09:20:19 [main] Log - adminUserManagementTest test is failed.
[ERROR] 22-08-2025 09:20:19 [main] Log - Screenshot captured for test case: adminUserManagementTest
[WARN] 22-08-2025 09:20:19 [main] Log - WebDriver is null, skipping screenshot
[INFO] 22-08-2025 09:20:23 [main] Log - End testing OrangeHrm
[INFO] 22-08-2025 09:21:27 [main] Log - Start testing OrangeHrm
[WARN] 22-08-2025 09:21:27 [main] Log - WebDriver is null in onStart
[INFO] 22-08-2025 09:21:32 [main] Log - loginTest test is starting...
[INFO] 22-08-2025 09:21:35 [main] Log - loginTest test is passed.
[INFO] 22-08-2025 09:21:36 [main] Log - adminUserManagementTest test is starting...
[ERROR] 22-08-2025 09:22:09 [main] Log - adminUserManagementTest test is failed.
[ERROR] 22-08-2025 09:22:09 [main] Log - Screenshot captured for test case: adminUserManagementTest
[WARN] 22-08-2025 09:22:09 [main] Log - WebDriver is null, skipping screenshot
[INFO] 22-08-2025 09:22:12 [main] Log - End testing OrangeHrm
[INFO] 22-08-2025 09:23:44 [main] Log - Start testing OrangeHrm
[WARN] 22-08-2025 09:23:44 [main] Log - WebDriver is null in onStart
[INFO] 22-08-2025 09:23:49 [main] Log - loginTest test is starting...
[INFO] 22-08-2025 09:23:53 [main] Log - loginTest test is passed.
[INFO] 22-08-2025 09:23:54 [main] Log - adminUserManagementTest test is starting...
[ERROR] 22-08-2025 09:24:14 [main] Log - adminUserManagementTest test is failed.
[ERROR] 22-08-2025 09:24:14 [main] Log - Screenshot captured for test case: adminUserManagementTest
[WARN] 22-08-2025 09:24:14 [main] Log - WebDriver is null, skipping screenshot
[INFO] 22-08-2025 09:24:18 [main] Log - End testing OrangeHrm
[INFO] 22-08-2025 09:26:42 [main] Log - Start testing OrangeHrm
[WARN] 22-08-2025 09:26:42 [main] Log - WebDriver is null in onStart
[INFO] 22-08-2025 09:26:48 [main] Log - loginTest test is starting...
[INFO] 22-08-2025 09:26:52 [main] Log - loginTest test is passed.
[INFO] 22-08-2025 09:26:53 [main] Log - adminUserManagementTest test is starting...
[ERROR] 22-08-2025 09:27:19 [main] Log - adminUserManagementTest test is failed.
[ERROR] 22-08-2025 09:27:19 [main] Log - Screenshot captured for test case: adminUserManagementTest
[WARN] 22-08-2025 09:27:19 [main] Log - WebDriver is null, skipping screenshot
[INFO] 22-08-2025 09:27:24 [main] Log - End testing OrangeHrm
[INFO] 22-08-2025 09:35:41 [main] Log - Start testing OrangeHrm
[WARN] 22-08-2025 09:35:41 [main] Log - WebDriver is null in onStart
[INFO] 22-08-2025 09:35:47 [main] Log - loginTest test is starting...
[INFO] 22-08-2025 09:35:51 [main] Log - loginTest test is passed.
[INFO] 22-08-2025 09:35:52 [main] Log - adminUserManagementTest test is starting...
[ERROR] 22-08-2025 09:36:24 [main] Log - adminUserManagementTest test is failed.
[ERROR] 22-08-2025 09:36:24 [main] Log - Screenshot captured for test case: adminUserManagementTest
[WARN] 22-08-2025 09:36:24 [main] Log - WebDriver is null, skipping screenshot
[INFO] 22-08-2025 09:36:27 [main] Log - End testing OrangeHrm
[INFO] 22-08-2025 09:45:02 [main] Log - Start testing OrangeHrm
[WARN] 22-08-2025 09:45:02 [main] Log - WebDriver is null in onStart
[INFO] 22-08-2025 09:45:08 [main] Log - loginTest test is starting...
[INFO] 22-08-2025 09:45:10 [main] Log - loginTest test is passed.
[INFO] 22-08-2025 09:45:11 [main] Log - adminUserManagementTest test is starting...
[ERROR] 22-08-2025 09:45:45 [main] Log - adminUserManagementTest test is failed.
[ERROR] 22-08-2025 09:45:45 [main] Log - Screenshot captured for test case: adminUserManagementTest
[WARN] 22-08-2025 09:45:45 [main] Log - WebDriver is null, skipping screenshot
[INFO] 22-08-2025 09:45:48 [main] Log - End testing OrangeHrm
[INFO] 22-08-2025 09:49:28 [main] Log - Start testing OrangeHrm
[WARN] 22-08-2025 09:49:28 [main] Log - WebDriver is null in onStart
[INFO] 22-08-2025 09:49:36 [main] Log - loginTest test is starting...
[INFO] 22-08-2025 09:49:40 [main] Log - loginTest test is passed.
[INFO] 22-08-2025 09:49:41 [main] Log - adminUserManagementTest test is starting...
[INFO] 22-08-2025 09:50:35 [main] Log - adminUserManagementTest test is passed.
[INFO] 22-08-2025 09:50:39 [main] Log - End testing OrangeHrm
[INFO] 22-08-2025 10:12:48 [main] Log - Start testing OrangeHrm
[WARN] 22-08-2025 10:12:48 [main] Log - WebDriver is null in onStart
[INFO] 22-08-2025 10:12:54 [main] Log - loginTest test is starting...
[INFO] 22-08-2025 10:12:57 [main] Log - loginTest test is passed.
[INFO] 22-08-2025 10:12:58 [main] Log - adminUserManagementTest test is starting...
[ERROR] 22-08-2025 10:13:22 [main] Log - adminUserManagementTest test is failed.
[ERROR] 22-08-2025 10:13:22 [main] Log - Screenshot captured for test case: adminUserManagementTest
[WARN] 22-08-2025 10:13:22 [main] Log - WebDriver is null, skipping screenshot
[INFO] 22-08-2025 10:13:26 [main] Log - End testing OrangeHrm
[INFO] 22-08-2025 10:15:09 [main] Log - Start testing OrangeHrm
[WARN] 22-08-2025 10:15:09 [main] Log - WebDriver is null in onStart
[INFO] 22-08-2025 10:15:14 [main] Log - loginTest test is starting...
[INFO] 22-08-2025 10:15:16 [main] Log - loginTest test is passed.
[INFO] 22-08-2025 10:15:17 [main] Log - adminUserManagementTest test is starting...
[ERROR] 22-08-2025 10:16:02 [main] Log - adminUserManagementTest test is failed.
[ERROR] 22-08-2025 10:16:02 [main] Log - Screenshot captured for test case: adminUserManagementTest
[WARN] 22-08-2025 10:16:02 [main] Log - WebDriver is null, skipping screenshot
[INFO] 22-08-2025 10:16:06 [main] Log - End testing OrangeHrm
[INFO] 22-08-2025 10:18:43 [main] Log - Start testing OrangeHrm
[WARN] 22-08-2025 10:18:43 [main] Log - WebDriver is null in onStart
[INFO] 22-08-2025 10:18:48 [main] Log - loginTest test is starting...
[INFO] 22-08-2025 10:18:50 [main] Log - loginTest test is passed.
[INFO] 22-08-2025 10:18:51 [main] Log - adminUserManagementTest test is starting...
[ERROR] 22-08-2025 10:19:16 [main] Log - adminUserManagementTest test is failed.
[ERROR] 22-08-2025 10:19:16 [main] Log - Screenshot captured for test case: adminUserManagementTest
[WARN] 22-08-2025 10:19:16 [main] Log - WebDriver is null, skipping screenshot
[INFO] 22-08-2025 10:19:20 [main] Log - End testing OrangeHrm
[INFO] 22-08-2025 10:20:49 [main] Log - Start testing OrangeHrm
[WARN] 22-08-2025 10:20:49 [main] Log - WebDriver is null in onStart
[INFO] 22-08-2025 10:20:54 [main] Log - loginTest test is starting...
[INFO] 22-08-2025 10:20:56 [main] Log - loginTest test is passed.
[INFO] 22-08-2025 10:20:57 [main] Log - adminUserManagementTest test is starting...
[ERROR] 22-08-2025 10:21:22 [main] Log - adminUserManagementTest test is failed.
[ERROR] 22-08-2025 10:21:22 [main] Log - Screenshot captured for test case: adminUserManagementTest
[WARN] 22-08-2025 10:21:22 [main] Log - WebDriver is null, skipping screenshot
[INFO] 22-08-2025 10:21:26 [main] Log - End testing OrangeHrm
[INFO] 22-08-2025 10:23:19 [main] Log - Start testing OrangeHrm
[WARN] 22-08-2025 10:23:19 [main] Log - WebDriver is null in onStart
[INFO] 22-08-2025 10:23:24 [main] Log - loginTest test is starting...
[INFO] 22-08-2025 10:23:27 [main] Log - loginTest test is passed.
[INFO] 22-08-2025 10:23:28 [main] Log - adminUserManagementTest test is starting...
[INFO] 22-08-2025 10:24:23 [main] Log - adminUserManagementTest test is passed.
[INFO] 22-08-2025 10:24:26 [main] Log - End testing OrangeHrm
[INFO] 22-08-2025 15:02:35 [main] Log - Start testing OrangeHrm
[WARN] 22-08-2025 15:02:35 [main] Log - WebDriver is null in onStart
[INFO] 22-08-2025 15:02:49 [main] Log - loginTest test is starting...
[INFO] 22-08-2025 15:02:53 [main] Log - loginTest test is passed.
[INFO] 22-08-2025 15:02:54 [main] Log - adminUserManagementTest test is starting...
[ERROR] 22-08-2025 15:03:32 [main] Log - adminUserManagementTest test is failed.
[ERROR] 22-08-2025 15:03:32 [main] Log - Screenshot captured for test case: adminUserManagementTest
[WARN] 22-08-2025 15:03:32 [main] Log - WebDriver is null, skipping screenshot
[INFO] 22-08-2025 15:03:35 [main] Log - End testing OrangeHrm
[INFO] 22-08-2025 15:07:00 [main] Log - Start testing OrangeHrm
[WARN] 22-08-2025 15:07:00 [main] Log - WebDriver is null in onStart
[INFO] 22-08-2025 15:07:08 [main] Log - loginTest test is starting...
[INFO] 22-08-2025 15:07:11 [main] Log - loginTest test is passed.
[INFO] 22-08-2025 15:07:12 [main] Log - adminUserManagementTest test is starting...
[ERROR] 22-08-2025 15:07:44 [main] Log - adminUserManagementTest test is failed.
[ERROR] 22-08-2025 15:07:44 [main] Log - Screenshot captured for test case: adminUserManagementTest
[WARN] 22-08-2025 15:07:44 [main] Log - WebDriver is null, skipping screenshot
[INFO] 22-08-2025 15:07:48 [main] Log - End testing OrangeHrm
[INFO] 22-08-2025 15:09:41 [main] Log - Start testing OrangeHrm
[WARN] 22-08-2025 15:09:41 [main] Log - WebDriver is null in onStart
[INFO] 22-08-2025 15:09:46 [main] Log - loginTest test is starting...
[INFO] 22-08-2025 15:09:51 [main] Log - loginTest test is passed.
[INFO] 22-08-2025 15:09:52 [main] Log - adminUserManagementTest test is starting...
[ERROR] 22-08-2025 15:10:33 [main] Log - adminUserManagementTest test is failed.
[ERROR] 22-08-2025 15:10:33 [main] Log - Screenshot captured for test case: adminUserManagementTest
[WARN] 22-08-2025 15:10:33 [main] Log - WebDriver is null, skipping screenshot
[INFO] 22-08-2025 15:10:36 [main] Log - End testing OrangeHrm
[INFO] 22-08-2025 15:11:11 [main] Log - Start testing OrangeHrm
[WARN] 22-08-2025 15:11:11 [main] Log - WebDriver is null in onStart
[INFO] 22-08-2025 15:11:20 [main] Log - loginTest test is starting...
[INFO] 22-08-2025 15:11:25 [main] Log - loginTest test is passed.
[INFO] 22-08-2025 15:11:26 [main] Log - adminUserManagementTest test is starting...
[ERROR] 22-08-2025 15:12:14 [main] Log - adminUserManagementTest test is failed.
[ERROR] 22-08-2025 15:12:14 [main] Log - Screenshot captured for test case: adminUserManagementTest
[WARN] 22-08-2025 15:12:14 [main] Log - WebDriver is null, skipping screenshot
[INFO] 22-08-2025 15:12:17 [main] Log - End testing OrangeHrm
[INFO] 22-08-2025 15:12:49 [main] Log - Start testing OrangeHrm
[WARN] 22-08-2025 15:12:49 [main] Log - WebDriver is null in onStart
[INFO] 22-08-2025 15:13:03 [main] Log - loginTest test is starting...
[INFO] 22-08-2025 15:13:08 [main] Log - loginTest test is passed.
[INFO] 22-08-2025 15:13:09 [main] Log - adminUserManagementTest test is starting...
[ERROR] 22-08-2025 15:13:26 [main] Log - adminUserManagementTest test is failed.
[ERROR] 22-08-2025 15:13:26 [main] Log - Screenshot captured for test case: adminUserManagementTest
[WARN] 22-08-2025 15:13:26 [main] Log - WebDriver is null, skipping screenshot
[INFO] 22-08-2025 15:13:29 [main] Log - End testing OrangeHrm
[INFO] 22-08-2025 15:13:46 [main] Log - Start testing OrangeHrm
[WARN] 22-08-2025 15:13:46 [main] Log - WebDriver is null in onStart
[INFO] 22-08-2025 15:13:50 [main] Log - loginTest test is starting...
[INFO] 22-08-2025 15:14:02 [main] Log - loginTest test is passed.
[INFO] 22-08-2025 15:14:03 [main] Log - adminUserManagementTest test is starting...
[ERROR] 22-08-2025 15:14:25 [main] Log - adminUserManagementTest test is failed.
[ERROR] 22-08-2025 15:14:25 [main] Log - Screenshot captured for test case: adminUserManagementTest
[WARN] 22-08-2025 15:14:25 [main] Log - WebDriver is null, skipping screenshot
[INFO] 22-08-2025 15:14:28 [main] Log - End testing OrangeHrm
[INFO] 22-08-2025 15:16:00 [main] Log - Start testing OrangeHrm
[WARN] 22-08-2025 15:16:00 [main] Log - WebDriver is null in onStart
[INFO] 22-08-2025 15:16:43 [main] Log - Start testing OrangeHrm
[WARN] 22-08-2025 15:16:43 [main] Log - WebDriver is null in onStart
[INFO] 22-08-2025 15:16:50 [main] Log - loginTest test is starting...
[INFO] 22-08-2025 15:16:56 [main] Log - loginTest test is passed.
[INFO] 22-08-2025 15:16:57 [main] Log - adminUserManagementTest test is starting...
[ERROR] 22-08-2025 15:17:53 [main] Log - adminUserManagementTest test is failed.
[ERROR] 22-08-2025 15:17:53 [main] Log - Screenshot captured for test case: adminUserManagementTest
[WARN] 22-08-2025 15:17:53 [main] Log - WebDriver is null, skipping screenshot
[INFO] 22-08-2025 15:17:56 [main] Log - End testing OrangeHrm
[INFO] 22-08-2025 15:19:34 [main] Log - Start testing OrangeHrm
[WARN] 22-08-2025 15:19:34 [main] Log - WebDriver is null in onStart
[INFO] 22-08-2025 15:19:38 [main] Log - loginTest test is starting...
[INFO] 22-08-2025 15:19:42 [main] Log - loginTest test is passed.
[INFO] 22-08-2025 15:19:43 [main] Log - adminUserManagementTest test is starting...
[INFO] 22-08-2025 15:20:41 [main] Log - adminUserManagementTest test is passed.
[INFO] 22-08-2025 15:20:45 [main] Log - End testing OrangeHrm
[INFO] 22-08-2025 15:42:20 [main] Log - Start testing OrangeHrm
[WARN] 22-08-2025 15:42:20 [main] Log - WebDriver is null in onStart
[INFO] 22-08-2025 15:42:27 [main] Log - loginTest test is starting...
[INFO] 22-08-2025 15:42:31 [main] Log - loginTest test is passed.
[INFO] 22-08-2025 15:42:32 [main] Log - adminUserManagementTest test is starting...
[INFO] 22-08-2025 15:43:33 [main] Log - adminUserManagementTest test is passed.
[INFO] 22-08-2025 15:43:36 [main] Log - End testing OrangeHrm
[INFO] 22-08-2025 19:06:21 [main] Log - Start testing OrangeHrm
[WARN] 22-08-2025 19:06:21 [main] Log - WebDriver is null in onStart
[INFO] 22-08-2025 19:06:28 [main] Log - loginTest test is starting...
[INFO] 22-08-2025 19:06:31 [main] Log - loginTest test is passed.
[INFO] 22-08-2025 19:06:32 [main] Log - adminUserManagementTest test is starting...
[INFO] 22-08-2025 19:07:29 [main] Log - adminUserManagementTest test is passed.
[INFO] 22-08-2025 19:07:32 [main] Log - End testing OrangeHrm
[INFO] 22-08-2025 19:20:45 [main] Log - Start testing OrangeHrm
[WARN] 22-08-2025 19:20:45 [main] Log - WebDriver is null in onStart
[INFO] 22-08-2025 19:20:53 [main] Log - loginTest test is starting...
[INFO] 22-08-2025 19:20:57 [main] Log - loginTest test is passed.
[INFO] 22-08-2025 19:20:58 [main] Log - adminUserManagementTest test is starting...
[INFO] 22-08-2025 19:21:57 [main] Log - adminUserManagementTest test is passed.
[INFO] 22-08-2025 19:22:00 [main] Log - End testing OrangeHrm
[INFO] 22-08-2025 19:57:35 [main] Log - Start testing OrangeHrm
[WARN] 22-08-2025 19:57:35 [main] Log - WebDriver is null in onStart
[INFO] 22-08-2025 19:57:40 [main] Log - loginTest test is starting...
[ERROR] 22-08-2025 19:57:40 [main] Log - loginTest test is failed.
[ERROR] 22-08-2025 19:57:40 [main] Log - Screenshot captured for test case: loginTest
[WARN] 22-08-2025 19:57:40 [main] Log - WebDriver is null, skipping screenshot
[INFO] 22-08-2025 19:57:41 [main] Log - adminUserManagementTest test is starting...
[ERROR] 22-08-2025 19:57:41 [main] Log - adminUserManagementTest test is failed.
[ERROR] 22-08-2025 19:57:41 [main] Log - Screenshot captured for test case: adminUserManagementTest
[WARN] 22-08-2025 19:57:41 [main] Log - WebDriver is null, skipping screenshot
[INFO] 22-08-2025 19:57:50 [main] Log - loginTest test is starting...
[INFO] 22-08-2025 19:57:54 [main] Log - loginTest test is passed.
[INFO] 22-08-2025 19:57:55 [main] Log - adminJobTitleTest test is starting...
[ERROR] 22-08-2025 19:57:55 [main] Log - adminJobTitleTest test is failed.
[ERROR] 22-08-2025 19:57:55 [main] Log - Screenshot captured for test case: adminJobTitleTest
[WARN] 22-08-2025 19:57:55 [main] Log - WebDriver is null, skipping screenshot
[INFO] 22-08-2025 19:57:58 [main] Log - End testing OrangeHrm
[INFO] 22-08-2025 19:59:14 [main] Log - Start testing OrangeHrm
[WARN] 22-08-2025 19:59:14 [main] Log - WebDriver is null in onStart
[INFO] 22-08-2025 19:59:21 [main] Log - loginTest test is starting...
[INFO] 22-08-2025 19:59:26 [main] Log - loginTest test is passed.
[INFO] 22-08-2025 19:59:27 [main] Log - adminJobTitleTest test is starting...
[ERROR] 22-08-2025 19:59:27 [main] Log - adminJobTitleTest test is failed.
[ERROR] 22-08-2025 19:59:27 [main] Log - Screenshot captured for test case: adminJobTitleTest
[WARN] 22-08-2025 19:59:27 [main] Log - WebDriver is null, skipping screenshot
[INFO] 22-08-2025 19:59:30 [main] Log - End testing OrangeHrm
[INFO] 22-08-2025 20:03:47 [main] Log - Start testing OrangeHrm
[WARN] 22-08-2025 20:03:47 [main] Log - WebDriver is null in onStart
[INFO] 22-08-2025 20:03:55 [main] Log - loginTest test is starting...
[INFO] 22-08-2025 20:04:00 [main] Log - loginTest test is passed.
[INFO] 22-08-2025 20:04:01 [main] Log - adminJobTitleTest test is starting...
[INFO] 22-08-2025 20:04:04 [main] Log - adminJobTitleTest test is passed.
[INFO] 22-08-2025 20:04:10 [main] Log - End testing OrangeHrm
[INFO] 22-08-2025 22:38:56 [main] Log - Start testing OrangeHrm
[WARN] 22-08-2025 22:38:56 [main] Log - WebDriver is null in onStart
[INFO] 22-08-2025 22:39:02 [main] Log - loginTest test is starting...
[INFO] 22-08-2025 22:39:08 [main] Log - loginTest test is passed.
[INFO] 22-08-2025 22:39:09 [main] Log - adminUserManagementTest test is starting...
[INFO] 22-08-2025 22:40:08 [main] Log - adminUserManagementTest test is passed.
[INFO] 22-08-2025 22:40:12 [main] Log - End testing OrangeHrm
[INFO] 22-08-2025 23:52:19 [main] Log - Start testing OrangeHrm
[WARN] 22-08-2025 23:52:19 [main] Log - WebDriver is null in onStart
[INFO] 22-08-2025 23:52:25 [main] Log - loginTest test is starting...
[INFO] 22-08-2025 23:52:30 [main] Log - loginTest test is passed.
[INFO] 22-08-2025 23:52:31 [main] Log - adminJobTitleTest test is starting...
[ERROR] 22-08-2025 23:52:45 [main] Log - adminJobTitleTest test is failed.
[ERROR] 22-08-2025 23:52:45 [main] Log - Screenshot captured for test case: adminJobTitleTest
[WARN] 22-08-2025 23:52:45 [main] Log - WebDriver is null, skipping screenshot
[INFO] 22-08-2025 23:52:49 [main] Log - End testing OrangeHrm
[INFO] 22-08-2025 23:53:41 [main] Log - Start testing OrangeHrm
[WARN] 22-08-2025 23:53:41 [main] Log - WebDriver is null in onStart
[INFO] 22-08-2025 23:53:50 [main] Log - loginTest test is starting...
[INFO] 22-08-2025 23:53:55 [main] Log - loginTest test is passed.
[INFO] 22-08-2025 23:53:56 [main] Log - adminJobTitleTest test is starting...
[ERROR] 22-08-2025 23:54:13 [main] Log - adminJobTitleTest test is failed.
[ERROR] 22-08-2025 23:54:13 [main] Log - Screenshot captured for test case: adminJobTitleTest
[WARN] 22-08-2025 23:54:13 [main] Log - WebDriver is null, skipping screenshot
[INFO] 22-08-2025 23:54:17 [main] Log - End testing OrangeHrm
[INFO] 22-08-2025 23:59:43 [main] Log - Start testing OrangeHrm
[WARN] 22-08-2025 23:59:43 [main] Log - WebDriver is null in onStart
[INFO] 22-08-2025 23:59:51 [main] Log - loginTest test is starting...
[INFO] 22-08-2025 23:59:54 [main] Log - loginTest test is passed.
[INFO] 22-08-2025 23:59:55 [main] Log - adminJobTitleTest test is starting...
[ERROR] 23-08-2025 00:00:11 [main] Log - adminJobTitleTest test is failed.
[ERROR] 23-08-2025 00:00:11 [main] Log - Screenshot captured for test case: adminJobTitleTest
[WARN] 23-08-2025 00:00:11 [main] Log - WebDriver is null, skipping screenshot
[INFO] 23-08-2025 00:00:14 [main] Log - End testing OrangeHrm
[INFO] 23-08-2025 00:02:42 [main] Log - Start testing OrangeHrm
[WARN] 23-08-2025 00:02:42 [main] Log - WebDriver is null in onStart
[INFO] 23-08-2025 00:02:49 [main] Log - loginTest test is starting...
[INFO] 23-08-2025 00:02:52 [main] Log - loginTest test is passed.
[INFO] 23-08-2025 00:02:53 [main] Log - adminJobTitleTest test is starting...
[ERROR] 23-08-2025 00:02:56 [main] Log - adminJobTitleTest test is failed.
[ERROR] 23-08-2025 00:02:56 [main] Log - Screenshot captured for test case: adminJobTitleTest
[WARN] 23-08-2025 00:02:56 [main] Log - WebDriver is null, skipping screenshot
[INFO] 23-08-2025 00:03:00 [main] Log - End testing OrangeHrm
[INFO] 23-08-2025 00:04:20 [main] Log - Start testing OrangeHrm
[WARN] 23-08-2025 00:04:20 [main] Log - WebDriver is null in onStart
[INFO] 23-08-2025 00:04:30 [main] Log - loginTest test is starting...
[INFO] 23-08-2025 00:04:34 [main] Log - loginTest test is passed.
[INFO] 23-08-2025 00:04:36 [main] Log - adminJobTitleTest test is starting...
[ERROR] 23-08-2025 00:04:44 [main] Log - adminJobTitleTest test is failed.
[ERROR] 23-08-2025 00:04:44 [main] Log - Screenshot captured for test case: adminJobTitleTest
[WARN] 23-08-2025 00:04:44 [main] Log - WebDriver is null, skipping screenshot
[INFO] 23-08-2025 00:04:48 [main] Log - End testing OrangeHrm
[INFO] 23-08-2025 00:06:15 [main] Log - Start testing OrangeHrm
[WARN] 23-08-2025 00:06:15 [main] Log - WebDriver is null in onStart
[INFO] 23-08-2025 00:06:21 [main] Log - loginTest test is starting...
[INFO] 23-08-2025 00:06:27 [main] Log - loginTest test is passed.
[INFO] 23-08-2025 00:06:28 [main] Log - adminJobTitleTest test is starting...
[INFO] 23-08-2025 00:06:35 [main] Log - adminJobTitleTest test is passed.
[INFO] 23-08-2025 00:06:39 [main] Log - End testing OrangeHrm
[INFO] 23-08-2025 10:07:40 [main] Log - Start testing OrangeHrm
[WARN] 23-08-2025 10:07:40 [main] Log - WebDriver is null in onStart
[INFO] 23-08-2025 10:07:46 [main] Log - loginTest test is starting...
[INFO] 23-08-2025 10:07:54 [main] Log - loginTest test is passed.
[INFO] 23-08-2025 10:07:55 [main] Log - adminJobTitleTest test is starting...
[ERROR] 23-08-2025 10:08:12 [main] Log - adminJobTitleTest test is failed.
[ERROR] 23-08-2025 10:08:12 [main] Log - Screenshot captured for test case: adminJobTitleTest
[WARN] 23-08-2025 10:08:12 [main] Log - WebDriver is null, skipping screenshot
[INFO] 23-08-2025 10:08:16 [main] Log - End testing OrangeHrm
[INFO] 23-08-2025 10:13:55 [main] Log - Start testing OrangeHrm
[WARN] 23-08-2025 10:13:55 [main] Log - WebDriver is null in onStart
[INFO] 23-08-2025 10:14:04 [main] Log - loginTest test is starting...
[INFO] 23-08-2025 10:14:08 [main] Log - loginTest test is passed.
[INFO] 23-08-2025 10:14:09 [main] Log - adminJobTitleTest test is starting...
[ERROR] 23-08-2025 10:14:22 [main] Log - adminJobTitleTest test is failed.
[ERROR] 23-08-2025 10:14:22 [main] Log - Screenshot captured for test case: adminJobTitleTest
[WARN] 23-08-2025 10:14:22 [main] Log - WebDriver is null, skipping screenshot
[INFO] 23-08-2025 10:14:26 [main] Log - End testing OrangeHrm
[INFO] 23-08-2025 10:19:22 [main] Log - Start testing OrangeHrm
[WARN] 23-08-2025 10:19:22 [main] Log - WebDriver is null in onStart
[INFO] 23-08-2025 10:19:27 [main] Log - loginTest test is starting...
[INFO] 23-08-2025 10:19:33 [main] Log - loginTest test is passed.
[INFO] 23-08-2025 10:19:34 [main] Log - adminJobTitleTest test is starting...
[INFO] 23-08-2025 10:19:51 [main] Log - adminJobTitleTest test is passed.
[INFO] 23-08-2025 10:19:54 [main] Log - End testing OrangeHrm
[INFO] 23-08-2025 10:23:04 [main] Log - Start testing OrangeHrm
[WARN] 23-08-2025 10:23:04 [main] Log - WebDriver is null in onStart
[INFO] 23-08-2025 10:23:14 [main] Log - loginTest test is starting...
[INFO] 23-08-2025 10:23:18 [main] Log - loginTest test is passed.
[INFO] 23-08-2025 10:23:19 [main] Log - adminJobTitleTest test is starting...
[INFO] 23-08-2025 10:23:37 [main] Log - adminJobTitleTest test is passed.
[INFO] 23-08-2025 10:23:40 [main] Log - End testing OrangeHrm
[INFO] 23-08-2025 10:28:22 [main] Log - Start testing OrangeHrm
[WARN] 23-08-2025 10:28:22 [main] Log - WebDriver is null in onStart
[INFO] 23-08-2025 10:28:31 [main] Log - loginTest test is starting...
[INFO] 23-08-2025 10:28:35 [main] Log - loginTest test is passed.
[INFO] 23-08-2025 10:28:37 [main] Log - adminJobTitleTest test is starting...
[INFO] 23-08-2025 10:28:56 [main] Log - adminJobTitleTest test is passed.
[INFO] 23-08-2025 10:29:00 [main] Log - End testing OrangeHrm
[INFO] 23-08-2025 10:33:04 [main] Log - Start testing OrangeHrm
[WARN] 23-08-2025 10:33:04 [main] Log - WebDriver is null in onStart
[INFO] 23-08-2025 10:33:13 [main] Log - loginTest test is starting...
[INFO] 23-08-2025 10:33:17 [main] Log - loginTest test is passed.
[INFO] 23-08-2025 10:33:18 [main] Log - adminJobTitleTest test is starting...
[INFO] 23-08-2025 10:33:43 [main] Log - adminJobTitleTest test is passed.
[INFO] 23-08-2025 10:33:46 [main] Log - End testing OrangeHrm
[INFO] 23-08-2025 11:07:36 [main] Log - Start testing OrangeHrm
[WARN] 23-08-2025 11:07:36 [main] Log - WebDriver is null in onStart
[INFO] 23-08-2025 11:07:41 [main] Log - loginTest test is starting...
[INFO] 23-08-2025 11:07:46 [main] Log - loginTest test is passed.
[INFO] 23-08-2025 11:07:47 [main] Log - adminJobTitleTest test is starting...
[INFO] 23-08-2025 11:08:01 [main] Log - adminJobTitleTest test is passed.
[INFO] 23-08-2025 11:08:04 [main] Log - End testing OrangeHrm
[INFO] 23-08-2025 11:09:47 [main] Log - Start testing OrangeHrm
[WARN] 23-08-2025 11:09:47 [main] Log - WebDriver is null in onStart
[INFO] 23-08-2025 11:09:55 [main] Log - loginTest test is starting...
[INFO] 23-08-2025 11:09:57 [main] Log - loginTest test is passed.
[INFO] 23-08-2025 11:09:58 [main] Log - adminJobTitleTest test is starting...
[ERROR] 23-08-2025 11:10:36 [main] Log - adminJobTitleTest test is failed.
[ERROR] 23-08-2025 11:10:36 [main] Log - Screenshot captured for test case: adminJobTitleTest
[WARN] 23-08-2025 11:10:36 [main] Log - WebDriver is null, skipping screenshot
[INFO] 23-08-2025 11:10:39 [main] Log - End testing OrangeHrm
[INFO] 23-08-2025 11:16:36 [main] Log - Start testing OrangeHrm
[WARN] 23-08-2025 11:16:36 [main] Log - WebDriver is null in onStart
[INFO] 23-08-2025 11:16:45 [main] Log - loginTest test is starting...
[INFO] 23-08-2025 11:16:50 [main] Log - loginTest test is passed.
[INFO] 23-08-2025 11:16:51 [main] Log - adminJobTitleTest test is starting...
[ERROR] 23-08-2025 11:17:29 [main] Log - adminJobTitleTest test is failed.
[ERROR] 23-08-2025 11:17:29 [main] Log - Screenshot captured for test case: adminJobTitleTest
[WARN] 23-08-2025 11:17:29 [main] Log - WebDriver is null, skipping screenshot
[INFO] 23-08-2025 11:17:32 [main] Log - End testing OrangeHrm
[INFO] 23-08-2025 14:06:32 [main] Log - Start testing OrangeHrm
[WARN] 23-08-2025 14:06:32 [main] Log - WebDriver is null in onStart
[INFO] 23-08-2025 14:06:46 [main] Log - loginTest test is starting...
[INFO] 23-08-2025 14:06:50 [main] Log - loginTest test is passed.
[INFO] 23-08-2025 14:06:51 [main] Log - adminJobTitleTest test is starting...
[INFO] 23-08-2025 14:07:23 [main] Log - adminJobTitleTest test is passed.
[INFO] 23-08-2025 14:07:26 [main] Log - End testing OrangeHrm
[INFO] 23-08-2025 14:37:03 [main] Log - Start testing OrangeHrm
[WARN] 23-08-2025 14:37:03 [main] Log - WebDriver is null in onStart
[INFO] 23-08-2025 14:37:07 [main] Log - loginTest test is starting...
[INFO] 23-08-2025 14:37:17 [main] Log - loginTest test is passed.
[INFO] 23-08-2025 14:37:18 [main] Log - adminJobTitleTest test is starting...
[ERROR] 23-08-2025 14:38:11 [main] Log - adminJobTitleTest test is failed.
[ERROR] 23-08-2025 14:38:11 [main] Log - Screenshot captured for test case: adminJobTitleTest
[WARN] 23-08-2025 14:38:11 [main] Log - WebDriver is null, skipping screenshot
[INFO] 23-08-2025 14:38:14 [main] Log - End testing OrangeHrm
[INFO] 23-08-2025 14:44:11 [main] Log - Start testing OrangeHrm
[WARN] 23-08-2025 14:44:11 [main] Log - WebDriver is null in onStart
[INFO] 23-08-2025 14:44:23 [main] Log - loginTest test is starting...
[INFO] 23-08-2025 14:44:28 [main] Log - loginTest test is passed.
[INFO] 23-08-2025 14:44:29 [main] Log - adminJobTitleTest test is starting...
[ERROR] 23-08-2025 14:45:08 [main] Log - adminJobTitleTest test is failed.
[ERROR] 23-08-2025 14:45:08 [main] Log - Screenshot captured for test case: adminJobTitleTest
[WARN] 23-08-2025 14:45:08 [main] Log - WebDriver is null, skipping screenshot
[INFO] 23-08-2025 14:45:11 [main] Log - End testing OrangeHrm
[INFO] 23-08-2025 14:50:25 [main] Log - Start testing OrangeHrm
[WARN] 23-08-2025 14:50:25 [main] Log - WebDriver is null in onStart
[INFO] 23-08-2025 14:50:34 [main] Log - loginTest test is starting...
[INFO] 23-08-2025 14:50:38 [main] Log - loginTest test is passed.
[INFO] 23-08-2025 14:50:39 [main] Log - adminJobTitleTest test is starting...
[ERROR] 23-08-2025 14:51:26 [main] Log - adminJobTitleTest test is failed.
[ERROR] 23-08-2025 14:51:26 [main] Log - Screenshot captured for test case: adminJobTitleTest
[WARN] 23-08-2025 14:51:26 [main] Log - WebDriver is null, skipping screenshot
[INFO] 23-08-2025 14:51:30 [main] Log - End testing OrangeHrm
[INFO] 23-08-2025 14:58:41 [main] Log - Start testing OrangeHrm
[WARN] 23-08-2025 14:58:41 [main] Log - WebDriver is null in onStart
[INFO] 23-08-2025 14:58:51 [main] Log - loginTest test is starting...
[INFO] 23-08-2025 14:58:56 [main] Log - loginTest test is passed.
[INFO] 23-08-2025 14:58:57 [main] Log - adminJobTitleTest test is starting...
[ERROR] 23-08-2025 14:59:38 [main] Log - adminJobTitleTest test is failed.
[ERROR] 23-08-2025 14:59:38 [main] Log - Screenshot captured for test case: adminJobTitleTest
[WARN] 23-08-2025 14:59:38 [main] Log - WebDriver is null, skipping screenshot
[INFO] 23-08-2025 14:59:42 [main] Log - End testing OrangeHrm
[INFO] 23-08-2025 15:00:05 [main] Log - Start testing OrangeHrm
[WARN] 23-08-2025 15:00:05 [main] Log - WebDriver is null in onStart
[INFO] 23-08-2025 15:00:16 [main] Log - loginTest test is starting...
[INFO] 23-08-2025 15:00:21 [main] Log - loginTest test is passed.
[INFO] 23-08-2025 15:00:22 [main] Log - adminJobTitleTest test is starting...
[ERROR] 23-08-2025 15:01:01 [main] Log - adminJobTitleTest test is failed.
[ERROR] 23-08-2025 15:01:01 [main] Log - Screenshot captured for test case: adminJobTitleTest
[WARN] 23-08-2025 15:01:01 [main] Log - WebDriver is null, skipping screenshot
[INFO] 23-08-2025 15:01:05 [main] Log - End testing OrangeHrm
[INFO] 23-08-2025 15:07:03 [main] Log - Start testing OrangeHrm
[WARN] 23-08-2025 15:07:03 [main] Log - WebDriver is null in onStart
[INFO] 23-08-2025 15:07:11 [main] Log - loginTest test is starting...
[INFO] 23-08-2025 15:07:33 [main] Log - loginTest test is passed.
[INFO] 23-08-2025 15:07:34 [main] Log - adminJobTitleTest test is starting...
[ERROR] 23-08-2025 15:08:08 [main] Log - adminJobTitleTest test is failed.
[ERROR] 23-08-2025 15:08:08 [main] Log - Screenshot captured for test case: adminJobTitleTest
[WARN] 23-08-2025 15:08:08 [main] Log - WebDriver is null, skipping screenshot
[INFO] 23-08-2025 15:08:12 [main] Log - End testing OrangeHrm
[INFO] 23-08-2025 15:08:56 [main] Log - Start testing OrangeHrm
[WARN] 23-08-2025 15:08:56 [main] Log - WebDriver is null in onStart
[INFO] 23-08-2025 15:09:06 [main] Log - loginTest test is starting...
[INFO] 23-08-2025 15:09:11 [main] Log - loginTest test is passed.
[INFO] 23-08-2025 15:09:12 [main] Log - adminJobTitleTest test is starting...
[ERROR] 23-08-2025 15:09:55 [main] Log - adminJobTitleTest test is failed.
[ERROR] 23-08-2025 15:09:55 [main] Log - Screenshot captured for test case: adminJobTitleTest
[WARN] 23-08-2025 15:09:55 [main] Log - WebDriver is null, skipping screenshot
[INFO] 23-08-2025 15:09:58 [main] Log - End testing OrangeHrm
[INFO] 23-08-2025 15:22:55 [main] Log - Start testing OrangeHrm
[WARN] 23-08-2025 15:22:55 [main] Log - WebDriver is null in onStart
[INFO] 23-08-2025 15:22:59 [main] Log - loginTest test is starting...
[INFO] 23-08-2025 15:23:08 [main] Log - loginTest test is passed.
[INFO] 23-08-2025 15:23:09 [main] Log - adminJobTitleTest test is starting...
[ERROR] 23-08-2025 15:23:44 [main] Log - adminJobTitleTest test is failed.
[ERROR] 23-08-2025 15:23:44 [main] Log - Screenshot captured for test case: adminJobTitleTest
[WARN] 23-08-2025 15:23:44 [main] Log - WebDriver is null, skipping screenshot
[INFO] 23-08-2025 15:23:48 [main] Log - End testing OrangeHrm
[INFO] 23-08-2025 15:25:22 [main] Log - Start testing OrangeHrm
[WARN] 23-08-2025 15:25:22 [main] Log - WebDriver is null in onStart
[INFO] 23-08-2025 15:25:32 [main] Log - loginTest test is starting...
[INFO] 23-08-2025 15:25:37 [main] Log - loginTest test is passed.
[INFO] 23-08-2025 15:25:38 [main] Log - adminJobTitleTest test is starting...
[ERROR] 23-08-2025 15:26:19 [main] Log - adminJobTitleTest test is failed.
[ERROR] 23-08-2025 15:26:19 [main] Log - Screenshot captured for test case: adminJobTitleTest
[WARN] 23-08-2025 15:26:19 [main] Log - WebDriver is null, skipping screenshot
[INFO] 23-08-2025 15:26:22 [main] Log - End testing OrangeHrm
[INFO] 23-08-2025 15:29:15 [main] Log - Start testing OrangeHrm
[WARN] 23-08-2025 15:29:15 [main] Log - WebDriver is null in onStart
[INFO] 23-08-2025 15:29:21 [main] Log - loginTest test is starting...
[INFO] 23-08-2025 15:29:24 [main] Log - loginTest test is passed.
[INFO] 23-08-2025 15:29:25 [main] Log - adminJobTitleTest test is starting...
[ERROR] 23-08-2025 15:29:58 [main] Log - adminJobTitleTest test is failed.
[ERROR] 23-08-2025 15:29:58 [main] Log - Screenshot captured for test case: adminJobTitleTest
[WARN] 23-08-2025 15:29:58 [main] Log - WebDriver is null, skipping screenshot
[INFO] 23-08-2025 15:30:02 [main] Log - End testing OrangeHrm
[INFO] 23-08-2025 15:33:49 [main] Log - Start testing OrangeHrm
[WARN] 23-08-2025 15:33:49 [main] Log - WebDriver is null in onStart
[INFO] 23-08-2025 15:33:55 [main] Log - loginTest test is starting...
[INFO] 23-08-2025 15:33:58 [main] Log - loginTest test is passed.
[INFO] 23-08-2025 15:33:59 [main] Log - adminJobTitleTest test is starting...
[INFO] 23-08-2025 15:34:37 [main] Log - adminJobTitleTest test is passed.
[INFO] 23-08-2025 15:34:40 [main] Log - End testing OrangeHrm
[INFO] 23-08-2025 15:35:20 [main] Log - Start testing OrangeHrm
[WARN] 23-08-2025 15:35:20 [main] Log - WebDriver is null in onStart
[INFO] 23-08-2025 15:35:26 [main] Log - loginTest test is starting...
[INFO] 23-08-2025 15:35:29 [main] Log - loginTest test is passed.
[INFO] 23-08-2025 15:35:30 [main] Log - adminJobTitleTest test is starting...
[INFO] 23-08-2025 15:36:08 [main] Log - adminJobTitleTest test is passed.
[INFO] 23-08-2025 15:36:11 [main] Log - End testing OrangeHrm
[INFO] 23-08-2025 15:41:26 [main] Log - Start testing OrangeHrm
[WARN] 23-08-2025 15:41:26 [main] Log - WebDriver is null in onStart
[INFO] 23-08-2025 15:41:35 [TestNG-test-OrangeHrm-1] Log - loginTest test is starting...
[INFO] 23-08-2025 15:41:36 [TestNG-test-OrangeHrm-2] Log - loginTest test is starting...
[ERROR] 23-08-2025 15:41:41 [TestNG-test-OrangeHrm-2] Log - loginTest test is failed.
[ERROR] 23-08-2025 15:41:41 [TestNG-test-OrangeHrm-2] Log - Screenshot captured for test case: loginTest
[WARN] 23-08-2025 15:41:41 [TestNG-test-OrangeHrm-2] Log - WebDriver is null, skipping screenshot
[ERROR] 23-08-2025 15:41:59 [TestNG-test-OrangeHrm-1] Log - loginTest test is failed.
[ERROR] 23-08-2025 15:41:59 [TestNG-test-OrangeHrm-1] Log - Screenshot captured for test case: loginTest
[WARN] 23-08-2025 15:41:59 [TestNG-test-OrangeHrm-1] Log - WebDriver is null, skipping screenshot
[INFO] 23-08-2025 15:42:00 [TestNG-test-OrangeHrm-2] Log - adminJobTitleTest test is starting...
[ERROR] 23-08-2025 15:42:00 [TestNG-test-OrangeHrm-2] Log - adminJobTitleTest test is failed.
[ERROR] 23-08-2025 15:42:00 [TestNG-test-OrangeHrm-2] Log - Screenshot captured for test case: adminJobTitleTest
[WARN] 23-08-2025 15:42:00 [TestNG-test-OrangeHrm-2] Log - WebDriver is null, skipping screenshot
[INFO] 23-08-2025 15:42:00 [TestNG-test-OrangeHrm-1] Log - adminUserManagementTest test is starting...
[ERROR] 23-08-2025 15:42:00 [TestNG-test-OrangeHrm-1] Log - adminUserManagementTest test is failed.
[ERROR] 23-08-2025 15:42:00 [TestNG-test-OrangeHrm-1] Log - Screenshot captured for test case: adminUserManagementTest
[WARN] 23-08-2025 15:42:00 [TestNG-test-OrangeHrm-1] Log - WebDriver is null, skipping screenshot
[INFO] 23-08-2025 15:42:04 [main] Log - End testing OrangeHrm
[INFO] 23-08-2025 15:42:26 [main] Log - Start testing OrangeHrm
[WARN] 23-08-2025 15:42:26 [main] Log - WebDriver is null in onStart
[INFO] 23-08-2025 15:42:30 [TestNG-test-OrangeHrm-2] Log - loginTest test is starting...
[INFO] 23-08-2025 15:42:33 [TestNG-test-OrangeHrm-1] Log - loginTest test is starting...
[ERROR] 23-08-2025 15:42:36 [TestNG-test-OrangeHrm-1] Log - loginTest test is failed.
[ERROR] 23-08-2025 15:42:36 [TestNG-test-OrangeHrm-1] Log - Screenshot captured for test case: loginTest
[WARN] 23-08-2025 15:42:36 [TestNG-test-OrangeHrm-1] Log - WebDriver is null, skipping screenshot
[ERROR] 23-08-2025 15:42:46 [TestNG-test-OrangeHrm-2] Log - loginTest test is failed.
[ERROR] 23-08-2025 15:42:46 [TestNG-test-OrangeHrm-2] Log - Screenshot captured for test case: loginTest
[WARN] 23-08-2025 15:42:46 [TestNG-test-OrangeHrm-2] Log - WebDriver is null, skipping screenshot
[INFO] 23-08-2025 15:42:46 [TestNG-test-OrangeHrm-1] Log - adminUserManagementTest test is starting...
[ERROR] 23-08-2025 15:42:46 [TestNG-test-OrangeHrm-1] Log - adminUserManagementTest test is failed.
[ERROR] 23-08-2025 15:42:46 [TestNG-test-OrangeHrm-1] Log - Screenshot captured for test case: adminUserManagementTest
[WARN] 23-08-2025 15:42:46 [TestNG-test-OrangeHrm-1] Log - WebDriver is null, skipping screenshot
[INFO] 23-08-2025 15:42:47 [TestNG-test-OrangeHrm-2] Log - adminJobTitleTest test is starting...
[ERROR] 23-08-2025 15:42:47 [TestNG-test-OrangeHrm-2] Log - adminJobTitleTest test is failed.
[ERROR] 23-08-2025 15:42:47 [TestNG-test-OrangeHrm-2] Log - Screenshot captured for test case: adminJobTitleTest
[WARN] 23-08-2025 15:42:47 [TestNG-test-OrangeHrm-2] Log - WebDriver is null, skipping screenshot
[INFO] 23-08-2025 15:42:50 [main] Log - End testing OrangeHrm
[INFO] 23-08-2025 15:59:41 [main] Log - Start testing OrangeHrm
[WARN] 23-08-2025 15:59:41 [main] Log - WebDriver is null in onStart
[INFO] 23-08-2025 15:59:50 [TestNG-test-OrangeHrm-1] Log - loginTest test is starting...
[INFO] 23-08-2025 15:59:50 [TestNG-test-OrangeHrm-2] Log - loginTest test is starting...
[INFO] 23-08-2025 15:59:54 [TestNG-test-OrangeHrm-1] Log - loginTest test is passed.
[INFO] 23-08-2025 15:59:56 [TestNG-test-OrangeHrm-2] Log - loginTest test is passed.
[INFO] 23-08-2025 16:00:02 [TestNG-test-OrangeHrm-1] Log - adminUserManagementTest test is starting...
[INFO] 23-08-2025 16:00:09 [TestNG-test-OrangeHrm-2] Log - adminJobTitleTest test is starting...
[ERROR] 23-08-2025 16:00:22 [TestNG-test-OrangeHrm-1] Log - adminUserManagementTest test is failed.
[ERROR] 23-08-2025 16:00:22 [TestNG-test-OrangeHrm-1] Log - Screenshot captured for test case: adminUserManagementTest
[WARN] 23-08-2025 16:00:22 [TestNG-test-OrangeHrm-1] Log - WebDriver is null, skipping screenshot
[ERROR] 23-08-2025 16:00:29 [TestNG-test-OrangeHrm-2] Log - adminJobTitleTest test is failed.
[ERROR] 23-08-2025 16:00:29 [TestNG-test-OrangeHrm-2] Log - Screenshot captured for test case: adminJobTitleTest
[WARN] 23-08-2025 16:00:29 [TestNG-test-OrangeHrm-2] Log - WebDriver is null, skipping screenshot
[INFO] 23-08-2025 16:00:31 [main] Log - End testing OrangeHrm
[INFO] 23-08-2025 16:00:58 [main] Log - Start testing OrangeHrm
[WARN] 23-08-2025 16:00:58 [main] Log - WebDriver is null in onStart
[INFO] 23-08-2025 16:01:04 [TestNG-test-OrangeHrm-2] Log - loginTest test is starting...
[INFO] 23-08-2025 16:01:06 [TestNG-test-OrangeHrm-1] Log - loginTest test is starting...
[INFO] 23-08-2025 16:01:10 [TestNG-test-OrangeHrm-2] Log - loginTest test is passed.
[INFO] 23-08-2025 16:01:12 [TestNG-test-OrangeHrm-1] Log - loginTest test is passed.
[INFO] 23-08-2025 16:01:22 [TestNG-test-OrangeHrm-2] Log - adminJobTitleTest test is starting...
[INFO] 23-08-2025 16:01:22 [TestNG-test-OrangeHrm-1] Log - adminUserManagementTest test is starting...
[ERROR] 23-08-2025 16:01:42 [TestNG-test-OrangeHrm-1] Log - adminUserManagementTest test is failed.
[ERROR] 23-08-2025 16:01:42 [TestNG-test-OrangeHrm-1] Log - Screenshot captured for test case: adminUserManagementTest
[ERROR] 23-08-2025 16:01:42 [TestNG-test-OrangeHrm-2] Log - adminJobTitleTest test is failed.
[WARN] 23-08-2025 16:01:42 [TestNG-test-OrangeHrm-1] Log - WebDriver is null, skipping screenshot
[ERROR] 23-08-2025 16:01:42 [TestNG-test-OrangeHrm-2] Log - Screenshot captured for test case: adminJobTitleTest
[WARN] 23-08-2025 16:01:42 [TestNG-test-OrangeHrm-2] Log - WebDriver is null, skipping screenshot
[INFO] 23-08-2025 16:01:44 [main] Log - End testing OrangeHrm
[INFO] 23-08-2025 16:10:23 [main] Log - Start testing OrangeHrm
[WARN] 23-08-2025 16:10:23 [main] Log - WebDriver is null in onStart
[INFO] 23-08-2025 16:10:41 [TestNG-test-OrangeHrm-1] Log - loginTest test is starting...
[INFO] 23-08-2025 16:10:41 [TestNG-test-OrangeHrm-2] Log - loginTest test is starting...
[INFO] 23-08-2025 16:10:59 [TestNG-test-OrangeHrm-2] Log - loginTest test is passed.
[INFO] 23-08-2025 16:11:06 [TestNG-test-OrangeHrm-1] Log - loginTest test is passed.
[INFO] 23-08-2025 16:11:16 [TestNG-test-OrangeHrm-1] Log - adminUserManagementTest test is starting...
[INFO] 23-08-2025 16:11:19 [TestNG-test-OrangeHrm-2] Log - adminJobTitleTest test is starting...
[ERROR] 23-08-2025 16:11:36 [TestNG-test-OrangeHrm-1] Log - adminUserManagementTest test is failed.
[ERROR] 23-08-2025 16:11:36 [TestNG-test-OrangeHrm-1] Log - Screenshot captured for test case: adminUserManagementTest
[WARN] 23-08-2025 16:11:36 [TestNG-test-OrangeHrm-1] Log - WebDriver is null, skipping screenshot
[ERROR] 23-08-2025 16:11:39 [TestNG-test-OrangeHrm-2] Log - adminJobTitleTest test is failed.
[ERROR] 23-08-2025 16:11:39 [TestNG-test-OrangeHrm-2] Log - Screenshot captured for test case: adminJobTitleTest
[WARN] 23-08-2025 16:11:39 [TestNG-test-OrangeHrm-2] Log - WebDriver is null, skipping screenshot
[INFO] 23-08-2025 16:11:43 [main] Log - End testing OrangeHrm
[INFO] 23-08-2025 16:12:24 [main] Log - Start testing OrangeHrm
[WARN] 23-08-2025 16:12:24 [main] Log - WebDriver is null in onStart
[INFO] 23-08-2025 16:12:28 [main] Log - loginTest test is starting...
[INFO] 23-08-2025 16:12:36 [main] Log - loginTest test is passed.
[INFO] 23-08-2025 16:12:41 [main] Log - adminUserManagementTest test is starting...
[ERROR] 23-08-2025 16:13:03 [main] Log - adminUserManagementTest test is failed.
[ERROR] 23-08-2025 16:13:03 [main] Log - Screenshot captured for test case: adminUserManagementTest
[WARN] 23-08-2025 16:13:03 [main] Log - WebDriver is null, skipping screenshot
[INFO] 23-08-2025 16:13:09 [main] Log - loginTest test is starting...
[INFO] 23-08-2025 16:13:14 [main] Log - loginTest test is passed.
[INFO] 23-08-2025 16:13:21 [main] Log - adminJobTitleTest test is starting...
[ERROR] 23-08-2025 16:13:36 [main] Log - adminJobTitleTest test is failed.
[ERROR] 23-08-2025 16:13:36 [main] Log - Screenshot captured for test case: adminJobTitleTest
[WARN] 23-08-2025 16:13:36 [main] Log - WebDriver is null, skipping screenshot
[INFO] 23-08-2025 16:13:37 [main] Log - End testing OrangeHrm
[INFO] 23-08-2025 16:15:08 [main] Log - Start testing OrangeHrm
[WARN] 23-08-2025 16:15:08 [main] Log - WebDriver is null in onStart
[INFO] 23-08-2025 16:15:16 [main] Log - loginTest test is starting...
[ERROR] 23-08-2025 16:15:16 [main] Log - loginTest test is failed.
[ERROR] 23-08-2025 16:15:16 [main] Log - Screenshot captured for test case: loginTest
[WARN] 23-08-2025 16:15:16 [main] Log - WebDriver is null, skipping screenshot
[INFO] 23-08-2025 16:15:23 [main] Log - adminUserManagementTest test is starting...
[ERROR] 23-08-2025 16:15:23 [main] Log - adminUserManagementTest test is failed.
[ERROR] 23-08-2025 16:15:23 [main] Log - Screenshot captured for test case: adminUserManagementTest
[WARN] 23-08-2025 16:15:23 [main] Log - WebDriver is null, skipping screenshot
[INFO] 23-08-2025 16:15:29 [main] Log - loginTest test is starting...
[ERROR] 23-08-2025 16:15:29 [main] Log - loginTest test is failed.
[ERROR] 23-08-2025 16:15:29 [main] Log - Screenshot captured for test case: loginTest
[WARN] 23-08-2025 16:15:29 [main] Log - WebDriver is null, skipping screenshot
[INFO] 23-08-2025 16:15:36 [main] Log - adminJobTitleTest test is starting...
[ERROR] 23-08-2025 16:15:36 [main] Log - adminJobTitleTest test is failed.
[ERROR] 23-08-2025 16:15:36 [main] Log - Screenshot captured for test case: adminJobTitleTest
[WARN] 23-08-2025 16:15:36 [main] Log - WebDriver is null, skipping screenshot
[INFO] 23-08-2025 16:15:37 [main] Log - End testing OrangeHrm
[INFO] 23-08-2025 16:16:29 [main] Log - Start testing OrangeHrm
[WARN] 23-08-2025 16:16:29 [main] Log - WebDriver is null in onStart
[INFO] 23-08-2025 16:16:35 [main] Log - loginTest test is starting...
[INFO] 23-08-2025 16:16:42 [main] Log - loginTest test is passed.
[INFO] 23-08-2025 16:16:43 [main] Log - adminUserManagementTest test is starting...
[ERROR] 23-08-2025 16:17:02 [main] Log - adminUserManagementTest test is failed.
[ERROR] 23-08-2025 16:17:02 [main] Log - Screenshot captured for test case: adminUserManagementTest
[WARN] 23-08-2025 16:17:02 [main] Log - WebDriver is null, skipping screenshot
[INFO] 23-08-2025 16:17:12 [main] Log - loginTest test is starting...
[INFO] 23-08-2025 16:17:17 [main] Log - loginTest test is passed.
[INFO] 23-08-2025 16:17:18 [main] Log - adminJobTitleTest test is starting...
[INFO] 23-08-2025 16:17:51 [main] Log - adminJobTitleTest test is passed.
[INFO] 23-08-2025 16:17:54 [main] Log - End testing OrangeHrm
[INFO] 23-08-2025 16:20:42 [main] Log - Start testing OrangeHrm
[WARN] 23-08-2025 16:20:42 [main] Log - WebDriver is null in onStart
[INFO] 23-08-2025 16:20:49 [main] Log - loginTest test is starting...
[INFO] 23-08-2025 16:20:57 [main] Log - loginTest test is passed.
[INFO] 23-08-2025 16:20:58 [main] Log - adminUserManagementTest test is starting...
[ERROR] 23-08-2025 16:21:16 [main] Log - adminUserManagementTest test is failed.
[ERROR] 23-08-2025 16:21:16 [main] Log - Screenshot captured for test case: adminUserManagementTest
[WARN] 23-08-2025 16:21:16 [main] Log - WebDriver is null, skipping screenshot
[INFO] 23-08-2025 16:21:23 [main] Log - Start testing OrangeHrm
[WARN] 23-08-2025 16:21:23 [main] Log - WebDriver is null in onStart
[INFO] 23-08-2025 16:21:30 [main] Log - loginTest test is starting...
[INFO] 23-08-2025 16:21:35 [main] Log - loginTest test is passed.
[INFO] 23-08-2025 16:21:36 [main] Log - adminUserManagementTest test is starting...
[ERROR] 23-08-2025 16:21:48 [main] Log - adminUserManagementTest test is failed.
[ERROR] 23-08-2025 16:21:48 [main] Log - Screenshot captured for test case: adminUserManagementTest
[WARN] 23-08-2025 16:21:48 [main] Log - WebDriver is null, skipping screenshot
[INFO] 23-08-2025 16:26:33 [main] Log - Start testing orangehrm
[WARN] 23-08-2025 16:26:33 [main] Log - WebDriver is null in onStart
[INFO] 23-08-2025 16:26:34 [main] Log - loginTest test is starting...
[WARN] 23-08-2025 16:26:34 [main] Log - loginTest test is skipped.
[INFO] 23-08-2025 16:26:34 [main] Log - adminUserManagementTest test is starting...
[WARN] 23-08-2025 16:26:34 [main] Log - adminUserManagementTest test is skipped.
[INFO] 23-08-2025 16:26:34 [main] Log - End testing orangehrm
[INFO] 23-08-2025 16:26:58 [main] Log - Start testing OrangeHrm
[WARN] 23-08-2025 16:26:58 [main] Log - WebDriver is null in onStart
[INFO] 23-08-2025 16:27:05 [main] Log - loginTest test is starting...
[INFO] 23-08-2025 16:27:10 [main] Log - loginTest test is passed.
[INFO] 23-08-2025 16:27:11 [main] Log - adminUserManagementTest test is starting...
[ERROR] 23-08-2025 16:27:24 [main] Log - adminUserManagementTest test is failed.
[ERROR] 23-08-2025 16:27:24 [main] Log - Screenshot captured for test case: adminUserManagementTest
[WARN] 23-08-2025 16:27:24 [main] Log - WebDriver is null, skipping screenshot
[INFO] 23-08-2025 16:27:30 [main] Log - loginTest test is starting...
[INFO] 23-08-2025 16:27:38 [main] Log - loginTest test is passed.
[INFO] 23-08-2025 16:27:39 [main] Log - adminJobTitleTest test is starting...
[INFO] 23-08-2025 16:28:21 [main] Log - adminJobTitleTest test is passed.
[INFO] 23-08-2025 16:28:24 [main] Log - End testing OrangeHrm
[INFO] 23-08-2025 16:33:13 [main] Log - Start testing OrangeHrm
[WARN] 23-08-2025 16:33:13 [main] Log - WebDriver is null in onStart
[INFO] 23-08-2025 16:33:18 [main] Log - loginTest test is starting...
[INFO] 23-08-2025 16:33:24 [main] Log - loginTest test is passed.
[INFO] 23-08-2025 16:33:26 [main] Log - adminUserManagementTest test is starting...
[INFO] 23-08-2025 16:34:26 [main] Log - adminUserManagementTest test is passed.
[INFO] 23-08-2025 16:34:33 [main] Log - loginTest test is starting...
[INFO] 23-08-2025 16:34:43 [main] Log - loginTest test is passed.
[INFO] 23-08-2025 16:34:44 [main] Log - adminJobTitleTest test is starting...
[INFO] 23-08-2025 16:35:21 [main] Log - adminJobTitleTest test is passed.
[INFO] 23-08-2025 16:35:24 [main] Log - End testing OrangeHrm
[INFO] 23-08-2025 16:43:06 [main] Log - Start testing OrangeHrm
[WARN] 23-08-2025 16:43:06 [main] Log - WebDriver is null in onStart
[INFO] 23-08-2025 16:43:15 [main] Log - loginTest test is starting...
[INFO] 23-08-2025 16:43:20 [main] Log - loginTest test is passed.
[INFO] 23-08-2025 16:43:21 [main] Log - adminUserManagementTest test is starting...
[INFO] 23-08-2025 16:44:28 [main] Log - adminUserManagementTest test is passed.
[INFO] 23-08-2025 16:44:37 [main] Log - loginTest test is starting...
[INFO] 23-08-2025 16:44:46 [main] Log - loginTest test is passed.
[INFO] 23-08-2025 16:44:47 [main] Log - adminJobTitleTest test is starting...
[INFO] 23-08-2025 16:45:27 [main] Log - adminJobTitleTest test is passed.
[INFO] 23-08-2025 16:45:30 [main] Log - End testing OrangeHrm
[INFO] 25-08-2025 15:15:43 [main] Log - Start testing OrangeHrm
[WARN] 25-08-2025 15:15:43 [main] Log - WebDriver is null in onStart
[INFO] 25-08-2025 15:15:52 [main] Log - pimTest test is starting...
[INFO] 25-08-2025 15:15:58 [main] Log - pimTest test is passed.
[INFO] 25-08-2025 15:16:01 [main] Log - End testing OrangeHrm
[INFO] 25-08-2025 15:16:09 [main] Log - Start testing OrangeHrm
[WARN] 25-08-2025 15:16:09 [main] Log - WebDriver is null in onStart
[INFO] 25-08-2025 15:16:14 [main] Log - pimTest test is starting...
[INFO] 25-08-2025 15:16:20 [main] Log - pimTest test is passed.
[INFO] 25-08-2025 15:16:23 [main] Log - End testing OrangeHrm
[INFO] 25-08-2025 15:30:07 [main] Log - Start testing OrangeHrm
[WARN] 25-08-2025 15:30:07 [main] Log - WebDriver is null in onStart
[INFO] 25-08-2025 15:30:12 [main] Log - pimTest test is starting...
[INFO] 25-08-2025 15:30:19 [main] Log - pimTest test is passed.
[INFO] 25-08-2025 15:30:23 [main] Log - End testing OrangeHrm
[INFO] 25-08-2025 16:29:17 [main] Log - Start testing OrangeHrm
[WARN] 25-08-2025 16:29:17 [main] Log - WebDriver is null in onStart
[INFO] 25-08-2025 16:29:23 [main] Log - pimTest test is starting...
[ERROR] 25-08-2025 16:29:29 [main] Log - pimTest test is failed.
[ERROR] 25-08-2025 16:29:29 [main] Log - Screenshot captured for test case: pimTest
[WARN] 25-08-2025 16:29:29 [main] Log - WebDriver is null, skipping screenshot
[INFO] 25-08-2025 16:29:32 [main] Log - End testing OrangeHrm
[INFO] 25-08-2025 16:31:50 [main] Log - Start testing OrangeHrm
[WARN] 25-08-2025 16:31:50 [main] Log - WebDriver is null in onStart
[INFO] 25-08-2025 16:31:55 [main] Log - pimTest test is starting...
[INFO] 25-08-2025 16:32:03 [main] Log - pimTest test is passed.
[INFO] 25-08-2025 16:32:06 [main] Log - End testing OrangeHrm
[INFO] 25-08-2025 17:12:13 [main] Log - Start testing OrangeHrm
[WARN] 25-08-2025 17:12:13 [main] Log - WebDriver is null in onStart
[INFO] 25-08-2025 17:12:19 [main] Log - loginTest test is starting...
[INFO] 25-08-2025 17:12:24 [main] Log - loginTest test is passed.
[INFO] 25-08-2025 17:12:25 [main] Log - pimTest test is starting...
[INFO] 25-08-2025 17:12:28 [main] Log - pimTest test is passed.
[INFO] 25-08-2025 17:12:32 [main] Log - End testing OrangeHrm
[INFO] 25-08-2025 17:16:48 [main] Log - Start testing OrangeHrm
[WARN] 25-08-2025 17:16:48 [main] Log - WebDriver is null in onStart
[INFO] 25-08-2025 17:16:53 [main] Log - loginTest test is starting...
[INFO] 25-08-2025 17:16:58 [main] Log - loginTest test is passed.
[INFO] 25-08-2025 17:16:59 [main] Log - pimTest test is starting...
[INFO] 25-08-2025 17:17:03 [main] Log - pimTest test is passed.
[INFO] 25-08-2025 17:17:06 [main] Log - End testing OrangeHrm
[INFO] 25-08-2025 17:20:30 [main] Log - Start testing orangehrm
[WARN] 25-08-2025 17:20:30 [main] Log - WebDriver is null in onStart
[INFO] 25-08-2025 17:20:30 [main] Log - loginTest test is starting...
[WARN] 25-08-2025 17:20:30 [main] Log - loginTest test is skipped.
[INFO] 25-08-2025 17:20:30 [main] Log - pimTest test is starting...
[WARN] 25-08-2025 17:20:30 [main] Log - pimTest test is skipped.
[INFO] 25-08-2025 17:20:30 [main] Log - End testing orangehrm
[INFO] 25-08-2025 17:20:38 [main] Log - Start testing OrangeHrm
[WARN] 25-08-2025 17:20:38 [main] Log - WebDriver is null in onStart
[INFO] 25-08-2025 17:20:49 [main] Log - loginTest test is starting...
[ERROR] 25-08-2025 17:21:10 [main] Log - loginTest test is failed.
[ERROR] 25-08-2025 17:21:10 [main] Log - Screenshot captured for test case: loginTest
[WARN] 25-08-2025 17:21:10 [main] Log - WebDriver is null, skipping screenshot
[INFO] 25-08-2025 17:21:11 [main] Log - pimTest test is starting...
[ERROR] 25-08-2025 17:21:11 [main] Log - pimTest test is failed.
[ERROR] 25-08-2025 17:21:11 [main] Log - Screenshot captured for test case: pimTest
[WARN] 25-08-2025 17:21:11 [main] Log - WebDriver is null, skipping screenshot
[INFO] 25-08-2025 17:22:18 [main] Log - Start testing OrangeHrm
[WARN] 25-08-2025 17:22:18 [main] Log - WebDriver is null in onStart
[INFO] 25-08-2025 17:22:25 [main] Log - loginTest test is starting...
[INFO] 25-08-2025 17:22:38 [main] Log - loginTest test is passed.
[INFO] 25-08-2025 17:22:39 [main] Log - pimTest test is starting...
[INFO] 25-08-2025 17:22:53 [main] Log - pimTest test is passed.
[INFO] 25-08-2025 17:22:57 [main] Log - End testing OrangeHrm
[INFO] 25-08-2025 17:24:50 [main] Log - Start testing OrangeHrm
[WARN] 25-08-2025 17:24:50 [main] Log - WebDriver is null in onStart
[INFO] 25-08-2025 17:24:59 [main] Log - loginTest test is starting...
[INFO] 25-08-2025 17:25:21 [main] Log - loginTest test is passed.
[INFO] 25-08-2025 17:25:22 [main] Log - pimTest test is starting...
[ERROR] 25-08-2025 17:25:36 [main] Log - pimTest test is failed.
[ERROR] 25-08-2025 17:25:36 [main] Log - Screenshot captured for test case: pimTest
[WARN] 25-08-2025 17:25:36 [main] Log - WebDriver is null, skipping screenshot
[INFO] 25-08-2025 17:25:40 [main] Log - End testing OrangeHrm
[INFO] 25-08-2025 17:27:06 [main] Log - Start testing OrangeHrm
[WARN] 25-08-2025 17:27:06 [main] Log - WebDriver is null in onStart
[INFO] 25-08-2025 17:27:11 [main] Log - loginTest test is starting...
[INFO] 25-08-2025 17:27:16 [main] Log - loginTest test is passed.
[INFO] 25-08-2025 17:27:17 [main] Log - pimTest test is starting...
[INFO] 25-08-2025 17:27:24 [main] Log - pimTest test is passed.
[INFO] 25-08-2025 17:27:28 [main] Log - End testing OrangeHrm
[INFO] 25-08-2025 17:28:00 [main] Log - Start testing OrangeHrm
[WARN] 25-08-2025 17:28:00 [main] Log - WebDriver is null in onStart
[INFO] 25-08-2025 17:28:05 [main] Log - loginTest test is starting...
[INFO] 25-08-2025 17:28:10 [main] Log - loginTest test is passed.
[INFO] 25-08-2025 17:28:11 [main] Log - pimTest test is starting...
[INFO] 25-08-2025 17:28:16 [main] Log - pimTest test is passed.
[INFO] 25-08-2025 17:28:20 [main] Log - End testing OrangeHrm
[INFO] 25-08-2025 19:13:26 [main] Log - Start testing OrangeHrm
[WARN] 25-08-2025 19:13:26 [main] Log - WebDriver is null in onStart
[INFO] 25-08-2025 19:13:31 [main] Log - loginTest test is starting...
[ERROR] 25-08-2025 19:13:31 [main] Log - loginTest test is failed.
[ERROR] 25-08-2025 19:13:31 [main] Log - Screenshot captured for test case: loginTest
[WARN] 25-08-2025 19:13:31 [main] Log - WebDriver is null, skipping screenshot
[INFO] 25-08-2025 19:14:23 [main] Log - Start testing OrangeHrm
[WARN] 25-08-2025 19:14:23 [main] Log - WebDriver is null in onStart
[INFO] 25-08-2025 19:14:29 [main] Log - loginTest test is starting...
[INFO] 25-08-2025 19:14:35 [main] Log - loginTest test is passed.
[INFO] 25-08-2025 19:14:36 [main] Log - pimTest test is starting...
[ERROR] 25-08-2025 19:14:48 [main] Log - pimTest test is failed.
[ERROR] 25-08-2025 19:14:48 [main] Log - Screenshot captured for test case: pimTest
[WARN] 25-08-2025 19:14:48 [main] Log - WebDriver is null, skipping screenshot
[INFO] 25-08-2025 19:14:51 [main] Log - End testing OrangeHrm
[INFO] 25-08-2025 19:18:05 [main] Log - Start testing OrangeHrm
[WARN] 25-08-2025 19:18:05 [main] Log - WebDriver is null in onStart
[INFO] 25-08-2025 19:18:11 [main] Log - loginTest test is starting...
[INFO] 25-08-2025 19:18:15 [main] Log - loginTest test is passed.
[INFO] 25-08-2025 19:18:16 [main] Log - pimTest test is starting...
[INFO] 25-08-2025 19:18:31 [main] Log - pimTest test is passed.
[INFO] 25-08-2025 19:18:35 [main] Log - End testing OrangeHrm
[INFO] 25-08-2025 22:10:07 [main] Log - Start testing OrangeHrm
[WARN] 25-08-2025 22:10:07 [main] Log - WebDriver is null in onStart
[INFO] 25-08-2025 22:10:17 [main] Log - loginTest test is starting...
[INFO] 25-08-2025 22:10:22 [main] Log - loginTest test is passed.
[INFO] 25-08-2025 22:10:23 [main] Log - pimTest test is starting...
[ERROR] 25-08-2025 22:10:55 [main] Log - pimTest test is failed.
[ERROR] 25-08-2025 22:10:55 [main] Log - Screenshot captured for test case: pimTest
[WARN] 25-08-2025 22:10:55 [main] Log - WebDriver is null, skipping screenshot
[INFO] 25-08-2025 22:10:58 [main] Log - End testing OrangeHrm
[INFO] 25-08-2025 22:14:17 [main] Log - Start testing OrangeHrm
[WARN] 25-08-2025 22:14:17 [main] Log - WebDriver is null in onStart
[INFO] 25-08-2025 22:14:22 [main] Log - loginTest test is starting...
[INFO] 25-08-2025 22:14:27 [main] Log - loginTest test is passed.
[INFO] 25-08-2025 22:14:28 [main] Log - pimTest test is starting...
[ERROR] 25-08-2025 22:14:33 [main] Log - pimTest test is failed.
[ERROR] 25-08-2025 22:14:33 [main] Log - Screenshot captured for test case: pimTest
[WARN] 25-08-2025 22:14:33 [main] Log - WebDriver is null, skipping screenshot
[INFO] 25-08-2025 22:14:37 [main] Log - End testing OrangeHrm
[INFO] 25-08-2025 22:15:00 [main] Log - Start testing OrangeHrm
[WARN] 25-08-2025 22:15:00 [main] Log - WebDriver is null in onStart
[INFO] 25-08-2025 22:15:16 [main] Log - loginTest test is starting...
[INFO] 25-08-2025 22:15:22 [main] Log - loginTest test is passed.
[INFO] 25-08-2025 22:15:23 [main] Log - pimTest test is starting...
[ERROR] 25-08-2025 22:15:47 [main] Log - pimTest test is failed.
[ERROR] 25-08-2025 22:15:47 [main] Log - Screenshot captured for test case: pimTest
[WARN] 25-08-2025 22:15:47 [main] Log - WebDriver is null, skipping screenshot
[INFO] 25-08-2025 22:15:51 [main] Log - End testing OrangeHrm
[INFO] 25-08-2025 22:18:31 [main] Log - Start testing OrangeHrm
[WARN] 25-08-2025 22:18:31 [main] Log - WebDriver is null in onStart
[INFO] 25-08-2025 22:18:35 [main] Log - loginTest test is starting...
[INFO] 25-08-2025 22:18:40 [main] Log - loginTest test is passed.
[INFO] 25-08-2025 22:18:41 [main] Log - pimTest test is starting...
[INFO] 25-08-2025 22:19:05 [main] Log - pimTest test is passed.
[INFO] 25-08-2025 22:19:08 [main] Log - End testing OrangeHrm
[INFO] 25-08-2025 22:48:02 [main] Log - Start testing OrangeHrm
[WARN] 25-08-2025 22:48:02 [main] Log - WebDriver is null in onStart
[INFO] 25-08-2025 22:48:06 [main] Log - loginTest test is starting...
[INFO] 25-08-2025 22:48:12 [main] Log - loginTest test is passed.
[INFO] 25-08-2025 22:48:13 [main] Log - pimTest test is starting...
[INFO] 25-08-2025 22:48:35 [main] Log - pimTest test is passed.
[INFO] 25-08-2025 22:48:42 [main] Log - loginTest test is starting...
[INFO] 25-08-2025 22:48:47 [main] Log - loginTest test is passed.
[INFO] 25-08-2025 22:48:48 [main] Log - adminUserManagementTest test is starting...
[ERROR] 25-08-2025 22:49:06 [main] Log - adminUserManagementTest test is failed.
[ERROR] 25-08-2025 22:49:06 [main] Log - Screenshot captured for test case: adminUserManagementTest
[WARN] 25-08-2025 22:49:06 [main] Log - WebDriver is null, skipping screenshot
[INFO] 25-08-2025 22:49:13 [main] Log - loginTest test is starting...
[INFO] 25-08-2025 22:49:18 [main] Log - loginTest test is passed.
[INFO] 25-08-2025 22:49:19 [main] Log - adminJobTitleTest test is starting...
[ERROR] 25-08-2025 22:49:30 [main] Log - adminJobTitleTest test is failed.
[ERROR] 25-08-2025 22:49:30 [main] Log - Screenshot captured for test case: adminJobTitleTest
[WARN] 25-08-2025 22:49:30 [main] Log - WebDriver is null, skipping screenshot
[INFO] 25-08-2025 22:49:33 [main] Log - End testing OrangeHrm
[INFO] 25-08-2025 22:51:12 [main] Log - Start testing OrangeHrm
[WARN] 25-08-2025 22:51:12 [main] Log - WebDriver is null in onStart
[INFO] 25-08-2025 22:51:17 [main] Log - loginTest test is starting...
[INFO] 25-08-2025 22:51:21 [main] Log - loginTest test is passed.
[INFO] 25-08-2025 22:51:22 [main] Log - pimTest test is starting...
[INFO] 25-08-2025 22:51:43 [main] Log - pimTest test is passed.
[INFO] 25-08-2025 22:51:51 [main] Log - loginTest test is starting...
[INFO] 25-08-2025 22:51:55 [main] Log - loginTest test is passed.
[INFO] 25-08-2025 22:51:56 [main] Log - adminUserManagementTest test is starting...
[ERROR] 25-08-2025 22:52:13 [main] Log - adminUserManagementTest test is failed.
[ERROR] 25-08-2025 22:52:13 [main] Log - Screenshot captured for test case: adminUserManagementTest
[WARN] 25-08-2025 22:52:13 [main] Log - WebDriver is null, skipping screenshot
[INFO] 25-08-2025 22:52:19 [main] Log - loginTest test is starting...
[ERROR] 25-08-2025 22:52:19 [main] Log - loginTest test is failed.
[ERROR] 25-08-2025 22:52:19 [main] Log - Screenshot captured for test case: loginTest
[WARN] 25-08-2025 22:52:19 [main] Log - WebDriver is null, skipping screenshot
[INFO] 25-08-2025 22:52:20 [main] Log - adminJobTitleTest test is starting...
[ERROR] 25-08-2025 22:52:20 [main] Log - adminJobTitleTest test is failed.
[ERROR] 25-08-2025 22:52:20 [main] Log - Screenshot captured for test case: adminJobTitleTest
[WARN] 25-08-2025 22:52:20 [main] Log - WebDriver is null, skipping screenshot
[INFO] 25-08-2025 22:52:23 [main] Log - End testing OrangeHrm
[INFO] 25-08-2025 22:52:56 [main] Log - Start testing OrangeHrm
[WARN] 25-08-2025 22:52:56 [main] Log - WebDriver is null in onStart
[INFO] 25-08-2025 22:53:01 [main] Log - loginTest test is starting...
[INFO] 25-08-2025 22:53:06 [main] Log - loginTest test is passed.
[INFO] 25-08-2025 22:53:07 [main] Log - pimTest test is starting...
[ERROR] 25-08-2025 22:53:13 [main] Log - pimTest test is failed.
[ERROR] 25-08-2025 22:53:13 [main] Log - Screenshot captured for test case: pimTest
[WARN] 25-08-2025 22:53:13 [main] Log - WebDriver is null, skipping screenshot
[INFO] 25-08-2025 22:53:21 [main] Log - loginTest test is starting...
[INFO] 25-08-2025 22:53:25 [main] Log - loginTest test is passed.
[INFO] 25-08-2025 22:53:26 [main] Log - adminUserManagementTest test is starting...
[INFO] 25-08-2025 22:53:51 [main] Log - Start testing OrangeHrm
[WARN] 25-08-2025 22:53:51 [main] Log - WebDriver is null in onStart
[INFO] 25-08-2025 22:53:55 [main] Log - loginTest test is starting...
[INFO] 25-08-2025 22:54:00 [main] Log - loginTest test is passed.
[INFO] 25-08-2025 22:54:01 [main] Log - pimTest test is starting...
[INFO] 25-08-2025 22:54:23 [main] Log - pimTest test is passed.
[INFO] 25-08-2025 22:54:30 [main] Log - loginTest test is starting...
[INFO] 25-08-2025 22:54:35 [main] Log - loginTest test is passed.
[INFO] 25-08-2025 22:54:36 [main] Log - adminUserManagementTest test is starting...
[ERROR] 25-08-2025 22:54:53 [main] Log - adminUserManagementTest test is failed.
[ERROR] 25-08-2025 22:54:53 [main] Log - Screenshot captured for test case: adminUserManagementTest
[WARN] 25-08-2025 22:54:53 [main] Log - WebDriver is null, skipping screenshot
[INFO] 25-08-2025 22:55:00 [main] Log - loginTest test is starting...
[INFO] 25-08-2025 22:55:05 [main] Log - loginTest test is passed.
[INFO] 25-08-2025 22:55:06 [main] Log - adminJobTitleTest test is starting...
[ERROR] 25-08-2025 22:55:20 [main] Log - adminJobTitleTest test is failed.
[ERROR] 25-08-2025 22:55:20 [main] Log - Screenshot captured for test case: adminJobTitleTest
[WARN] 25-08-2025 22:55:20 [main] Log - WebDriver is null, skipping screenshot
[INFO] 25-08-2025 22:55:23 [main] Log - End testing OrangeHrm
[INFO] 25-08-2025 22:56:02 [main] Log - Start testing OrangeHrm
[WARN] 25-08-2025 22:56:02 [main] Log - WebDriver is null in onStart
[INFO] 25-08-2025 22:56:33 [main] Log - Start testing OrangeHrm
[WARN] 25-08-2025 22:56:33 [main] Log - WebDriver is null in onStart
[INFO] 25-08-2025 22:56:38 [main] Log - loginTest test is starting...
[INFO] 25-08-2025 22:56:43 [main] Log - loginTest test is passed.
[INFO] 25-08-2025 22:56:44 [main] Log - pimTest test is starting...
[INFO] 25-08-2025 22:57:05 [main] Log - pimTest test is passed.
[INFO] 25-08-2025 22:57:13 [main] Log - loginTest test is starting...
[INFO] 25-08-2025 22:57:19 [main] Log - loginTest test is passed.
[INFO] 25-08-2025 22:57:20 [main] Log - adminUserManagementTest test is starting...
[ERROR] 25-08-2025 22:57:37 [main] Log - adminUserManagementTest test is failed.
[ERROR] 25-08-2025 22:57:37 [main] Log - Screenshot captured for test case: adminUserManagementTest
[WARN] 25-08-2025 22:57:37 [main] Log - WebDriver is null, skipping screenshot
[INFO] 25-08-2025 22:57:45 [main] Log - loginTest test is starting...
[INFO] 25-08-2025 22:57:51 [main] Log - loginTest test is passed.
[INFO] 25-08-2025 22:57:52 [main] Log - adminJobTitleTest test is starting...
[ERROR] 25-08-2025 22:58:05 [main] Log - adminJobTitleTest test is failed.
[ERROR] 25-08-2025 22:58:05 [main] Log - Screenshot captured for test case: adminJobTitleTest
[WARN] 25-08-2025 22:58:05 [main] Log - WebDriver is null, skipping screenshot
[INFO] 25-08-2025 22:58:09 [main] Log - End testing OrangeHrm
[INFO] 25-08-2025 23:01:37 [main] Log - Start testing OrangeHrm
[WARN] 25-08-2025 23:01:37 [main] Log - WebDriver is null in onStart
[INFO] 25-08-2025 23:01:42 [main] Log - loginTest test is starting...
[INFO] 25-08-2025 23:01:46 [main] Log - loginTest test is passed.
[INFO] 25-08-2025 23:01:47 [main] Log - pimTest test is starting...
[INFO] 25-08-2025 23:02:08 [main] Log - pimTest test is passed.
[INFO] 25-08-2025 23:02:16 [main] Log - loginTest test is starting...
[INFO] 25-08-2025 23:02:21 [main] Log - loginTest test is passed.
[INFO] 25-08-2025 23:02:22 [main] Log - adminUserManagementTest test is starting...
[ERROR] 25-08-2025 23:02:38 [main] Log - adminUserManagementTest test is failed.
[ERROR] 25-08-2025 23:02:38 [main] Log - Screenshot captured for test case: adminUserManagementTest
[WARN] 25-08-2025 23:02:38 [main] Log - WebDriver is null, skipping screenshot
[INFO] 25-08-2025 23:02:44 [main] Log - loginTest test is starting...
[INFO] 25-08-2025 23:02:51 [main] Log - loginTest test is passed.
[INFO] 25-08-2025 23:02:52 [main] Log - adminJobTitleTest test is starting...
[INFO] 25-08-2025 23:03:21 [main] Log - adminJobTitleTest test is passed.
[INFO] 25-08-2025 23:03:24 [main] Log - End testing OrangeHrm
[INFO] 25-08-2025 23:07:02 [main] Log - Start testing OrangeHrm
[WARN] 25-08-2025 23:07:02 [main] Log - WebDriver is null in onStart
[INFO] 25-08-2025 23:07:07 [main] Log - loginTest test is starting...
[INFO] 25-08-2025 23:07:12 [main] Log - loginTest test is passed.
[INFO] 25-08-2025 23:07:13 [main] Log - adminUserManagementTest test is starting...
[ERROR] 25-08-2025 23:07:23 [main] Log - adminUserManagementTest test is failed.
[ERROR] 25-08-2025 23:07:23 [main] Log - Screenshot captured for test case: adminUserManagementTest
[WARN] 25-08-2025 23:07:23 [main] Log - WebDriver is null, skipping screenshot
[INFO] 25-08-2025 23:07:26 [main] Log - End testing OrangeHrm
[INFO] 25-08-2025 23:08:24 [main] Log - Start testing OrangeHrm
[WARN] 25-08-2025 23:08:24 [main] Log - WebDriver is null in onStart
[INFO] 25-08-2025 23:08:29 [main] Log - loginTest test is starting...
[INFO] 25-08-2025 23:08:34 [main] Log - loginTest test is passed.
[INFO] 25-08-2025 23:08:35 [main] Log - pimTest test is starting...
[INFO] 25-08-2025 23:08:57 [main] Log - pimTest test is passed.
[INFO] 25-08-2025 23:09:05 [main] Log - loginTest test is starting...
[INFO] 25-08-2025 23:09:12 [main] Log - loginTest test is passed.
[INFO] 25-08-2025 23:09:13 [main] Log - adminUserManagementTest test is starting...
[ERROR] 25-08-2025 23:09:22 [main] Log - adminUserManagementTest test is failed.
[ERROR] 25-08-2025 23:09:22 [main] Log - Screenshot captured for test case: adminUserManagementTest
[WARN] 25-08-2025 23:09:22 [main] Log - WebDriver is null, skipping screenshot
[INFO] 25-08-2025 23:09:28 [main] Log - loginTest test is starting...
[ERROR] 25-08-2025 23:09:28 [main] Log - loginTest test is failed.
[ERROR] 25-08-2025 23:09:28 [main] Log - Screenshot captured for test case: loginTest
[WARN] 25-08-2025 23:09:28 [main] Log - WebDriver is null, skipping screenshot
[INFO] 25-08-2025 23:09:29 [main] Log - adminJobTitleTest test is starting...
[ERROR] 25-08-2025 23:09:29 [main] Log - adminJobTitleTest test is failed.
[ERROR] 25-08-2025 23:09:29 [main] Log - Screenshot captured for test case: adminJobTitleTest
[WARN] 25-08-2025 23:09:29 [main] Log - WebDriver is null, skipping screenshot
[INFO] 25-08-2025 23:10:41 [main] Log - Start testing OrangeHrm
[WARN] 25-08-2025 23:10:41 [main] Log - WebDriver is null in onStart
[INFO] 25-08-2025 23:10:50 [main] Log - loginTest test is starting...
[INFO] 25-08-2025 23:10:55 [main] Log - loginTest test is passed.
[INFO] 25-08-2025 23:10:56 [main] Log - pimTest test is starting...
[ERROR] 25-08-2025 23:11:27 [main] Log - pimTest test is failed.
[ERROR] 25-08-2025 23:11:27 [main] Log - Screenshot captured for test case: pimTest
[WARN] 25-08-2025 23:11:27 [main] Log - WebDriver is null, skipping screenshot
[INFO] 25-08-2025 23:11:34 [main] Log - loginTest test is starting...
[ERROR] 25-08-2025 23:11:34 [main] Log - loginTest test is failed.
[ERROR] 25-08-2025 23:11:34 [main] Log - Screenshot captured for test case: loginTest
[WARN] 25-08-2025 23:11:34 [main] Log - WebDriver is null, skipping screenshot
[INFO] 25-08-2025 23:11:35 [main] Log - adminUserManagementTest test is starting...
[ERROR] 25-08-2025 23:11:35 [main] Log - adminUserManagementTest test is failed.
[ERROR] 25-08-2025 23:11:35 [main] Log - Screenshot captured for test case: adminUserManagementTest
[WARN] 25-08-2025 23:11:35 [main] Log - WebDriver is null, skipping screenshot
[INFO] 25-08-2025 23:11:54 [main] Log - Start testing OrangeHrm
[WARN] 25-08-2025 23:11:54 [main] Log - WebDriver is null in onStart
[INFO] 25-08-2025 23:11:59 [main] Log - loginTest test is starting...
[INFO] 25-08-2025 23:12:04 [main] Log - loginTest test is passed.
[INFO] 25-08-2025 23:12:05 [main] Log - pimTest test is starting...
[ERROR] 25-08-2025 23:12:29 [main] Log - pimTest test is failed.
[ERROR] 25-08-2025 23:12:29 [main] Log - Screenshot captured for test case: pimTest
[WARN] 25-08-2025 23:12:29 [main] Log - WebDriver is null, skipping screenshot
[INFO] 25-08-2025 23:13:06 [main] Log - Start testing OrangeHrm
[WARN] 25-08-2025 23:13:06 [main] Log - WebDriver is null in onStart
[INFO] 25-08-2025 23:13:11 [main] Log - loginTest test is starting...
[INFO] 25-08-2025 23:13:15 [main] Log - loginTest test is passed.
[INFO] 25-08-2025 23:13:16 [main] Log - pimTest test is starting...
[INFO] 25-08-2025 23:13:37 [main] Log - pimTest test is passed.
[INFO] 25-08-2025 23:13:45 [main] Log - loginTest test is starting...
[INFO] 25-08-2025 23:13:50 [main] Log - loginTest test is passed.
[INFO] 25-08-2025 23:13:51 [main] Log - adminUserManagementTest test is starting...
[INFO] 25-08-2025 23:14:53 [main] Log - adminUserManagementTest test is passed.
[INFO] 25-08-2025 23:14:59 [main] Log - loginTest test is starting...
[INFO] 25-08-2025 23:15:06 [main] Log - loginTest test is passed.
[INFO] 25-08-2025 23:15:07 [main] Log - adminJobTitleTest test is starting...
[INFO] 25-08-2025 23:15:38 [main] Log - adminJobTitleTest test is passed.
[INFO] 25-08-2025 23:15:41 [main] Log - End testing OrangeHrm
[INFO] 25-08-2025 23:41:53 [main] Log - Start testing OrangeHrm
[WARN] 25-08-2025 23:41:53 [main] Log - WebDriver is null in onStart
[INFO] 25-08-2025 23:41:58 [main] Log - logIn test is starting...
[INFO] 25-08-2025 23:42:05 [main] Log - logIn test is passed.
[INFO] 25-08-2025 23:42:06 [main] Log - adminJobCategoriesTest test is starting...
[INFO] 25-08-2025 23:42:08 [main] Log - adminJobCategoriesTest test is passed.
[INFO] 25-08-2025 23:42:12 [main] Log - End testing OrangeHrm
[INFO] 26-08-2025 10:21:36 [main] Log - Start testing OrangeHrm
[WARN] 26-08-2025 10:21:36 [main] Log - WebDriver is null in onStart
[INFO] 26-08-2025 10:21:42 [main] Log - logIn test is starting...
[INFO] 26-08-2025 10:21:50 [main] Log - logIn test is passed.
[INFO] 26-08-2025 10:21:51 [main] Log - adminJobCategoriesTest test is starting...
[ERROR] 26-08-2025 10:22:04 [main] Log - adminJobCategoriesTest test is failed.
[ERROR] 26-08-2025 10:22:04 [main] Log - Screenshot captured for test case: adminJobCategoriesTest
[WARN] 26-08-2025 10:22:04 [main] Log - WebDriver is null, skipping screenshot
[INFO] 26-08-2025 10:22:45 [main] Log - Start testing OrangeHrm
[WARN] 26-08-2025 10:22:45 [main] Log - WebDriver is null in onStart
[INFO] 26-08-2025 10:22:48 [main] Log - logIn test is starting...
[INFO] 26-08-2025 10:23:00 [main] Log - logIn test is passed.
[INFO] 26-08-2025 10:23:01 [main] Log - adminJobCategoriesTest test is starting...
[ERROR] 26-08-2025 10:23:36 [main] Log - adminJobCategoriesTest test is failed.
[ERROR] 26-08-2025 10:23:36 [main] Log - Screenshot captured for test case: adminJobCategoriesTest
[WARN] 26-08-2025 10:23:36 [main] Log - WebDriver is null, skipping screenshot
[INFO] 26-08-2025 10:23:39 [main] Log - End testing OrangeHrm
[INFO] 26-08-2025 10:28:48 [main] Log - Start testing OrangeHrm
[WARN] 26-08-2025 10:28:48 [main] Log - WebDriver is null in onStart
[INFO] 26-08-2025 10:28:53 [main] Log - logIn test is starting...
[INFO] 26-08-2025 10:28:58 [main] Log - logIn test is passed.
[INFO] 26-08-2025 10:28:59 [main] Log - adminJobCategoriesTest test is starting...
[ERROR] 26-08-2025 10:29:26 [main] Log - adminJobCategoriesTest test is failed.
[ERROR] 26-08-2025 10:29:26 [main] Log - Screenshot captured for test case: adminJobCategoriesTest
[WARN] 26-08-2025 10:29:26 [main] Log - WebDriver is null, skipping screenshot
[INFO] 26-08-2025 10:29:29 [main] Log - End testing OrangeHrm
[INFO] 26-08-2025 10:32:51 [main] Log - Start testing OrangeHrm
[WARN] 26-08-2025 10:32:51 [main] Log - WebDriver is null in onStart
[INFO] 26-08-2025 10:32:56 [main] Log - logIn test is starting...
[INFO] 26-08-2025 10:33:04 [main] Log - logIn test is passed.
[INFO] 26-08-2025 10:33:05 [main] Log - adminJobCategoriesTest test is starting...
[INFO] 26-08-2025 10:33:32 [main] Log - adminJobCategoriesTest test is passed.
[INFO] 26-08-2025 10:33:35 [main] Log - End testing OrangeHrm
[INFO] 26-08-2025 10:35:26 [main] Log - Start testing OrangeHrm
[WARN] 26-08-2025 10:35:26 [main] Log - WebDriver is null in onStart
[INFO] 26-08-2025 10:35:57 [main] Log - logIn test is starting...
[ERROR] 26-08-2025 10:36:06 [main] Log - logIn test is failed.
[ERROR] 26-08-2025 10:36:06 [main] Log - Screenshot captured for test case: logIn
[WARN] 26-08-2025 10:36:06 [main] Log - WebDriver is null, skipping screenshot
[INFO] 26-08-2025 10:36:07 [main] Log - adminJobCategoriesTest test is starting...
[ERROR] 26-08-2025 10:36:07 [main] Log - adminJobCategoriesTest test is failed.
[ERROR] 26-08-2025 10:36:07 [main] Log - Screenshot captured for test case: adminJobCategoriesTest
[WARN] 26-08-2025 10:36:07 [main] Log - WebDriver is null, skipping screenshot
[INFO] 26-08-2025 10:36:11 [main] Log - Start testing OrangeHrm
[WARN] 26-08-2025 10:36:11 [main] Log - WebDriver is null in onStart
[INFO] 26-08-2025 10:36:17 [main] Log - logIn test is starting...
[INFO] 26-08-2025 10:36:22 [main] Log - logIn test is passed.
[INFO] 26-08-2025 10:36:23 [main] Log - adminJobCategoriesTest test is starting...
[INFO] 26-08-2025 10:36:52 [main] Log - adminJobCategoriesTest test is passed.
[INFO] 26-08-2025 10:36:55 [main] Log - End testing OrangeHrm
[INFO] 26-08-2025 11:21:18 [main] Log - Start testing OrangeHrm
[WARN] 26-08-2025 11:21:18 [main] Log - WebDriver is null in onStart
[INFO] 26-08-2025 11:21:33 [main] Log - logInTest test is starting...
[INFO] 26-08-2025 11:21:40 [main] Log - logInTest test is passed.
[INFO] 26-08-2025 11:21:41 [main] Log - adminEmployeeStatusTest test is starting...
[INFO] 26-08-2025 11:21:43 [main] Log - adminEmployeeStatusTest test is passed.
[INFO] 26-08-2025 11:21:46 [main] Log - End testing OrangeHrm
[INFO] 26-08-2025 15:22:49 [main] Log - Start testing OrangeHrm
[WARN] 26-08-2025 15:22:49 [main] Log - WebDriver is null in onStart
[INFO] 26-08-2025 15:22:59 [main] Log - logInTest test is starting...
[INFO] 26-08-2025 15:23:06 [main] Log - logInTest test is passed.
[INFO] 26-08-2025 15:23:07 [main] Log - adminEmployeeStatusTest test is starting...
[INFO] 26-08-2025 15:23:10 [main] Log - adminEmployeeStatusTest test is passed.
[INFO] 26-08-2025 15:23:13 [main] Log - End testing OrangeHrm
[INFO] 26-08-2025 15:27:36 [main] Log - Start testing OrangeHrm
[WARN] 26-08-2025 15:27:36 [main] Log - WebDriver is null in onStart
[INFO] 26-08-2025 15:27:43 [main] Log - logInTest test is starting...
[INFO] 26-08-2025 15:27:48 [main] Log - logInTest test is passed.
[INFO] 26-08-2025 15:27:49 [main] Log - adminEmployeeStatusTest test is starting...
[ERROR] 26-08-2025 15:27:57 [main] Log - adminEmployeeStatusTest test is failed.
[ERROR] 26-08-2025 15:27:57 [main] Log - Screenshot captured for test case: adminEmployeeStatusTest
[WARN] 26-08-2025 15:27:57 [main] Log - WebDriver is null, skipping screenshot
[INFO] 26-08-2025 15:28:00 [main] Log - End testing OrangeHrm
[INFO] 26-08-2025 15:28:25 [main] Log - Start testing OrangeHrm
[WARN] 26-08-2025 15:28:25 [main] Log - WebDriver is null in onStart
[INFO] 26-08-2025 15:28:29 [main] Log - logInTest test is starting...
[INFO] 26-08-2025 15:28:38 [main] Log - logInTest test is passed.
[INFO] 26-08-2025 15:28:39 [main] Log - adminEmployeeStatusTest test is starting...
[INFO] 26-08-2025 15:29:09 [main] Log - adminEmployeeStatusTest test is passed.
[INFO] 26-08-2025 15:29:13 [main] Log - End testing OrangeHrm
[INFO] 26-08-2025 15:51:54 [main] Log - Start testing OrangeHrm
[WARN] 26-08-2025 15:51:54 [main] Log - WebDriver is null in onStart
[INFO] 26-08-2025 15:52:02 [main] Log - loginTest test is starting...
[INFO] 26-08-2025 15:52:07 [main] Log - loginTest test is passed.
[INFO] 26-08-2025 15:52:08 [main] Log - adminLocationTest test is starting...
[INFO] 26-08-2025 15:52:08 [main] Log - adminLocationTest test is passed.
[INFO] 26-08-2025 15:52:12 [main] Log - End testing OrangeHrm
[INFO] 26-08-2025 15:53:44 [main] Log - Start testing OrangeHrm
[WARN] 26-08-2025 15:53:44 [main] Log - WebDriver is null in onStart
[INFO] 26-08-2025 15:53:48 [main] Log - loginTest test is starting...
[INFO] 26-08-2025 15:53:56 [main] Log - loginTest test is passed.
[INFO] 26-08-2025 15:53:57 [main] Log - adminLocationTest test is starting...
[INFO] 26-08-2025 15:54:01 [main] Log - adminLocationTest test is passed.
[INFO] 26-08-2025 15:54:05 [main] Log - End testing OrangeHrm
[INFO] 26-08-2025 16:24:17 [main] Log - Start testing OrangeHrm
[WARN] 26-08-2025 16:24:17 [main] Log - WebDriver is null in onStart
[INFO] 26-08-2025 16:24:24 [main] Log - loginTest test is starting...
[INFO] 26-08-2025 16:24:29 [main] Log - loginTest test is passed.
[INFO] 26-08-2025 16:24:30 [main] Log - adminLocationTest test is starting...
[INFO] 26-08-2025 16:24:33 [main] Log - adminLocationTest test is passed.
[INFO] 26-08-2025 16:24:37 [main] Log - End testing OrangeHrm
[INFO] 26-08-2025 16:25:09 [main] Log - Start testing OrangeHrm
[WARN] 26-08-2025 16:25:09 [main] Log - WebDriver is null in onStart
[INFO] 26-08-2025 16:25:16 [main] Log - loginTest test is starting...
[INFO] 26-08-2025 16:25:21 [main] Log - loginTest test is passed.
[INFO] 26-08-2025 16:25:22 [main] Log - adminLocationTest test is starting...
[ERROR] 26-08-2025 16:25:36 [main] Log - adminLocationTest test is failed.
[ERROR] 26-08-2025 16:25:36 [main] Log - Screenshot captured for test case: adminLocationTest
[WARN] 26-08-2025 16:25:36 [main] Log - WebDriver is null, skipping screenshot
[INFO] 26-08-2025 16:25:39 [main] Log - End testing OrangeHrm
[INFO] 26-08-2025 16:25:59 [main] Log - Start testing OrangeHrm
[WARN] 26-08-2025 16:25:59 [main] Log - WebDriver is null in onStart
[INFO] 26-08-2025 16:26:06 [main] Log - loginTest test is starting...
[INFO] 26-08-2025 16:26:11 [main] Log - loginTest test is passed.
[INFO] 26-08-2025 16:26:12 [main] Log - adminLocationTest test is starting...
[ERROR] 26-08-2025 16:26:26 [main] Log - adminLocationTest test is failed.
[ERROR] 26-08-2025 16:26:26 [main] Log - Screenshot captured for test case: adminLocationTest
[WARN] 26-08-2025 16:26:26 [main] Log - WebDriver is null, skipping screenshot
[INFO] 26-08-2025 16:26:30 [main] Log - End testing OrangeHrm
[INFO] 26-08-2025 16:28:08 [main] Log - Start testing OrangeHrm
[WARN] 26-08-2025 16:28:08 [main] Log - WebDriver is null in onStart
[INFO] 26-08-2025 16:28:21 [main] Log - loginTest test is starting...
[INFO] 26-08-2025 16:28:26 [main] Log - loginTest test is passed.
[INFO] 26-08-2025 16:28:27 [main] Log - adminLocationTest test is starting...
[ERROR] 26-08-2025 16:28:43 [main] Log - adminLocationTest test is failed.
[ERROR] 26-08-2025 16:28:43 [main] Log - Screenshot captured for test case: adminLocationTest
[WARN] 26-08-2025 16:28:43 [main] Log - WebDriver is null, skipping screenshot
[INFO] 26-08-2025 16:28:47 [main] Log - End testing OrangeHrm
[INFO] 26-08-2025 16:29:39 [main] Log - Start testing OrangeHrm
[WARN] 26-08-2025 16:29:39 [main] Log - WebDriver is null in onStart
[INFO] 26-08-2025 16:29:45 [main] Log - loginTest test is starting...
[INFO] 26-08-2025 16:29:50 [main] Log - loginTest test is passed.
[INFO] 26-08-2025 16:29:51 [main] Log - adminLocationTest test is starting...
[ERROR] 26-08-2025 16:30:16 [main] Log - adminLocationTest test is failed.
[ERROR] 26-08-2025 16:30:16 [main] Log - Screenshot captured for test case: adminLocationTest
[WARN] 26-08-2025 16:30:16 [main] Log - WebDriver is null, skipping screenshot
[INFO] 26-08-2025 16:30:19 [main] Log - End testing OrangeHrm
[INFO] 26-08-2025 16:41:58 [main] Log - Start testing OrangeHrm
[WARN] 26-08-2025 16:41:58 [main] Log - WebDriver is null in onStart
[INFO] 26-08-2025 16:42:02 [main] Log - loginTest test is starting...
[INFO] 26-08-2025 16:42:10 [main] Log - loginTest test is passed.
[INFO] 26-08-2025 16:42:11 [main] Log - adminLocationTest test is starting...
[ERROR] 26-08-2025 16:42:15 [main] Log - adminLocationTest test is failed.
[ERROR] 26-08-2025 16:42:15 [main] Log - Screenshot captured for test case: adminLocationTest
[WARN] 26-08-2025 16:42:15 [main] Log - WebDriver is null, skipping screenshot
[INFO] 26-08-2025 16:42:19 [main] Log - End testing OrangeHrm
[INFO] 26-08-2025 16:43:10 [main] Log - Start testing OrangeHrm
[WARN] 26-08-2025 16:43:10 [main] Log - WebDriver is null in onStart
[INFO] 26-08-2025 16:43:17 [main] Log - loginTest test is starting...
[INFO] 26-08-2025 16:43:23 [main] Log - loginTest test is passed.
[INFO] 26-08-2025 16:43:24 [main] Log - adminLocationTest test is starting...
[INFO] 26-08-2025 16:43:28 [main] Log - adminLocationTest test is passed.
[INFO] 26-08-2025 16:43:32 [main] Log - End testing OrangeHrm
[INFO] 26-08-2025 17:23:39 [main] Log - Start testing OrangeHrm
[WARN] 26-08-2025 17:23:39 [main] Log - WebDriver is null in onStart
[INFO] 26-08-2025 17:23:45 [main] Log - loginTest test is starting...
[INFO] 26-08-2025 17:23:50 [main] Log - loginTest test is passed.
[INFO] 26-08-2025 17:23:51 [main] Log - adminLocationTest test is starting...
[ERROR] 26-08-2025 17:24:13 [main] Log - adminLocationTest test is failed.
[ERROR] 26-08-2025 17:24:13 [main] Log - Screenshot captured for test case: adminLocationTest
[WARN] 26-08-2025 17:24:13 [main] Log - WebDriver is null, skipping screenshot
[INFO] 26-08-2025 17:24:17 [main] Log - End testing OrangeHrm
[INFO] 26-08-2025 17:26:28 [main] Log - Start testing OrangeHrm
[WARN] 26-08-2025 17:26:28 [main] Log - WebDriver is null in onStart
[INFO] 26-08-2025 17:26:33 [main] Log - loginTest test is starting...
[INFO] 26-08-2025 17:26:46 [main] Log - loginTest test is passed.
[INFO] 26-08-2025 17:26:47 [main] Log - adminLocationTest test is starting...
[ERROR] 26-08-2025 17:27:36 [main] Log - adminLocationTest test is failed.
[ERROR] 26-08-2025 17:27:36 [main] Log - Screenshot captured for test case: adminLocationTest
[WARN] 26-08-2025 17:27:36 [main] Log - WebDriver is null, skipping screenshot
[INFO] 26-08-2025 17:27:40 [main] Log - End testing OrangeHrm
[INFO] 26-08-2025 17:30:52 [main] Log - Start testing OrangeHrm
[WARN] 26-08-2025 17:30:52 [main] Log - WebDriver is null in onStart
[INFO] 26-08-2025 17:30:57 [main] Log - loginTest test is starting...
[INFO] 26-08-2025 17:31:06 [main] Log - loginTest test is passed.
[INFO] 26-08-2025 17:31:07 [main] Log - adminLocationTest test is starting...
[ERROR] 26-08-2025 17:31:18 [main] Log - adminLocationTest test is failed.
[ERROR] 26-08-2025 17:31:18 [main] Log - Screenshot captured for test case: adminLocationTest
[WARN] 26-08-2025 17:31:18 [main] Log - WebDriver is null, skipping screenshot
[INFO] 26-08-2025 17:31:21 [main] Log - End testing OrangeHrm
[INFO] 26-08-2025 17:31:41 [main] Log - Start testing OrangeHrm
[WARN] 26-08-2025 17:31:41 [main] Log - WebDriver is null in onStart
[INFO] 26-08-2025 17:31:47 [main] Log - loginTest test is starting...
[INFO] 26-08-2025 17:31:54 [main] Log - loginTest test is passed.
[INFO] 26-08-2025 17:31:55 [main] Log - adminLocationTest test is starting...
[INFO] 26-08-2025 17:32:45 [main] Log - adminLocationTest test is passed.
[INFO] 26-08-2025 17:32:49 [main] Log - End testing OrangeHrm
[INFO] 26-08-2025 21:18:38 [main] Log - Start testing OrangeHrm
[WARN] 26-08-2025 21:18:38 [main] Log - WebDriver is null in onStart
[INFO] 26-08-2025 21:18:46 [main] Log - loginTest test is starting...
[INFO] 26-08-2025 21:18:53 [main] Log - loginTest test is passed.
[INFO] 26-08-2025 21:18:54 [main] Log - pimTest test is starting...
[INFO] 26-08-2025 21:19:16 [main] Log - pimTest test is passed.
[INFO] 26-08-2025 21:19:25 [main] Log - loginTest test is starting...
[INFO] 26-08-2025 21:19:30 [main] Log - loginTest test is passed.
[INFO] 26-08-2025 21:19:31 [main] Log - adminUserManagementTest test is starting...
[INFO] 26-08-2025 21:20:27 [main] Log - adminUserManagementTest test is passed.
[INFO] 26-08-2025 21:20:42 [main] Log - loginTest test is starting...
[INFO] 26-08-2025 21:20:47 [main] Log - loginTest test is passed.
[INFO] 26-08-2025 21:20:48 [main] Log - adminJobTitleTest test is starting...
[INFO] 26-08-2025 21:21:19 [main] Log - adminJobTitleTest test is passed.
[INFO] 26-08-2025 21:21:28 [main] Log - logInTest test is starting...
[INFO] 26-08-2025 21:21:33 [main] Log - logInTest test is passed.
[INFO] 26-08-2025 21:21:34 [main] Log - adminJobCategoriesTest test is starting...
[INFO] 26-08-2025 21:22:00 [main] Log - adminJobCategoriesTest test is passed.
[INFO] 26-08-2025 21:22:08 [main] Log - logInTest test is starting...
[INFO] 26-08-2025 21:22:13 [main] Log - logInTest test is passed.
[INFO] 26-08-2025 21:22:14 [main] Log - adminEmployeeStatusTest test is starting...
[INFO] 26-08-2025 21:22:40 [main] Log - adminEmployeeStatusTest test is passed.
[INFO] 26-08-2025 21:22:48 [main] Log - loginTest test is starting...
[INFO] 26-08-2025 21:22:53 [main] Log - loginTest test is passed.
[INFO] 26-08-2025 21:22:54 [main] Log - adminLocationTest test is starting...
[INFO] 26-08-2025 21:23:42 [main] Log - adminLocationTest test is passed.
[INFO] 26-08-2025 21:23:45 [main] Log - End testing OrangeHrm
[INFO] 26-08-2025 23:08:37 [main] Log - Start testing OrangeHrm
[WARN] 26-08-2025 23:08:38 [main] Log - WebDriver is null in onStart
[INFO] 26-08-2025 23:08:44 [main] Log - loginTest test is starting...
[INFO] 26-08-2025 23:08:48 [main] Log - loginTest test is passed.
[INFO] 26-08-2025 23:08:50 [main] Log - pimTest test is starting...
[ERROR] 26-08-2025 23:08:53 [main] Log - pimTest test is failed.
[ERROR] 26-08-2025 23:08:53 [main] Log - Screenshot captured for test case: pimTest
[WARN] 26-08-2025 23:08:53 [main] Log - WebDriver is null, skipping screenshot
[INFO] 26-08-2025 23:08:57 [main] Log - End testing OrangeHrm
[INFO] 26-08-2025 23:10:01 [main] Log - Start testing OrangeHrm
[WARN] 26-08-2025 23:10:01 [main] Log - WebDriver is null in onStart
[INFO] 26-08-2025 23:10:06 [main] Log - loginTest test is starting...
[INFO] 26-08-2025 23:10:11 [main] Log - loginTest test is passed.
[INFO] 26-08-2025 23:10:12 [main] Log - pimTest test is starting...
[ERROR] 26-08-2025 23:10:15 [main] Log - pimTest test is failed.
[ERROR] 26-08-2025 23:10:15 [main] Log - Screenshot captured for test case: pimTest
[WARN] 26-08-2025 23:10:15 [main] Log - WebDriver is null, skipping screenshot
[INFO] 26-08-2025 23:10:19 [main] Log - End testing OrangeHrm
[INFO] 26-08-2025 23:11:28 [main] Log - Start testing OrangeHrm
[WARN] 26-08-2025 23:11:28 [main] Log - WebDriver is null in onStart
[INFO] 26-08-2025 23:11:33 [main] Log - loginTest test is starting...
[INFO] 26-08-2025 23:11:38 [main] Log - loginTest test is passed.
[INFO] 26-08-2025 23:11:39 [main] Log - pimTest test is starting...
[INFO] 26-08-2025 23:12:01 [main] Log - pimTest test is passed.
[INFO] 26-08-2025 23:12:05 [main] Log - End testing OrangeHrm
[INFO] 26-08-2025 23:33:24 [main] Log - Start testing OrangeHrm
[WARN] 26-08-2025 23:33:24 [main] Log - WebDriver is null in onStart
[INFO] 26-08-2025 23:33:34 [main] Log - loginTest test is starting...
[INFO] 26-08-2025 23:33:40 [main] Log - loginTest test is passed.
[INFO] 26-08-2025 23:33:41 [main] Log - pimTest test is starting...
[ERROR] 26-08-2025 23:33:56 [main] Log - pimTest test is failed.
[ERROR] 26-08-2025 23:33:56 [main] Log - Screenshot captured for test case: pimTest
[WARN] 26-08-2025 23:33:56 [main] Log - WebDriver is null, skipping screenshot
[INFO] 26-08-2025 23:34:05 [main] Log - loginTest test is starting...
[INFO] 26-08-2025 23:34:09 [main] Log - loginTest test is passed.
[INFO] 26-08-2025 23:34:10 [main] Log - adminUserManagementTest test is starting...
[ERROR] 26-08-2025 23:35:46 [main] Log - adminUserManagementTest test is failed.
[ERROR] 26-08-2025 23:35:46 [main] Log - Screenshot captured for test case: adminUserManagementTest
[WARN] 26-08-2025 23:35:46 [main] Log - WebDriver is null, skipping screenshot
[INFO] 26-08-2025 23:40:54 [main] Log - Start testing OrangeHrm
[WARN] 26-08-2025 23:40:54 [main] Log - WebDriver is null in onStart
[INFO] 26-08-2025 23:41:00 [main] Log - loginTest test is starting...
[INFO] 26-08-2025 23:41:04 [main] Log - loginTest test is passed.
[INFO] 26-08-2025 23:41:05 [main] Log - adminUserManagementTest test is starting...
[ERROR] 26-08-2025 23:41:56 [main] Log - adminUserManagementTest test is failed.
[ERROR] 26-08-2025 23:41:56 [main] Log - Screenshot captured for test case: adminUserManagementTest
[WARN] 26-08-2025 23:41:56 [main] Log - WebDriver is null, skipping screenshot
[INFO] 26-08-2025 23:43:43 [main] Log - Start testing OrangeHrm
[WARN] 26-08-2025 23:43:43 [main] Log - WebDriver is null in onStart
[INFO] 26-08-2025 23:43:48 [main] Log - loginTest test is starting...
[INFO] 26-08-2025 23:43:55 [main] Log - loginTest test is passed.
[INFO] 26-08-2025 23:43:57 [main] Log - adminUserManagementTest test is starting...
[ERROR] 26-08-2025 23:44:36 [main] Log - adminUserManagementTest test is failed.
[ERROR] 26-08-2025 23:44:36 [main] Log - Screenshot captured for test case: adminUserManagementTest
[WARN] 26-08-2025 23:44:36 [main] Log - WebDriver is null, skipping screenshot
[INFO] 26-08-2025 23:44:39 [main] Log - End testing OrangeHrm
[INFO] 26-08-2025 23:44:56 [main] Log - Start testing OrangeHrm
[WARN] 26-08-2025 23:44:56 [main] Log - WebDriver is null in onStart
[INFO] 26-08-2025 23:45:01 [main] Log - loginTest test is starting...
[INFO] 26-08-2025 23:45:06 [main] Log - loginTest test is passed.
[INFO] 26-08-2025 23:45:07 [main] Log - pimTest test is starting...
[ERROR] 26-08-2025 23:45:24 [main] Log - pimTest test is failed.
[ERROR] 26-08-2025 23:45:24 [main] Log - Screenshot captured for test case: pimTest
[WARN] 26-08-2025 23:45:24 [main] Log - WebDriver is null, skipping screenshot
[INFO] 26-08-2025 23:45:29 [main] Log - loginTest test is starting...
[ERROR] 26-08-2025 23:45:29 [main] Log - loginTest test is failed.
[ERROR] 26-08-2025 23:45:29 [main] Log - Screenshot captured for test case: loginTest
[WARN] 26-08-2025 23:45:29 [main] Log - WebDriver is null, skipping screenshot
[INFO] 26-08-2025 23:45:30 [main] Log - adminUserManagementTest test is starting...
[ERROR] 26-08-2025 23:45:31 [main] Log - adminUserManagementTest test is failed.
[ERROR] 26-08-2025 23:45:31 [main] Log - Screenshot captured for test case: adminUserManagementTest
[WARN] 26-08-2025 23:45:31 [main] Log - WebDriver is null, skipping screenshot
[INFO] 26-08-2025 23:45:53 [main] Log - Start testing OrangeHrm
[WARN] 26-08-2025 23:45:53 [main] Log - WebDriver is null in onStart
[INFO] 26-08-2025 23:46:01 [main] Log - loginTest test is starting...
[INFO] 26-08-2025 23:46:08 [main] Log - loginTest test is passed.
[INFO] 26-08-2025 23:46:09 [main] Log - pimTest test is starting...
[INFO] 26-08-2025 23:46:31 [main] Log - pimTest test is passed.
[INFO] 26-08-2025 23:46:40 [main] Log - loginTest test is starting...
[INFO] 26-08-2025 23:46:44 [main] Log - loginTest test is passed.
[INFO] 26-08-2025 23:46:45 [main] Log - adminUserManagementTest test is starting...
[ERROR] 26-08-2025 23:47:17 [main] Log - adminUserManagementTest test is failed.
[ERROR] 26-08-2025 23:47:17 [main] Log - Screenshot captured for test case: adminUserManagementTest
[WARN] 26-08-2025 23:47:17 [main] Log - WebDriver is null, skipping screenshot
[INFO] 26-08-2025 23:58:32 [main] Log - Start testing OrangeHrm
[WARN] 26-08-2025 23:58:32 [main] Log - WebDriver is null in onStart
[INFO] 26-08-2025 23:58:37 [main] Log - loginTest test is starting...
[INFO] 26-08-2025 23:58:43 [main] Log - loginTest test is passed.
[INFO] 26-08-2025 23:58:44 [main] Log - pimTest test is starting...
[INFO] 26-08-2025 23:59:08 [main] Log - pimTest test is passed.
[INFO] 26-08-2025 23:59:16 [main] Log - loginTest test is starting...
[INFO] 26-08-2025 23:59:21 [main] Log - loginTest test is passed.
[INFO] 26-08-2025 23:59:22 [main] Log - adminUserManagementTest test is starting...
[ERROR] 26-08-2025 23:59:41 [main] Log - adminUserManagementTest test is failed.
[ERROR] 26-08-2025 23:59:41 [main] Log - Screenshot captured for test case: adminUserManagementTest
[WARN] 26-08-2025 23:59:41 [main] Log - WebDriver is null, skipping screenshot
[INFO] 26-08-2025 23:59:50 [main] Log - loginTest test is starting...
[INFO] 26-08-2025 23:59:54 [main] Log - loginTest test is passed.
[INFO] 26-08-2025 23:59:55 [main] Log - adminJobTitleTest test is starting...
[ERROR] 27-08-2025 00:00:12 [main] Log - adminJobTitleTest test is failed.
[ERROR] 27-08-2025 00:00:12 [main] Log - Screenshot captured for test case: adminJobTitleTest
[WARN] 27-08-2025 00:00:12 [main] Log - WebDriver is null, skipping screenshot
[INFO] 27-08-2025 00:00:20 [main] Log - logInTest test is starting...
[INFO] 27-08-2025 00:00:26 [main] Log - logInTest test is passed.
[INFO] 27-08-2025 00:00:27 [main] Log - adminJobCategoriesTest test is starting...
[ERROR] 27-08-2025 00:00:42 [main] Log - adminJobCategoriesTest test is failed.
[ERROR] 27-08-2025 00:00:42 [main] Log - Screenshot captured for test case: adminJobCategoriesTest
[WARN] 27-08-2025 00:00:42 [main] Log - WebDriver is null, skipping screenshot
[INFO] 27-08-2025 00:00:50 [main] Log - logInTest test is starting...
[INFO] 27-08-2025 00:00:55 [main] Log - logInTest test is passed.
[INFO] 27-08-2025 00:00:56 [main] Log - adminEmployeeStatusTest test is starting...
[ERROR] 27-08-2025 00:01:16 [main] Log - adminEmployeeStatusTest test is failed.
[ERROR] 27-08-2025 00:01:16 [main] Log - Screenshot captured for test case: adminEmployeeStatusTest
[WARN] 27-08-2025 00:01:16 [main] Log - WebDriver is null, skipping screenshot
[INFO] 27-08-2025 00:01:24 [main] Log - loginTest test is starting...
[INFO] 27-08-2025 00:01:29 [main] Log - loginTest test is passed.
[INFO] 27-08-2025 00:01:30 [main] Log - adminLocationTest test is starting...
[INFO] 27-08-2025 00:02:19 [main] Log - adminLocationTest test is passed.
[INFO] 27-08-2025 00:02:22 [main] Log - End testing OrangeHrm
[INFO] 27-08-2025 00:05:57 [main] Log - Start testing OrangeHrm
[WARN] 27-08-2025 00:05:57 [main] Log - WebDriver is null in onStart
[INFO] 27-08-2025 00:06:03 [main] Log - loginTest test is starting...
[INFO] 27-08-2025 00:06:09 [main] Log - loginTest test is passed.
[INFO] 27-08-2025 00:06:10 [main] Log - pimTest test is starting...
[INFO] 27-08-2025 00:06:33 [main] Log - pimTest test is passed.
[INFO] 27-08-2025 00:06:41 [main] Log - loginTest test is starting...
[INFO] 27-08-2025 00:06:46 [main] Log - loginTest test is passed.
[INFO] 27-08-2025 00:06:47 [main] Log - adminUserManagementTest test is starting...
[ERROR] 27-08-2025 00:07:01 [main] Log - adminUserManagementTest test is failed.
[ERROR] 27-08-2025 00:07:01 [main] Log - Screenshot captured for test case: adminUserManagementTest
[WARN] 27-08-2025 00:07:01 [main] Log - WebDriver is null, skipping screenshot
[INFO] 27-08-2025 00:07:09 [main] Log - loginTest test is starting...
[ERROR] 27-08-2025 00:07:09 [main] Log - loginTest test is failed.
[ERROR] 27-08-2025 00:07:09 [main] Log - Screenshot captured for test case: loginTest
[WARN] 27-08-2025 00:07:09 [main] Log - WebDriver is null, skipping screenshot
[INFO] 27-08-2025 00:07:10 [main] Log - adminJobTitleTest test is starting...
[ERROR] 27-08-2025 00:07:10 [main] Log - adminJobTitleTest test is failed.
[ERROR] 27-08-2025 00:07:10 [main] Log - Screenshot captured for test case: adminJobTitleTest
[WARN] 27-08-2025 00:07:10 [main] Log - WebDriver is null, skipping screenshot
[INFO] 27-08-2025 00:09:22 [main] Log - Start testing OrangeHrm
[WARN] 27-08-2025 00:09:22 [main] Log - WebDriver is null in onStart
[INFO] 27-08-2025 00:09:28 [main] Log - loginTest test is starting...
[INFO] 27-08-2025 00:09:32 [main] Log - loginTest test is passed.
[INFO] 27-08-2025 00:09:33 [main] Log - pimTest test is starting...
[ERROR] 27-08-2025 00:09:49 [main] Log - pimTest test is failed.
[ERROR] 27-08-2025 00:09:49 [main] Log - Screenshot captured for test case: pimTest
[WARN] 27-08-2025 00:09:49 [main] Log - WebDriver is null, skipping screenshot
[INFO] 27-08-2025 00:09:57 [main] Log - loginTest test is starting...
[INFO] 27-08-2025 00:10:02 [main] Log - loginTest test is passed.
[INFO] 27-08-2025 00:10:03 [main] Log - adminUserManagementTest test is starting...
[INFO] 27-08-2025 00:10:58 [main] Log - adminUserManagementTest test is passed.
[INFO] 27-08-2025 00:11:07 [main] Log - loginTest test is starting...
[INFO] 27-08-2025 00:11:12 [main] Log - loginTest test is passed.
[INFO] 27-08-2025 00:11:13 [main] Log - adminJobTitleTest test is starting...
[INFO] 27-08-2025 00:11:44 [main] Log - adminJobTitleTest test is passed.
[INFO] 27-08-2025 00:11:51 [main] Log - logInTest test is starting...
[INFO] 27-08-2025 00:11:56 [main] Log - logInTest test is passed.
[INFO] 27-08-2025 00:11:57 [main] Log - adminJobCategoriesTest test is starting...
[INFO] 27-08-2025 00:12:22 [main] Log - adminJobCategoriesTest test is passed.
[INFO] 27-08-2025 00:12:31 [main] Log - logInTest test is starting...
[INFO] 27-08-2025 00:12:36 [main] Log - logInTest test is passed.
[INFO] 27-08-2025 00:12:37 [main] Log - adminEmployeeStatusTest test is starting...
[ERROR] 27-08-2025 00:13:02 [main] Log - adminEmployeeStatusTest test is failed.
[ERROR] 27-08-2025 00:13:02 [main] Log - Screenshot captured for test case: adminEmployeeStatusTest
[WARN] 27-08-2025 00:13:02 [main] Log - WebDriver is null, skipping screenshot
[INFO] 27-08-2025 00:13:09 [main] Log - loginTest test is starting...
[INFO] 27-08-2025 00:13:14 [main] Log - loginTest test is passed.
[INFO] 27-08-2025 00:13:15 [main] Log - adminLocationTest test is starting...
[ERROR] 27-08-2025 00:13:29 [main] Log - adminLocationTest test is failed.
[ERROR] 27-08-2025 00:13:29 [main] Log - Screenshot captured for test case: adminLocationTest
[WARN] 27-08-2025 00:13:29 [main] Log - WebDriver is null, skipping screenshot
[INFO] 27-08-2025 00:13:32 [main] Log - End testing OrangeHrm
[INFO] 27-08-2025 00:18:58 [main] Log - Start testing OrangeHrm
[WARN] 27-08-2025 00:18:58 [main] Log - WebDriver is null in onStart
[INFO] 27-08-2025 00:19:03 [main] Log - loginTest test is starting...
[INFO] 27-08-2025 00:19:09 [main] Log - loginTest test is passed.
[INFO] 27-08-2025 00:19:10 [main] Log - pimTest test is starting...
[INFO] 27-08-2025 00:19:34 [main] Log - pimTest test is passed.
[INFO] 27-08-2025 00:19:41 [main] Log - loginTest test is starting...
[INFO] 27-08-2025 00:19:47 [main] Log - loginTest test is passed.
[INFO] 27-08-2025 00:19:48 [main] Log - adminUserManagementTest test is starting...
[INFO] 27-08-2025 00:20:43 [main] Log - adminUserManagementTest test is passed.
[INFO] 27-08-2025 00:20:50 [main] Log - loginTest test is starting...
[INFO] 27-08-2025 00:20:55 [main] Log - loginTest test is passed.
[INFO] 27-08-2025 00:20:56 [main] Log - adminJobTitleTest test is starting...
[INFO] 27-08-2025 00:21:26 [main] Log - adminJobTitleTest test is passed.
[INFO] 27-08-2025 00:21:37 [main] Log - logInTest test is starting...
[INFO] 27-08-2025 00:21:43 [main] Log - logInTest test is passed.
[INFO] 27-08-2025 00:21:44 [main] Log - adminJobCategoriesTest test is starting...
[INFO] 27-08-2025 00:22:10 [main] Log - adminJobCategoriesTest test is passed.
[INFO] 27-08-2025 00:22:18 [main] Log - logInTest test is starting...
[INFO] 27-08-2025 00:22:23 [main] Log - logInTest test is passed.
[INFO] 27-08-2025 00:22:24 [main] Log - adminEmployeeStatusTest test is starting...
[INFO] 27-08-2025 00:22:51 [main] Log - adminEmployeeStatusTest test is passed.
[INFO] 27-08-2025 00:22:59 [main] Log - loginTest test is starting...
[INFO] 27-08-2025 00:23:06 [main] Log - loginTest test is passed.
[INFO] 27-08-2025 00:23:07 [main] Log - adminLocationTest test is starting...
[INFO] 27-08-2025 00:23:55 [main] Log - adminLocationTest test is passed.
[INFO] 27-08-2025 00:23:58 [main] Log - End testing OrangeHrm
[INFO] 27-08-2025 10:15:27 [main] Log - Start testing OrangeHrm
[WARN] 27-08-2025 10:15:27 [main] Log - WebDriver is null in onStart
[INFO] 27-08-2025 10:15:41 [main] Log - loginTest test is starting...
[INFO] 27-08-2025 10:15:46 [main] Log - loginTest test is passed.
[INFO] 27-08-2025 10:15:47 [main] Log - pimTest test is starting...
[INFO] 27-08-2025 10:16:24 [main] Log - pimTest test is passed.
[INFO] 27-08-2025 10:16:34 [main] Log - loginTest test is starting...
[INFO] 27-08-2025 10:16:39 [main] Log - loginTest test is passed.
[INFO] 27-08-2025 10:16:40 [main] Log - adminUserManagementTest test is starting...
[ERROR] 27-08-2025 10:17:00 [main] Log - adminUserManagementTest test is failed.
[ERROR] 27-08-2025 10:17:00 [main] Log - Screenshot captured for test case: adminUserManagementTest
[WARN] 27-08-2025 10:17:00 [main] Log - WebDriver is null, skipping screenshot
[INFO] 27-08-2025 10:17:06 [main] Log - loginTest test is starting...
[ERROR] 27-08-2025 10:17:11 [main] Log - loginTest test is failed.
[ERROR] 27-08-2025 10:17:11 [main] Log - Screenshot captured for test case: loginTest
[WARN] 27-08-2025 10:17:11 [main] Log - WebDriver is null, skipping screenshot
[INFO] 27-08-2025 10:17:12 [main] Log - adminJobTitleTest test is starting...
[ERROR] 27-08-2025 10:17:12 [main] Log - adminJobTitleTest test is failed.
[ERROR] 27-08-2025 10:17:12 [main] Log - Screenshot captured for test case: adminJobTitleTest
[WARN] 27-08-2025 10:17:12 [main] Log - WebDriver is null, skipping screenshot
[INFO] 27-08-2025 10:19:20 [main] Log - Start testing OrangeHrm
[WARN] 27-08-2025 10:19:20 [main] Log - WebDriver is null in onStart
[INFO] 27-08-2025 10:19:26 [main] Log - loginTest test is starting...
[INFO] 27-08-2025 10:19:33 [main] Log - loginTest test is passed.
[INFO] 27-08-2025 10:19:34 [main] Log - pimTest test is starting...
[INFO] 27-08-2025 10:20:05 [main] Log - pimTest test is passed.
[INFO] 27-08-2025 10:20:14 [main] Log - loginTest test is starting...
[INFO] 27-08-2025 10:20:20 [main] Log - loginTest test is passed.
[INFO] 27-08-2025 10:20:21 [main] Log - adminUserManagementTest test is starting...
[INFO] 27-08-2025 10:21:18 [main] Log - adminUserManagementTest test is passed.
[INFO] 27-08-2025 10:21:26 [main] Log - loginTest test is starting...
[INFO] 27-08-2025 10:21:33 [main] Log - loginTest test is passed.
[INFO] 27-08-2025 10:21:34 [main] Log - adminJobTitleTest test is starting...
[ERROR] 27-08-2025 10:21:51 [main] Log - adminJobTitleTest test is failed.
[ERROR] 27-08-2025 10:21:51 [main] Log - Screenshot captured for test case: adminJobTitleTest
[WARN] 27-08-2025 10:21:51 [main] Log - WebDriver is null, skipping screenshot
[INFO] 27-08-2025 10:21:57 [main] Log - logInTest test is starting...
[INFO] 27-08-2025 10:22:05 [main] Log - logInTest test is passed.
[INFO] 27-08-2025 10:22:06 [main] Log - adminJobCategoriesTest test is starting...
[ERROR] 27-08-2025 10:22:27 [main] Log - adminJobCategoriesTest test is failed.
[ERROR] 27-08-2025 10:22:27 [main] Log - Screenshot captured for test case: adminJobCategoriesTest
[WARN] 27-08-2025 10:22:27 [main] Log - WebDriver is null, skipping screenshot
[INFO] 27-08-2025 10:22:33 [main] Log - logInTest test is starting...
[INFO] 27-08-2025 10:22:41 [main] Log - logInTest test is passed.
[INFO] 27-08-2025 10:22:42 [main] Log - adminEmployeeStatusTest test is starting...
[ERROR] 27-08-2025 10:23:04 [main] Log - adminEmployeeStatusTest test is failed.
[ERROR] 27-08-2025 10:23:04 [main] Log - Screenshot captured for test case: adminEmployeeStatusTest
[WARN] 27-08-2025 10:23:04 [main] Log - WebDriver is null, skipping screenshot
[INFO] 27-08-2025 10:23:13 [main] Log - loginTest test is starting...
[INFO] 27-08-2025 10:23:18 [main] Log - loginTest test is passed.
[INFO] 27-08-2025 10:23:19 [main] Log - adminLocationTest test is starting...
[INFO] 27-08-2025 10:24:08 [main] Log - adminLocationTest test is passed.
[INFO] 27-08-2025 10:24:11 [main] Log - End testing OrangeHrm
[INFO] 27-08-2025 10:51:28 [main] Log - Start testing OrangeHrm
[WARN] 27-08-2025 10:51:28 [main] Log - WebDriver is null in onStart
[INFO] 27-08-2025 10:51:32 [main] Log - loginTest test is starting...
[INFO] 27-08-2025 10:51:40 [main] Log - loginTest test is passed.
[INFO] 27-08-2025 10:51:41 [main] Log - pimTest test is starting...
[INFO] 27-08-2025 10:52:06 [main] Log - pimTest test is passed.
[INFO] 27-08-2025 10:52:12 [main] Log - loginTest test is starting...
[INFO] 27-08-2025 10:52:19 [main] Log - loginTest test is passed.
[INFO] 27-08-2025 10:52:20 [main] Log - adminUserManagementTest test is starting...
[INFO] 27-08-2025 10:53:17 [main] Log - adminUserManagementTest test is passed.
[INFO] 27-08-2025 10:53:26 [main] Log - loginTest test is starting...
[INFO] 27-08-2025 10:53:31 [main] Log - loginTest test is passed.
[INFO] 27-08-2025 10:53:32 [main] Log - adminJobTitleTest test is starting...
[ERROR] 27-08-2025 10:53:49 [main] Log - adminJobTitleTest test is failed.
[ERROR] 27-08-2025 10:53:49 [main] Log - Screenshot captured for test case: adminJobTitleTest
[WARN] 27-08-2025 10:53:49 [main] Log - WebDriver is null, skipping screenshot
[INFO] 27-08-2025 10:53:58 [main] Log - loginTest test is starting...
[INFO] 27-08-2025 10:54:03 [main] Log - loginTest test is passed.
[INFO] 27-08-2025 10:54:04 [main] Log - adminJobCategoriesTest test is starting...
[ERROR] 27-08-2025 10:54:25 [main] Log - adminJobCategoriesTest test is failed.
[ERROR] 27-08-2025 10:54:25 [main] Log - Screenshot captured for test case: adminJobCategoriesTest
[WARN] 27-08-2025 10:54:25 [main] Log - WebDriver is null, skipping screenshot
[INFO] 27-08-2025 10:54:33 [main] Log - loginTest test is starting...
[INFO] 27-08-2025 10:54:38 [main] Log - loginTest test is passed.
[INFO] 27-08-2025 10:54:39 [main] Log - adminEmploymentStatusTest test is starting...
[ERROR] 27-08-2025 10:55:01 [main] Log - adminEmploymentStatusTest test is failed.
[ERROR] 27-08-2025 10:55:01 [main] Log - Screenshot captured for test case: adminEmploymentStatusTest
[WARN] 27-08-2025 10:55:01 [main] Log - WebDriver is null, skipping screenshot
[INFO] 27-08-2025 10:55:07 [main] Log - loginTest test is starting...
[INFO] 27-08-2025 10:55:14 [main] Log - loginTest test is passed.
[INFO] 27-08-2025 10:55:15 [main] Log - adminLocationTest test is starting...
[INFO] 27-08-2025 10:56:04 [main] Log - adminLocationTest test is passed.
[INFO] 27-08-2025 10:56:08 [main] Log - End testing OrangeHrm
[INFO] 27-08-2025 11:09:05 [main] Log - Start testing OrangeHrm
[WARN] 27-08-2025 11:09:05 [main] Log - WebDriver is null in onStart
[INFO] 27-08-2025 11:09:12 [main] Log - loginTest test is starting...
[INFO] 27-08-2025 11:09:16 [main] Log - loginTest test is passed.
[INFO] 27-08-2025 11:09:17 [main] Log - pimTest test is starting...
[INFO] 27-08-2025 11:09:44 [main] Log - pimTest test is passed.
[INFO] 27-08-2025 11:09:50 [main] Log - loginTest test is starting...
[INFO] 27-08-2025 11:09:57 [main] Log - loginTest test is passed.
[INFO] 27-08-2025 11:09:58 [main] Log - adminUserManagementTest test is starting...
[INFO] 27-08-2025 11:10:55 [main] Log - adminUserManagementTest test is passed.
[INFO] 27-08-2025 11:11:01 [main] Log - loginTest test is starting...
[INFO] 27-08-2025 11:11:08 [main] Log - loginTest test is passed.
[INFO] 27-08-2025 11:11:09 [main] Log - adminJobTitleTest test is starting...
[ERROR] 27-08-2025 11:11:24 [main] Log - adminJobTitleTest test is failed.
[ERROR] 27-08-2025 11:11:24 [main] Log - Screenshot captured for test case: adminJobTitleTest
[WARN] 27-08-2025 11:11:24 [main] Log - WebDriver is null, skipping screenshot
[INFO] 27-08-2025 11:11:32 [main] Log - loginTest test is starting...
[INFO] 27-08-2025 11:11:37 [main] Log - loginTest test is passed.
[INFO] 27-08-2025 11:11:38 [main] Log - adminJobCategoriesTest test is starting...
[ERROR] 27-08-2025 11:12:03 [main] Log - adminJobCategoriesTest test is failed.
[ERROR] 27-08-2025 11:12:03 [main] Log - Screenshot captured for test case: adminJobCategoriesTest
[WARN] 27-08-2025 11:12:03 [main] Log - WebDriver is null, skipping screenshot
[INFO] 27-08-2025 11:12:11 [main] Log - loginTest test is starting...
[INFO] 27-08-2025 11:12:16 [main] Log - loginTest test is passed.
[INFO] 27-08-2025 11:12:17 [main] Log - adminEmploymentStatusTest test is starting...
[ERROR] 27-08-2025 11:12:39 [main] Log - adminEmploymentStatusTest test is failed.
[ERROR] 27-08-2025 11:12:39 [main] Log - Screenshot captured for test case: adminEmploymentStatusTest
[WARN] 27-08-2025 11:12:39 [main] Log - WebDriver is null, skipping screenshot
[INFO] 27-08-2025 11:12:46 [main] Log - loginTest test is starting...
[INFO] 27-08-2025 11:12:53 [main] Log - loginTest test is passed.
[INFO] 27-08-2025 11:12:54 [main] Log - adminLocationTest test is starting...
[INFO] 27-08-2025 11:13:43 [main] Log - adminLocationTest test is passed.
[INFO] 27-08-2025 11:13:46 [main] Log - End testing OrangeHrm
[INFO] 27-08-2025 11:24:21 [main] Log - Start testing OrangeHrm
[WARN] 27-08-2025 11:24:21 [main] Log - WebDriver is null in onStart
[INFO] 27-08-2025 11:24:27 [main] Log - loginTest test is starting...
[INFO] 27-08-2025 11:24:37 [main] Log - loginTest test is passed.
[INFO] 27-08-2025 11:24:38 [main] Log - pimTest test is starting...
[ERROR] 27-08-2025 11:25:10 [main] Log - pimTest test is failed.
[ERROR] 27-08-2025 11:25:10 [main] Log - Screenshot captured for test case: pimTest
[WARN] 27-08-2025 11:25:10 [main] Log - WebDriver is null, skipping screenshot
[INFO] 27-08-2025 11:25:17 [main] Log - loginTest test is starting...
[ERROR] 27-08-2025 11:25:17 [main] Log - loginTest test is failed.
[ERROR] 27-08-2025 11:25:17 [main] Log - Screenshot captured for test case: loginTest
[WARN] 27-08-2025 11:25:17 [main] Log - WebDriver is null, skipping screenshot
[INFO] 27-08-2025 11:25:18 [main] Log - adminUserManagementTest test is starting...
[ERROR] 27-08-2025 11:25:18 [main] Log - adminUserManagementTest test is failed.
[ERROR] 27-08-2025 11:25:18 [main] Log - Screenshot captured for test case: adminUserManagementTest
[WARN] 27-08-2025 11:25:18 [main] Log - WebDriver is null, skipping screenshot
[INFO] 27-08-2025 11:25:50 [main] Log - Start testing OrangeHrm
[WARN] 27-08-2025 11:25:50 [main] Log - WebDriver is null in onStart
[INFO] 27-08-2025 11:25:58 [main] Log - loginTest test is starting...
[INFO] 27-08-2025 11:26:06 [main] Log - loginTest test is passed.
[INFO] 27-08-2025 11:26:07 [main] Log - pimTest test is starting...
[ERROR] 27-08-2025 11:26:25 [main] Log - pimTest test is failed.
[ERROR] 27-08-2025 11:26:25 [main] Log - Screenshot captured for test case: pimTest
[WARN] 27-08-2025 11:26:25 [main] Log - WebDriver is null, skipping screenshot
[INFO] 27-08-2025 11:26:32 [main] Log - loginTest test is starting...
[INFO] 27-08-2025 11:26:40 [main] Log - loginTest test is passed.
[INFO] 27-08-2025 11:26:41 [main] Log - adminUserManagementTest test is starting...
[INFO] 27-08-2025 11:27:45 [main] Log - adminUserManagementTest test is passed.
[INFO] 27-08-2025 11:27:53 [main] Log - loginTest test is starting...
[INFO] 27-08-2025 11:27:59 [main] Log - loginTest test is passed.
[INFO] 27-08-2025 11:28:00 [main] Log - adminJobTitleTest test is starting...
[ERROR] 27-08-2025 11:28:26 [main] Log - adminJobTitleTest test is failed.
[ERROR] 27-08-2025 11:28:26 [main] Log - Screenshot captured for test case: adminJobTitleTest
[WARN] 27-08-2025 11:28:26 [main] Log - WebDriver is null, skipping screenshot
[INFO] 27-08-2025 11:28:34 [main] Log - loginTest test is starting...
[INFO] 27-08-2025 11:28:39 [main] Log - loginTest test is passed.
[INFO] 27-08-2025 11:28:40 [main] Log - adminJobCategoriesTest test is starting...
[ERROR] 27-08-2025 11:29:03 [main] Log - adminJobCategoriesTest test is failed.
[ERROR] 27-08-2025 11:29:04 [main] Log - Screenshot captured for test case: adminJobCategoriesTest
[WARN] 27-08-2025 11:29:04 [main] Log - WebDriver is null, skipping screenshot
[INFO] 27-08-2025 11:29:10 [main] Log - loginTest test is starting...
[INFO] 27-08-2025 11:29:18 [main] Log - loginTest test is passed.
[INFO] 27-08-2025 11:29:19 [main] Log - adminEmploymentStatusTest test is starting...
[ERROR] 27-08-2025 11:29:42 [main] Log - adminEmploymentStatusTest test is failed.
[ERROR] 27-08-2025 11:29:42 [main] Log - Screenshot captured for test case: adminEmploymentStatusTest
[WARN] 27-08-2025 11:29:42 [main] Log - WebDriver is null, skipping screenshot
[INFO] 27-08-2025 11:29:51 [main] Log - loginTest test is starting...
[INFO] 27-08-2025 11:29:55 [main] Log - loginTest test is passed.
[INFO] 27-08-2025 11:29:56 [main] Log - adminLocationTest test is starting...
[INFO] 27-08-2025 11:30:51 [main] Log - adminLocationTest test is passed.
[INFO] 27-08-2025 11:30:54 [main] Log - End testing OrangeHrm
[INFO] 27-08-2025 12:13:17 [main] Log - Start testing OrangeHrm
[WARN] 27-08-2025 12:13:17 [main] Log - WebDriver is null in onStart
[INFO] 27-08-2025 12:13:23 [main] Log - loginTest test is starting...
[INFO] 27-08-2025 12:13:27 [main] Log - loginTest test is passed.
[INFO] 27-08-2025 12:13:28 [main] Log - pimTest test is starting...
[INFO] 27-08-2025 12:13:52 [main] Log - pimTest test is passed.
[INFO] 27-08-2025 12:13:59 [main] Log - loginTest test is starting...
[INFO] 27-08-2025 12:14:04 [main] Log - loginTest test is passed.
[INFO] 27-08-2025 12:14:05 [main] Log - adminUserManagementTest test is starting...
[INFO] 27-08-2025 12:15:06 [main] Log - adminUserManagementTest test is passed.
[INFO] 27-08-2025 12:15:15 [main] Log - loginTest test is starting...
[INFO] 27-08-2025 12:15:21 [main] Log - loginTest test is passed.
[INFO] 27-08-2025 12:15:22 [main] Log - adminJobTitleTest test is starting...
[ERROR] 27-08-2025 12:15:49 [main] Log - adminJobTitleTest test is failed.
[ERROR] 27-08-2025 12:15:49 [main] Log - Screenshot captured for test case: adminJobTitleTest
[WARN] 27-08-2025 12:15:49 [main] Log - WebDriver is null, skipping screenshot
[INFO] 27-08-2025 12:15:55 [main] Log - loginTest test is starting...
[ERROR] 27-08-2025 12:15:55 [main] Log - loginTest test is failed.
[ERROR] 27-08-2025 12:15:55 [main] Log - Screenshot captured for test case: loginTest
[WARN] 27-08-2025 12:15:55 [main] Log - WebDriver is null, skipping screenshot
[INFO] 27-08-2025 12:15:56 [main] Log - adminJobCategoriesTest test is starting...
[ERROR] 27-08-2025 12:15:56 [main] Log - adminJobCategoriesTest test is failed.
[ERROR] 27-08-2025 12:15:56 [main] Log - Screenshot captured for test case: adminJobCategoriesTest
[WARN] 27-08-2025 12:15:56 [main] Log - WebDriver is null, skipping screenshot
[INFO] 27-08-2025 12:31:25 [main] Log - Start testing orangehrm
[WARN] 27-08-2025 12:31:25 [main] Log - WebDriver is null in onStart
[INFO] 27-08-2025 12:31:26 [main] Log - testST test is starting...
[WARN] 27-08-2025 12:31:26 [main] Log - testST test is skipped.
[INFO] 27-08-2025 12:31:26 [main] Log - End testing orangehrm
[INFO] 27-08-2025 12:34:46 [main] Log - Start testing OrangeHrm
[WARN] 27-08-2025 12:34:46 [main] Log - WebDriver is null in onStart
[INFO] 27-08-2025 12:34:55 [main] Log - loginTest test is starting...
[INFO] 27-08-2025 12:35:03 [main] Log - loginTest test is passed.
[INFO] 27-08-2025 12:35:04 [main] Log - adminJobTitleTest test is starting...
[ERROR] 27-08-2025 12:35:36 [main] Log - adminJobTitleTest test is failed.
[ERROR] 27-08-2025 12:35:36 [main] Log - Screenshot captured for test case: adminJobTitleTest
[WARN] 27-08-2025 12:35:36 [main] Log - WebDriver is null, skipping screenshot
[INFO] 27-08-2025 12:35:41 [main] Log - loginTest test is starting...
[ERROR] 27-08-2025 12:35:41 [main] Log - loginTest test is failed.
[ERROR] 27-08-2025 12:35:41 [main] Log - Screenshot captured for test case: loginTest
[WARN] 27-08-2025 12:35:41 [main] Log - WebDriver is null, skipping screenshot
[INFO] 27-08-2025 12:35:42 [main] Log - adminJobCategoriesTest test is starting...
[ERROR] 27-08-2025 12:35:42 [main] Log - adminJobCategoriesTest test is failed.
[ERROR] 27-08-2025 12:35:42 [main] Log - Screenshot captured for test case: adminJobCategoriesTest
[WARN] 27-08-2025 12:35:42 [main] Log - WebDriver is null, skipping screenshot
[INFO] 27-08-2025 14:41:30 [main] Log - Start testing OrangeHrm
[WARN] 27-08-2025 14:41:30 [main] Log - WebDriver is null in onStart
[INFO] 27-08-2025 14:41:36 [main] Log - loginTest test is starting...
[INFO] 27-08-2025 14:41:41 [main] Log - loginTest test is passed.
[INFO] 27-08-2025 14:41:42 [main] Log - adminJobTitleTest test is starting...
[ERROR] 27-08-2025 14:42:06 [main] Log - adminJobTitleTest test is failed.
[ERROR] 27-08-2025 14:42:06 [main] Log - Screenshot captured for test case: adminJobTitleTest
[WARN] 27-08-2025 14:42:06 [main] Log - WebDriver is null, skipping screenshot
[INFO] 27-08-2025 14:42:29 [main] Log - Start testing OrangeHrm
[WARN] 27-08-2025 14:42:29 [main] Log - WebDriver is null in onStart
[INFO] 27-08-2025 14:42:48 [main] Log - loginTest test is starting...
[ERROR] 27-08-2025 14:42:53 [main] Log - loginTest test is failed.
[ERROR] 27-08-2025 14:42:53 [main] Log - Screenshot captured for test case: loginTest
[WARN] 27-08-2025 14:42:53 [main] Log - WebDriver is null, skipping screenshot
[INFO] 27-08-2025 14:42:54 [main] Log - pimTest test is starting...
[INFO] 27-08-2025 14:43:03 [main] Log - Start testing OrangeHrm
[WARN] 27-08-2025 14:43:03 [main] Log - WebDriver is null in onStart
[INFO] 27-08-2025 14:43:19 [main] Log - loginTest test is starting...
[ERROR] 27-08-2025 14:43:19 [main] Log - loginTest test is failed.
[ERROR] 27-08-2025 14:43:19 [main] Log - Screenshot captured for test case: loginTest
[WARN] 27-08-2025 14:43:19 [main] Log - WebDriver is null, skipping screenshot
[INFO] 27-08-2025 14:44:37 [main] Log - Start testing OrangeHrm
[WARN] 27-08-2025 14:44:37 [main] Log - WebDriver is null in onStart
[INFO] 27-08-2025 14:44:42 [main] Log - loginTest test is starting...
[INFO] 27-08-2025 14:44:46 [main] Log - loginTest test is passed.
[INFO] 27-08-2025 14:44:47 [main] Log - pimTest test is starting...
[INFO] 27-08-2025 14:45:11 [main] Log - pimTest test is passed.
[INFO] 27-08-2025 14:45:18 [main] Log - loginTest test is starting...
[INFO] 27-08-2025 14:45:23 [main] Log - loginTest test is passed.
[INFO] 27-08-2025 14:45:24 [main] Log - adminUserManagementTest test is starting...
[INFO] 27-08-2025 14:46:25 [main] Log - adminUserManagementTest test is passed.
[INFO] 27-08-2025 14:46:34 [main] Log - loginTest test is starting...
[INFO] 27-08-2025 14:46:39 [main] Log - loginTest test is passed.
[INFO] 27-08-2025 14:46:40 [main] Log - adminJobTitleTest test is starting...
[ERROR] 27-08-2025 14:46:59 [main] Log - adminJobTitleTest test is failed.
[ERROR] 27-08-2025 14:46:59 [main] Log - Screenshot captured for test case: adminJobTitleTest
[WARN] 27-08-2025 14:46:59 [main] Log - WebDriver is null, skipping screenshot
[INFO] 27-08-2025 14:47:07 [main] Log - loginTest test is starting...
[INFO] 27-08-2025 14:49:31 [main] Log - Start testing OrangeHrm
[WARN] 27-08-2025 14:49:31 [main] Log - WebDriver is null in onStart
[INFO] 27-08-2025 14:49:37 [main] Log - loginTest test is starting...
[INFO] 27-08-2025 14:49:43 [main] Log - loginTest test is passed.
[INFO] 27-08-2025 14:49:44 [main] Log - pimTest test is starting...
[ERROR] 27-08-2025 14:50:01 [main] Log - pimTest test is failed.
[ERROR] 27-08-2025 14:50:01 [main] Log - Screenshot captured for test case: pimTest
[WARN] 27-08-2025 14:50:01 [main] Log - WebDriver is null, skipping screenshot
[INFO] 27-08-2025 14:50:06 [main] Log - loginTest test is starting...
[ERROR] 27-08-2025 14:50:06 [main] Log - loginTest test is failed.
[ERROR] 27-08-2025 14:50:06 [main] Log - Screenshot captured for test case: loginTest
[WARN] 27-08-2025 14:50:06 [main] Log - WebDriver is null, skipping screenshot
[INFO] 27-08-2025 14:50:07 [main] Log - adminUserManagementTest test is starting...
[ERROR] 27-08-2025 14:50:07 [main] Log - adminUserManagementTest test is failed.
[ERROR] 27-08-2025 14:50:07 [main] Log - Screenshot captured for test case: adminUserManagementTest
[WARN] 27-08-2025 14:50:07 [main] Log - WebDriver is null, skipping screenshot
[INFO] 27-08-2025 14:51:23 [main] Log - Start testing OrangeHrm
[WARN] 27-08-2025 14:51:23 [main] Log - WebDriver is null in onStart
[INFO] 27-08-2025 14:51:29 [main] Log - loginTest test is starting...
[INFO] 27-08-2025 14:51:34 [main] Log - loginTest test is passed.
[INFO] 27-08-2025 14:51:35 [main] Log - pimTest test is starting...
[INFO] 27-08-2025 14:51:59 [main] Log - pimTest test is passed.
[INFO] 27-08-2025 14:52:07 [main] Log - loginTest test is starting...
[INFO] 27-08-2025 14:52:11 [main] Log - loginTest test is passed.
[INFO] 27-08-2025 14:52:12 [main] Log - adminUserManagementTest test is starting...
[INFO] 27-08-2025 14:53:13 [main] Log - adminUserManagementTest test is passed.
[INFO] 27-08-2025 14:53:23 [main] Log - loginTest test is starting...
[INFO] 27-08-2025 14:53:28 [main] Log - loginTest test is passed.
[INFO] 27-08-2025 14:53:29 [main] Log - adminJobTitleTest test is starting...
[INFO] 27-08-2025 14:54:20 [main] Log - adminJobTitleTest test is passed.
[INFO] 27-08-2025 14:54:30 [main] Log - loginTest test is starting...
[INFO] 27-08-2025 14:54:35 [main] Log - loginTest test is passed.
[INFO] 27-08-2025 14:54:36 [main] Log - adminJobCategoriesTest test is starting...
[INFO] 27-08-2025 14:55:05 [main] Log - adminJobCategoriesTest test is passed.
[INFO] 27-08-2025 14:55:12 [main] Log - loginTest test is starting...
[INFO] 27-08-2025 14:55:17 [main] Log - loginTest test is passed.
[INFO] 27-08-2025 14:55:18 [main] Log - adminEmploymentStatusTest test is starting...
[INFO] 27-08-2025 14:55:47 [main] Log - adminEmploymentStatusTest test is passed.
[INFO] 27-08-2025 14:55:54 [main] Log - loginTest test is starting...
[INFO] 27-08-2025 14:55:59 [main] Log - loginTest test is passed.
[INFO] 27-08-2025 14:56:00 [main] Log - adminLocationTest test is starting...
[INFO] 27-08-2025 14:56:53 [main] Log - adminLocationTest test is passed.
[INFO] 27-08-2025 14:56:56 [main] Log - End testing OrangeHrm
[INFO] 27-08-2025 15:18:56 [main] Log - Start testing OrangeHrm
[WARN] 27-08-2025 15:18:56 [main] Log - WebDriver is null in onStart
[INFO] 27-08-2025 15:19:02 [main] Log - Start testing OrangeHrm
[WARN] 27-08-2025 15:19:02 [main] Log - WebDriver is null in onStart
[INFO] 27-08-2025 15:19:09 [TestNG-test-OrangeHrm-1] Log - loginTest test is starting...
[INFO] 27-08-2025 15:19:10 [TestNG-test-OrangeHrm-5] Log - loginTest test is starting...
[INFO] 27-08-2025 15:19:10 [TestNG-test-OrangeHrm-3] Log - loginTest test is starting...
[INFO] 27-08-2025 15:19:10 [TestNG-test-OrangeHrm-2] Log - loginTest test is starting...
[INFO] 27-08-2025 15:19:11 [TestNG-test-OrangeHrm-4] Log - loginTest test is starting...
[INFO] 27-08-2025 15:19:11 [TestNG-test-OrangeHrm-6] Log - loginTest test is starting...
[INFO] 27-08-2025 15:19:16 [TestNG-test-OrangeHrm-1] Log - loginTest test is passed.
[INFO] 27-08-2025 15:19:17 [TestNG-test-OrangeHrm-1] Log - pimTest test is starting...
[INFO] 27-08-2025 15:19:18 [TestNG-test-OrangeHrm-3] Log - loginTest test is passed.
[INFO] 27-08-2025 15:19:18 [TestNG-test-OrangeHrm-2] Log - loginTest test is passed.
[INFO] 27-08-2025 15:19:18 [TestNG-test-OrangeHrm-5] Log - loginTest test is passed.
[INFO] 27-08-2025 15:19:19 [TestNG-test-OrangeHrm-3] Log - adminJobTitleTest test is starting...
[INFO] 27-08-2025 15:19:19 [TestNG-test-OrangeHrm-2] Log - adminUserManagementTest test is starting...
[INFO] 27-08-2025 15:19:19 [TestNG-test-OrangeHrm-5] Log - adminEmploymentStatusTest test is starting...
[INFO] 27-08-2025 15:19:21 [TestNG-test-OrangeHrm-6] Log - loginTest test is passed.
[INFO] 27-08-2025 15:19:22 [TestNG-test-OrangeHrm-6] Log - adminLocationTest test is starting...
[INFO] 27-08-2025 15:19:22 [TestNG-test-OrangeHrm-4] Log - loginTest test is passed.
[INFO] 27-08-2025 15:19:23 [TestNG-test-OrangeHrm-4] Log - adminJobCategoriesTest test is starting...
[ERROR] 27-08-2025 15:19:39 [TestNG-test-OrangeHrm-4] Log - adminJobCategoriesTest test is failed.
[ERROR] 27-08-2025 15:19:39 [TestNG-test-OrangeHrm-4] Log - Screenshot captured for test case: adminJobCategoriesTest
[INFO] 27-08-2025 15:19:46 [TestNG-test-OrangeHrm-1] Log - pimTest test is passed.
[ERROR] 27-08-2025 15:19:48 [TestNG-test-OrangeHrm-3] Log - adminJobTitleTest test is failed.
[ERROR] 27-08-2025 15:19:48 [TestNG-test-OrangeHrm-3] Log - Screenshot captured for test case: adminJobTitleTest
[ERROR] 27-08-2025 15:19:51 [TestNG-test-OrangeHrm-2] Log - adminUserManagementTest test is failed.
[ERROR] 27-08-2025 15:19:51 [TestNG-test-OrangeHrm-2] Log - Screenshot captured for test case: adminUserManagementTest
[ERROR] 27-08-2025 15:19:52 [TestNG-test-OrangeHrm-5] Log - adminEmploymentStatusTest test is failed.
[ERROR] 27-08-2025 15:19:52 [TestNG-test-OrangeHrm-5] Log - Screenshot captured for test case: adminEmploymentStatusTest
[ERROR] 27-08-2025 15:19:52 [TestNG-test-OrangeHrm-5] Log - adminEmploymentStatusTest test is failed.
[ERROR] 27-08-2025 15:19:52 [TestNG-test-OrangeHrm-5] Log - Screenshot captured for test case: adminEmploymentStatusTest
[ERROR] 27-08-2025 15:19:55 [TestNG-test-OrangeHrm-6] Log - adminLocationTest test is failed.
[ERROR] 27-08-2025 15:19:55 [TestNG-test-OrangeHrm-6] Log - Screenshot captured for test case: adminLocationTest
[ERROR] 27-08-2025 15:19:56 [TestNG-test-OrangeHrm-6] Log - adminLocationTest test is failed.
[ERROR] 27-08-2025 15:19:56 [TestNG-test-OrangeHrm-6] Log - Screenshot captured for test case: adminLocationTest
[INFO] 27-08-2025 15:24:45 [main] Log - Start testing PIMTest
[WARN] 27-08-2025 15:24:45 [main] Log - WebDriver is null in onStart
[INFO] 27-08-2025 15:24:55 [main] Log - loginTest test is starting...
[INFO] 27-08-2025 15:24:59 [main] Log - loginTest test is passed.
[INFO] 27-08-2025 15:25:00 [main] Log - pimTest test is starting...
[ERROR] 27-08-2025 15:25:08 [main] Log - pimTest test is failed.
[ERROR] 27-08-2025 15:25:08 [main] Log - Screenshot captured for test case: pimTest
[ERROR] 27-08-2025 15:25:09 [main] Log - pimTest test is failed.
[ERROR] 27-08-2025 15:25:09 [main] Log - Screenshot captured for test case: pimTest
[INFO] 27-08-2025 15:25:29 [main] Log - Start testing PIMTest
[WARN] 27-08-2025 15:25:29 [main] Log - WebDriver is null in onStart
[INFO] 27-08-2025 15:25:35 [main] Log - loginTest test is starting...
[INFO] 27-08-2025 15:25:39 [main] Log - loginTest test is passed.
[INFO] 27-08-2025 15:25:40 [main] Log - pimTest test is starting...
[INFO] 27-08-2025 15:26:02 [main] Log - pimTest test is passed.
[INFO] 27-08-2025 15:26:05 [main] Log - End testing PIMTest
[INFO] 27-08-2025 15:26:05 [main] Log - Start testing AdminTests
[WARN] 27-08-2025 15:26:05 [main] Log - WebDriver is null in onStart
[INFO] 27-08-2025 15:26:11 [TestNG-test-AdminTests-2] Log - loginTest test is starting...
[INFO] 27-08-2025 15:26:12 [TestNG-test-AdminTests-3] Log - loginTest test is starting...
[INFO] 27-08-2025 15:26:12 [TestNG-test-AdminTests-4] Log - loginTest test is starting...
[INFO] 27-08-2025 15:26:12 [TestNG-test-AdminTests-5] Log - loginTest test is starting...
[INFO] 27-08-2025 15:26:12 [TestNG-test-AdminTests-1] Log - loginTest test is starting...
[INFO] 27-08-2025 15:26:16 [TestNG-test-AdminTests-3] Log - loginTest test is passed.
[INFO] 27-08-2025 15:26:16 [TestNG-test-AdminTests-4] Log - loginTest test is passed.
[INFO] 27-08-2025 15:26:17 [TestNG-test-AdminTests-5] Log - loginTest test is passed.
[INFO] 27-08-2025 15:26:17 [TestNG-test-AdminTests-3] Log - adminJobCategoriesTest test is starting...
[INFO] 27-08-2025 15:26:18 [TestNG-test-AdminTests-4] Log - adminEmploymentStatusTest test is starting...
[INFO] 27-08-2025 15:26:18 [TestNG-test-AdminTests-1] Log - loginTest test is passed.
[INFO] 27-08-2025 15:26:18 [TestNG-test-AdminTests-2] Log - loginTest test is passed.
[INFO] 27-08-2025 15:26:18 [TestNG-test-AdminTests-5] Log - adminLocationTest test is starting...
[INFO] 27-08-2025 15:26:19 [TestNG-test-AdminTests-1] Log - adminUserManagementTest test is starting...
[INFO] 27-08-2025 15:26:19 [TestNG-test-AdminTests-2] Log - adminJobTitleTest test is starting...
[ERROR] 27-08-2025 15:26:38 [TestNG-test-AdminTests-2] Log - adminJobTitleTest test is failed.
[ERROR] 27-08-2025 15:26:38 [TestNG-test-AdminTests-2] Log - Screenshot captured for test case: adminJobTitleTest
[ERROR] 27-08-2025 15:26:38 [TestNG-test-AdminTests-2] Log - adminJobTitleTest test is failed.
[ERROR] 27-08-2025 15:26:38 [TestNG-test-AdminTests-2] Log - Screenshot captured for test case: adminJobTitleTest
[ERROR] 27-08-2025 15:26:40 [TestNG-test-AdminTests-5] Log - adminLocationTest test is failed.
[ERROR] 27-08-2025 15:26:40 [TestNG-test-AdminTests-5] Log - Screenshot captured for test case: adminLocationTest
[ERROR] 27-08-2025 15:26:40 [TestNG-test-AdminTests-5] Log - adminLocationTest test is failed.
[ERROR] 27-08-2025 15:26:40 [TestNG-test-AdminTests-5] Log - Screenshot captured for test case: adminLocationTest
[ERROR] 27-08-2025 15:26:42 [TestNG-test-AdminTests-3] Log - adminJobCategoriesTest test is failed.
[ERROR] 27-08-2025 15:26:42 [TestNG-test-AdminTests-3] Log - Screenshot captured for test case: adminJobCategoriesTest
[ERROR] 27-08-2025 15:26:42 [TestNG-test-AdminTests-4] Log - adminEmploymentStatusTest test is failed.
[ERROR] 27-08-2025 15:26:42 [TestNG-test-AdminTests-4] Log - Screenshot captured for test case: adminEmploymentStatusTest
[ERROR] 27-08-2025 15:26:42 [TestNG-test-AdminTests-4] Log - adminEmploymentStatusTest test is failed.
[ERROR] 27-08-2025 15:26:42 [TestNG-test-AdminTests-4] Log - Screenshot captured for test case: adminEmploymentStatusTest
[ERROR] 27-08-2025 15:26:43 [TestNG-test-AdminTests-1] Log - adminUserManagementTest test is failed.
[ERROR] 27-08-2025 15:26:43 [TestNG-test-AdminTests-1] Log - Screenshot captured for test case: adminUserManagementTest
[ERROR] 27-08-2025 15:26:43 [TestNG-test-AdminTests-1] Log - adminUserManagementTest test is failed.
[ERROR] 27-08-2025 15:26:43 [TestNG-test-AdminTests-1] Log - Screenshot captured for test case: adminUserManagementTest
[INFO] 27-08-2025 15:28:36 [main] Log - Start testing PIMTest
[WARN] 27-08-2025 15:28:36 [main] Log - WebDriver is null in onStart
[INFO] 27-08-2025 15:28:41 [main] Log - loginTest test is starting...
[INFO] 27-08-2025 15:28:47 [main] Log - loginTest test is passed.
[INFO] 27-08-2025 15:28:48 [main] Log - pimTest test is starting...
[INFO] 27-08-2025 15:29:11 [main] Log - pimTest test is passed.
[INFO] 27-08-2025 15:29:14 [main] Log - End testing PIMTest
[INFO] 27-08-2025 15:29:14 [main] Log - Start testing AdminTests
[WARN] 27-08-2025 15:29:14 [main] Log - WebDriver is null in onStart
[INFO] 27-08-2025 15:29:14 [TestNG-test-AdminTests-1] Log - loginTest test is starting...
[ERROR] 27-08-2025 15:29:14 [TestNG-test-AdminTests-1] Log - loginTest test is failed.
[ERROR] 27-08-2025 15:29:14 [TestNG-test-AdminTests-1] Log - Screenshot captured for test case: loginTest
[WARN] 27-08-2025 15:29:14 [TestNG-test-AdminTests-1] Log - WebDriver is null, skipping screenshot
[INFO] 27-08-2025 15:29:15 [TestNG-test-AdminTests-1] Log - adminUserManagementTest test is starting...
[ERROR] 27-08-2025 15:29:16 [TestNG-test-AdminTests-1] Log - adminUserManagementTest test is failed.
[ERROR] 27-08-2025 15:29:16 [TestNG-test-AdminTests-1] Log - Screenshot captured for test case: adminUserManagementTest
[WARN] 27-08-2025 15:29:16 [TestNG-test-AdminTests-1] Log - WebDriver is null, skipping screenshot
[INFO] 27-08-2025 15:29:20 [TestNG-test-AdminTests-4] Log - loginTest test is starting...
[INFO] 27-08-2025 15:29:21 [TestNG-test-AdminTests-5] Log - loginTest test is starting...
[INFO] 27-08-2025 15:29:21 [TestNG-test-AdminTests-2] Log - loginTest test is starting...
[INFO] 27-08-2025 15:29:21 [TestNG-test-AdminTests-3] Log - loginTest test is starting...
[INFO] 27-08-2025 15:29:26 [TestNG-test-AdminTests-4] Log - loginTest test is passed.
[INFO] 27-08-2025 15:29:26 [TestNG-test-AdminTests-3] Log - loginTest test is passed.
[INFO] 27-08-2025 15:29:27 [TestNG-test-AdminTests-4] Log - adminEmploymentStatusTest test is starting...
[INFO] 27-08-2025 15:29:27 [TestNG-test-AdminTests-3] Log - adminJobCategoriesTest test is starting...
[INFO] 27-08-2025 15:29:28 [TestNG-test-AdminTests-5] Log - loginTest test is passed.
[INFO] 27-08-2025 15:29:28 [TestNG-test-AdminTests-2] Log - loginTest test is passed.
[INFO] 27-08-2025 15:29:29 [TestNG-test-AdminTests-5] Log - adminLocationTest test is starting...
[INFO] 27-08-2025 15:29:29 [TestNG-test-AdminTests-2] Log - adminJobTitleTest test is starting...
[INFO] 27-08-2025 15:31:25 [main] Log - Start testing PIMTest
[WARN] 27-08-2025 15:31:25 [main] Log - WebDriver is null in onStart
[INFO] 27-08-2025 15:31:30 [main] Log - loginTest test is starting...
[INFO] 27-08-2025 15:31:35 [main] Log - loginTest test is passed.
[INFO] 27-08-2025 15:31:36 [main] Log - pimTest test is starting...
[INFO] 27-08-2025 15:31:58 [main] Log - pimTest test is passed.
[INFO] 27-08-2025 15:32:01 [main] Log - End testing PIMTest
[INFO] 27-08-2025 15:32:01 [main] Log - Start testing AdminTests
[WARN] 27-08-2025 15:32:01 [main] Log - WebDriver is null in onStart
[INFO] 27-08-2025 15:32:06 [TestNG-test-AdminTests-2] Log - loginTest test is starting...
[INFO] 27-08-2025 15:32:07 [TestNG-test-AdminTests-5] Log - loginTest test is starting...
[INFO] 27-08-2025 15:32:07 [TestNG-test-AdminTests-4] Log - loginTest test is starting...
[INFO] 27-08-2025 15:32:08 [TestNG-test-AdminTests-1] Log - loginTest test is starting...
[INFO] 27-08-2025 15:32:10 [TestNG-test-AdminTests-3] Log - loginTest test is starting...
[INFO] 27-08-2025 15:32:12 [TestNG-test-AdminTests-2] Log - loginTest test is passed.
[INFO] 27-08-2025 15:32:13 [TestNG-test-AdminTests-5] Log - loginTest test is passed.
[INFO] 27-08-2025 15:32:13 [TestNG-test-AdminTests-4] Log - loginTest test is passed.
[INFO] 27-08-2025 15:32:13 [TestNG-test-AdminTests-2] Log - adminJobTitleTest test is starting...
[INFO] 27-08-2025 15:32:14 [TestNG-test-AdminTests-1] Log - loginTest test is passed.
[INFO] 27-08-2025 15:32:14 [TestNG-test-AdminTests-5] Log - adminLocationTest test is starting...
[INFO] 27-08-2025 15:32:14 [TestNG-test-AdminTests-4] Log - adminEmploymentStatusTest test is starting...
[INFO] 27-08-2025 15:32:15 [TestNG-test-AdminTests-1] Log - adminUserManagementTest test is starting...
[INFO] 27-08-2025 15:32:17 [TestNG-test-AdminTests-3] Log - loginTest test is passed.
[INFO] 27-08-2025 15:32:18 [TestNG-test-AdminTests-3] Log - adminJobCategoriesTest test is starting...
[INFO] 27-08-2025 15:33:01 [TestNG-test-AdminTests-4] Log - adminEmploymentStatusTest test is passed.
[INFO] 27-08-2025 15:33:01 [TestNG-test-AdminTests-2] Log - adminJobTitleTest test is passed.
[INFO] 27-08-2025 15:33:03 [TestNG-test-AdminTests-3] Log - adminJobCategoriesTest test is passed.
[INFO] 27-08-2025 15:33:04 [TestNG-test-AdminTests-5] Log - adminLocationTest test is passed.
[INFO] 27-08-2025 15:33:12 [TestNG-test-AdminTests-1] Log - adminUserManagementTest test is passed.
[INFO] 27-08-2025 15:33:16 [main] Log - End testing AdminTests
[INFO] 27-08-2025 15:57:53 [main] Log - Start testing AdminTests
[WARN] 27-08-2025 15:57:53 [main] Log - WebDriver is null in onStart
[INFO] 27-08-2025 15:58:00 [TestNG-test-AdminTests-4] Log - loginTest test is starting...
[INFO] 27-08-2025 15:58:00 [TestNG-test-AdminTests-5] Log - loginTest test is starting...
[INFO] 27-08-2025 15:58:00 [TestNG-test-AdminTests-1] Log - loginTest test is starting...
[INFO] 27-08-2025 15:58:01 [TestNG-test-AdminTests-3] Log - loginTest test is starting...
[INFO] 27-08-2025 15:58:01 [TestNG-test-AdminTests-2] Log - loginTest test is starting...
[INFO] 27-08-2025 15:58:05 [TestNG-test-AdminTests-5] Log - loginTest test is passed.
[INFO] 27-08-2025 15:58:06 [TestNG-test-AdminTests-4] Log - loginTest test is passed.
[INFO] 27-08-2025 15:58:06 [TestNG-test-AdminTests-5] Log - adminLocationTest test is starting...
[INFO] 27-08-2025 15:58:07 [TestNG-test-AdminTests-1] Log - loginTest test is passed.
[INFO] 27-08-2025 15:58:07 [TestNG-test-AdminTests-4] Log - adminEmploymentStatusTest test is starting...
[INFO] 27-08-2025 15:58:08 [TestNG-test-AdminTests-2] Log - loginTest test is passed.
[INFO] 27-08-2025 15:58:08 [TestNG-test-AdminTests-1] Log - adminUserManagementTest test is starting...
[INFO] 27-08-2025 15:58:08 [TestNG-test-AdminTests-3] Log - loginTest test is passed.
[INFO] 27-08-2025 15:58:09 [TestNG-test-AdminTests-2] Log - adminJobTitleTest test is starting...
[INFO] 27-08-2025 15:58:09 [TestNG-test-AdminTests-3] Log - adminJobCategoriesTest test is starting...
[INFO] 27-08-2025 15:58:39 [TestNG-test-AdminTests-2] Log - adminJobTitleTest test is passed.
[INFO] 27-08-2025 15:58:55 [TestNG-test-AdminTests-4] Log - adminEmploymentStatusTest test is passed.
[INFO] 27-08-2025 15:58:56 [TestNG-test-AdminTests-3] Log - adminJobCategoriesTest test is passed.
[INFO] 27-08-2025 15:58:58 [TestNG-test-AdminTests-5] Log - adminLocationTest test is passed.
[INFO] 27-08-2025 15:59:06 [TestNG-test-AdminTests-1] Log - adminUserManagementTest test is passed.
[INFO] 27-08-2025 15:59:10 [main] Log - End testing AdminTests
[INFO] 27-08-2025 16:19:37 [main] Log - Start testing PIMTest
[WARN] 27-08-2025 16:19:37 [main] Log - WebDriver is null in onStart
[INFO] 27-08-2025 16:19:44 [main] Log - loginTest test is starting...
[INFO] 27-08-2025 16:19:50 [main] Log - loginTest test is passed.
[INFO] 27-08-2025 16:19:51 [main] Log - pimTest test is starting...
[ERROR] 27-08-2025 16:20:03 [main] Log - pimTest test is failed.
[ERROR] 27-08-2025 16:20:03 [main] Log - Screenshot captured for test case: pimTest
[ERROR] 27-08-2025 16:20:03 [main] Log - pimTest test is failed.
[ERROR] 27-08-2025 16:20:03 [main] Log - Screenshot captured for test case: pimTest
[INFO] 27-08-2025 16:22:34 [main] Log - Start testing PIMTest
[WARN] 27-08-2025 16:22:34 [main] Log - WebDriver is null in onStart
[INFO] 27-08-2025 16:22:38 [main] Log - loginTest test is starting...
[INFO] 27-08-2025 16:22:45 [main] Log - loginTest test is passed.
[INFO] 27-08-2025 16:22:46 [main] Log - pimTest test is starting...
[INFO] 27-08-2025 16:23:19 [main] Log - pimTest test is passed.
[INFO] 27-08-2025 16:23:23 [main] Log - End testing PIMTest
[INFO] 27-08-2025 16:23:23 [main] Log - Start testing AdminTests
[WARN] 27-08-2025 16:23:23 [main] Log - WebDriver is null in onStart
[INFO] 27-08-2025 16:23:30 [TestNG-test-AdminTests-3] Log - loginTest test is starting...
[INFO] 27-08-2025 16:23:32 [TestNG-test-AdminTests-4] Log - loginTest test is starting...
[INFO] 27-08-2025 16:23:35 [TestNG-test-AdminTests-1] Log - loginTest test is starting...
[INFO] 27-08-2025 16:23:36 [TestNG-test-AdminTests-5] Log - loginTest test is starting...
[INFO] 27-08-2025 16:23:37 [TestNG-test-AdminTests-3] Log - loginTest test is passed.
[INFO] 27-08-2025 16:23:38 [TestNG-test-AdminTests-3] Log - adminJobCategoriesTest test is starting...
[INFO] 27-08-2025 16:23:39 [TestNG-test-AdminTests-2] Log - loginTest test is starting...
[INFO] 27-08-2025 16:23:39 [TestNG-test-AdminTests-4] Log - loginTest test is passed.
[INFO] 27-08-2025 16:23:40 [TestNG-test-AdminTests-4] Log - adminEmploymentStatusTest test is starting...
[INFO] 27-08-2025 16:23:41 [TestNG-test-AdminTests-1] Log - loginTest test is passed.
[INFO] 27-08-2025 16:23:41 [TestNG-test-AdminTests-5] Log - loginTest test is passed.
[INFO] 27-08-2025 16:23:42 [TestNG-test-AdminTests-1] Log - adminUserManagementTest test is starting...
[INFO] 27-08-2025 16:23:42 [TestNG-test-AdminTests-5] Log - adminLocationTest test is starting...
[INFO] 27-08-2025 16:23:47 [TestNG-test-AdminTests-2] Log - loginTest test is passed.
[INFO] 27-08-2025 16:23:48 [TestNG-test-AdminTests-2] Log - adminJobTitleTest test is starting...
[INFO] 27-08-2025 16:24:24 [TestNG-test-AdminTests-4] Log - adminEmploymentStatusTest test is passed.
[INFO] 27-08-2025 16:24:32 [TestNG-test-AdminTests-3] Log - adminJobCategoriesTest test is passed.
[INFO] 27-08-2025 16:24:36 [TestNG-test-AdminTests-2] Log - adminJobTitleTest test is passed.
[INFO] 27-08-2025 16:24:38 [TestNG-test-AdminTests-5] Log - adminLocationTest test is passed.
[INFO] 27-08-2025 16:25:01 [TestNG-test-AdminTests-1] Log - adminUserManagementTest test is passed.
[INFO] 27-08-2025 16:25:09 [main] Log - End testing AdminTests
[INFO] 27-08-2025 16:27:00 [main] Log - Start testing OrangeHrm
[WARN] 27-08-2025 16:27:00 [main] Log - WebDriver is null in onStart
[INFO] 27-08-2025 16:27:08 [main] Log - loginTest test is starting...
[INFO] 27-08-2025 16:27:14 [main] Log - loginTest test is passed.
[INFO] 27-08-2025 16:27:15 [main] Log - pimTest test is starting...
[INFO] 27-08-2025 16:27:44 [main] Log - pimTest test is passed.
[INFO] 27-08-2025 16:27:54 [main] Log - loginTest test is starting...
[INFO] 27-08-2025 16:27:59 [main] Log - loginTest test is passed.
[INFO] 27-08-2025 16:28:00 [main] Log - adminUserManagementTest test is starting...
[INFO] 27-08-2025 16:28:55 [main] Log - adminUserManagementTest test is passed.
[INFO] 27-08-2025 16:29:02 [main] Log - loginTest test is starting...
[INFO] 27-08-2025 16:29:21 [main] Log - loginTest test is passed.
[INFO] 27-08-2025 16:29:22 [main] Log - adminJobTitleTest test is starting...
[INFO] 27-08-2025 16:29:57 [main] Log - adminJobTitleTest test is passed.
[INFO] 27-08-2025 16:30:03 [main] Log - loginTest test is starting...
[INFO] 27-08-2025 16:30:17 [main] Log - loginTest test is passed.
[INFO] 27-08-2025 16:30:18 [main] Log - adminJobCategoriesTest test is starting...
[INFO] 27-08-2025 16:31:03 [main] Log - adminJobCategoriesTest test is passed.
[INFO] 27-08-2025 16:31:12 [main] Log - loginTest test is starting...
[INFO] 27-08-2025 16:31:18 [main] Log - loginTest test is passed.
[INFO] 27-08-2025 16:31:19 [main] Log - adminEmploymentStatusTest test is starting...
[INFO] 27-08-2025 16:31:48 [main] Log - adminEmploymentStatusTest test is passed.
[INFO] 27-08-2025 16:31:57 [main] Log - loginTest test is starting...
[INFO] 27-08-2025 16:32:08 [main] Log - loginTest test is passed.
[INFO] 27-08-2025 16:32:09 [main] Log - adminLocationTest test is starting...
[INFO] 27-08-2025 16:32:59 [main] Log - adminLocationTest test is passed.
[INFO] 27-08-2025 16:33:02 [main] Log - End testing OrangeHrm
[INFO] 27-08-2025 16:37:31 [main] Log - Start testing OrangeHrm
[WARN] 27-08-2025 16:37:31 [main] Log - WebDriver is null in onStart
[INFO] 27-08-2025 16:37:39 [main] Log - loginTest test is starting...
[INFO] 27-08-2025 16:37:52 [main] Log - loginTest test is passed.
[INFO] 27-08-2025 16:37:53 [main] Log - pimTest test is starting...
[ERROR] 27-08-2025 16:38:12 [main] Log - pimTest test is failed.
[ERROR] 27-08-2025 16:38:12 [main] Log - Screenshot captured for test case: pimTest
[INFO] 27-08-2025 16:38:18 [main] Log - End testing OrangeHrm
[INFO] 27-08-2025 16:39:18 [main] Log - Start testing OrangeHrm
[WARN] 27-08-2025 16:39:19 [main] Log - WebDriver is null in onStart
[INFO] 27-08-2025 16:39:29 [main] Log - loginTest test is starting...
[INFO] 27-08-2025 16:39:47 [main] Log - loginTest test is passed.
[INFO] 27-08-2025 16:39:48 [main] Log - pimTest test is starting...
[ERROR] 27-08-2025 16:40:08 [main] Log - pimTest test is failed.
[ERROR] 27-08-2025 16:40:08 [main] Log - Screenshot captured for test case: pimTest
[INFO] 27-08-2025 16:40:12 [main] Log - End testing OrangeHrm
[INFO] 27-08-2025 16:41:57 [main] Log - Start testing OrangeHrm
[WARN] 27-08-2025 16:41:57 [main] Log - WebDriver is null in onStart
[INFO] 27-08-2025 16:42:03 [main] Log - loginTest test is starting...
[INFO] 27-08-2025 16:42:10 [main] Log - loginTest test is passed.
[INFO] 27-08-2025 16:42:11 [main] Log - pimTest test is starting...
[INFO] 27-08-2025 16:42:42 [main] Log - pimTest test is passed.
[INFO] 27-08-2025 16:42:45 [main] Log - End testing OrangeHrm
[INFO] 27-08-2025 16:45:11 [main] Log - Start testing PIMTest
[WARN] 27-08-2025 16:45:11 [main] Log - WebDriver is null in onStart
[INFO] 27-08-2025 16:45:17 [main] Log - loginTest test is starting...
[INFO] 27-08-2025 16:45:22 [main] Log - loginTest test is passed.
[INFO] 27-08-2025 16:45:23 [main] Log - pimTest test is starting...
[INFO] 27-08-2025 16:45:54 [main] Log - pimTest test is passed.
[INFO] 27-08-2025 16:45:58 [main] Log - End testing PIMTest
[INFO] 27-08-2025 16:45:58 [main] Log - Start testing AdminTests
[WARN] 27-08-2025 16:45:58 [main] Log - WebDriver is null in onStart
[INFO] 27-08-2025 16:46:04 [TestNG-test-AdminTests-4] Log - loginTest test is starting...
[INFO] 27-08-2025 16:46:05 [TestNG-test-AdminTests-3] Log - loginTest test is starting...
[INFO] 27-08-2025 16:46:05 [TestNG-test-AdminTests-2] Log - loginTest test is starting...
[INFO] 27-08-2025 16:46:06 [TestNG-test-AdminTests-1] Log - loginTest test is starting...
[INFO] 27-08-2025 16:46:06 [TestNG-test-AdminTests-5] Log - loginTest test is starting...
[INFO] 27-08-2025 16:46:10 [TestNG-test-AdminTests-4] Log - loginTest test is passed.
[INFO] 27-08-2025 16:46:11 [TestNG-test-AdminTests-4] Log - adminEmploymentStatusTest test is starting...
[INFO] 27-08-2025 16:46:11 [TestNG-test-AdminTests-1] Log - loginTest test is passed.
[INFO] 27-08-2025 16:46:11 [TestNG-test-AdminTests-3] Log - loginTest test is passed.
[INFO] 27-08-2025 16:46:12 [TestNG-test-AdminTests-1] Log - adminUserManagementTest test is starting...
[INFO] 27-08-2025 16:46:12 [TestNG-test-AdminTests-2] Log - loginTest test is passed.
[INFO] 27-08-2025 16:46:12 [TestNG-test-AdminTests-3] Log - adminJobCategoriesTest test is starting...
[INFO] 27-08-2025 16:46:13 [TestNG-test-AdminTests-2] Log - adminJobTitleTest test is starting...
[INFO] 27-08-2025 16:46:13 [TestNG-test-AdminTests-5] Log - loginTest test is passed.
[INFO] 27-08-2025 16:46:14 [TestNG-test-AdminTests-5] Log - adminLocationTest test is starting...
[INFO] 27-08-2025 16:46:50 [TestNG-test-AdminTests-4] Log - adminEmploymentStatusTest test is passed.
[INFO] 27-08-2025 16:46:51 [TestNG-test-AdminTests-3] Log - adminJobCategoriesTest test is passed.
[INFO] 27-08-2025 16:47:04 [TestNG-test-AdminTests-2] Log - adminJobTitleTest test is passed.
[INFO] 27-08-2025 16:47:08 [TestNG-test-AdminTests-5] Log - adminLocationTest test is passed.
[INFO] 27-08-2025 16:47:28 [TestNG-test-AdminTests-1] Log - adminUserManagementTest test is passed.
[INFO] 27-08-2025 16:47:31 [main] Log - End testing AdminTests
[INFO] 27-08-2025 17:03:04 [main] Log - Start testing PIMTest
[WARN] 27-08-2025 17:03:04 [main] Log - WebDriver is null in onStart
[INFO] 27-08-2025 17:03:08 [main] Log - loginTest test is starting...
[INFO] 27-08-2025 17:03:18 [main] Log - loginTest test is passed.
[INFO] 27-08-2025 17:03:19 [main] Log - pimTest test is starting...
[INFO] 27-08-2025 17:03:46 [main] Log - pimTest test is passed.
[INFO] 27-08-2025 17:03:50 [main] Log - End testing PIMTest
[INFO] 27-08-2025 17:03:51 [main] Log - Start testing Tests
[WARN] 27-08-2025 17:03:51 [main] Log - WebDriver is null in onStart
[INFO] 27-08-2025 17:03:57 [TestNG-test-Tests-4] Log - loginTest test is starting...
[INFO] 27-08-2025 17:03:57 [TestNG-test-Tests-5] Log - loginTest test is starting...
[INFO] 27-08-2025 17:03:58 [TestNG-test-Tests-1] Log - loginTest test is starting...
[INFO] 27-08-2025 17:03:59 [TestNG-test-Tests-3] Log - loginTest test is starting...
[INFO] 27-08-2025 17:03:59 [TestNG-test-Tests-2] Log - loginTest test is starting...
[INFO] 27-08-2025 17:04:02 [TestNG-test-Tests-5] Log - loginTest test is passed.
[INFO] 27-08-2025 17:04:03 [TestNG-test-Tests-5] Log - adminLocationTest test is starting...
[INFO] 27-08-2025 17:04:04 [TestNG-test-Tests-4] Log - loginTest test is passed.
[INFO] 27-08-2025 17:04:04 [TestNG-test-Tests-1] Log - loginTest test is passed.
[INFO] 27-08-2025 17:04:05 [TestNG-test-Tests-2] Log - loginTest test is passed.
[INFO] 27-08-2025 17:04:05 [TestNG-test-Tests-3] Log - loginTest test is passed.
[INFO] 27-08-2025 17:04:05 [TestNG-test-Tests-4] Log - adminEmploymentStatusTest test is starting...
[INFO] 27-08-2025 17:04:06 [TestNG-test-Tests-1] Log - adminUserManagementTest test is starting...
[INFO] 27-08-2025 17:04:06 [TestNG-test-Tests-2] Log - adminJobTitleTest test is starting...
[INFO] 27-08-2025 17:04:06 [TestNG-test-Tests-3] Log - adminJobCategoriesTest test is starting...
[ERROR] 27-08-2025 17:04:58 [TestNG-test-Tests-4] Log - adminEmploymentStatusTest test is failed.
[ERROR] 27-08-2025 17:04:58 [TestNG-test-Tests-4] Log - Screenshot captured for test case: adminEmploymentStatusTest
[ERROR] 27-08-2025 17:04:58 [TestNG-test-Tests-2] Log - adminJobTitleTest test is failed.
[ERROR] 27-08-2025 17:04:58 [TestNG-test-Tests-2] Log - Screenshot captured for test case: adminJobTitleTest
[ERROR] 27-08-2025 17:04:58 [TestNG-test-Tests-4] Log - adminEmploymentStatusTest test is failed.
[ERROR] 27-08-2025 17:04:58 [TestNG-test-Tests-4] Log - Screenshot captured for test case: adminEmploymentStatusTest
[ERROR] 27-08-2025 17:04:58 [TestNG-test-Tests-2] Log - adminJobTitleTest test is failed.
[ERROR] 27-08-2025 17:04:58 [TestNG-test-Tests-2] Log - Screenshot captured for test case: adminJobTitleTest
[ERROR] 27-08-2025 17:05:01 [TestNG-test-Tests-3] Log - adminJobCategoriesTest test is failed.
[ERROR] 27-08-2025 17:05:01 [TestNG-test-Tests-3] Log - Screenshot captured for test case: adminJobCategoriesTest
[ERROR] 27-08-2025 17:05:01 [TestNG-test-Tests-3] Log - adminJobCategoriesTest test is failed.
[ERROR] 27-08-2025 17:05:01 [TestNG-test-Tests-3] Log - Screenshot captured for test case: adminJobCategoriesTest
[ERROR] 27-08-2025 17:05:01 [TestNG-test-Tests-1] Log - adminUserManagementTest test is failed.
[ERROR] 27-08-2025 17:05:01 [TestNG-test-Tests-1] Log - Screenshot captured for test case: adminUserManagementTest
[INFO] 27-08-2025 21:56:08 [main] Log - Start testing PIMTest
[WARN] 27-08-2025 21:56:08 [main] Log - WebDriver is null in onStart
[INFO] 27-08-2025 21:57:51 [main] Log - Start testing PIMTest
[WARN] 27-08-2025 21:57:51 [main] Log - WebDriver is null in onStart
[INFO] 27-08-2025 21:57:59 [main] Log - loginTest test is starting...
[INFO] 27-08-2025 21:58:04 [main] Log - loginTest test is passed.
[INFO] 27-08-2025 21:58:05 [main] Log - pimTest test is starting...
[INFO] 27-08-2025 21:58:34 [main] Log - pimTest test is passed.
[INFO] 27-08-2025 21:58:38 [main] Log - End testing PIMTest
[INFO] 27-08-2025 21:58:38 [main] Log - Start testing Tests
[WARN] 27-08-2025 21:58:38 [main] Log - WebDriver is null in onStart
[INFO] 27-08-2025 21:58:44 [TestNG-test-Tests-5] Log - loginTest test is starting...
[INFO] 27-08-2025 21:58:45 [TestNG-test-Tests-2] Log - loginTest test is starting...
[INFO] 27-08-2025 21:58:46 [TestNG-test-Tests-3] Log - loginTest test is starting...
[INFO] 27-08-2025 21:58:46 [TestNG-test-Tests-4] Log - loginTest test is starting...
[INFO] 27-08-2025 21:58:46 [TestNG-test-Tests-1] Log - loginTest test is starting...
[INFO] 27-08-2025 21:58:49 [TestNG-test-Tests-5] Log - loginTest test is passed.
[INFO] 27-08-2025 21:58:50 [TestNG-test-Tests-2] Log - loginTest test is passed.
[INFO] 27-08-2025 21:58:50 [TestNG-test-Tests-5] Log - adminLocationTest test is starting...
[INFO] 27-08-2025 21:58:51 [TestNG-test-Tests-3] Log - loginTest test is passed.
[INFO] 27-08-2025 21:58:51 [TestNG-test-Tests-2] Log - adminJobTitleTest test is starting...
[INFO] 27-08-2025 21:58:51 [TestNG-test-Tests-4] Log - loginTest test is passed.
[INFO] 27-08-2025 21:58:52 [TestNG-test-Tests-3] Log - adminJobCategoriesTest test is starting...
[INFO] 27-08-2025 21:58:52 [TestNG-test-Tests-4] Log - adminEmploymentStatusTest test is starting...
[INFO] 27-08-2025 21:58:54 [TestNG-test-Tests-1] Log - loginTest test is passed.
[INFO] 27-08-2025 21:58:55 [TestNG-test-Tests-1] Log - adminUserManagementTest test is starting...
[ERROR] 27-08-2025 21:59:15 [TestNG-test-Tests-2] Log - adminJobTitleTest test is failed.
[ERROR] 27-08-2025 21:59:15 [TestNG-test-Tests-2] Log - Screenshot captured for test case: adminJobTitleTest
[INFO] 27-08-2025 21:59:28 [TestNG-test-Tests-4] Log - adminEmploymentStatusTest test is passed.
[INFO] 27-08-2025 21:59:29 [TestNG-test-Tests-3] Log - adminJobCategoriesTest test is passed.
[INFO] 27-08-2025 21:59:42 [TestNG-test-Tests-5] Log - adminLocationTest test is passed.
[INFO] 27-08-2025 22:00:03 [TestNG-test-Tests-1] Log - adminUserManagementTest test is passed.
[INFO] 27-08-2025 22:00:07 [main] Log - End testing Tests
[INFO] 27-08-2025 22:01:03 [main] Log - Start testing PIMTest
[WARN] 27-08-2025 22:01:03 [main] Log - WebDriver is null in onStart
[INFO] 27-08-2025 22:01:10 [main] Log - loginTest test is starting...
[INFO] 27-08-2025 22:01:15 [main] Log - loginTest test is passed.
[INFO] 27-08-2025 22:01:16 [main] Log - pimTest test is starting...
[INFO] 27-08-2025 22:01:41 [main] Log - pimTest test is passed.
[INFO] 27-08-2025 22:01:45 [main] Log - End testing PIMTest
[INFO] 27-08-2025 22:01:45 [main] Log - Start testing Tests
[WARN] 27-08-2025 22:01:45 [main] Log - WebDriver is null in onStart
[INFO] 27-08-2025 22:01:51 [TestNG-test-Tests-2] Log - loginTest test is starting...
[INFO] 27-08-2025 22:01:51 [TestNG-test-Tests-3] Log - loginTest test is starting...
[INFO] 27-08-2025 22:01:52 [TestNG-test-Tests-5] Log - loginTest test is starting...
[INFO] 27-08-2025 22:01:52 [TestNG-test-Tests-1] Log - loginTest test is starting...
[INFO] 27-08-2025 22:01:53 [TestNG-test-Tests-4] Log - loginTest test is starting...
[INFO] 27-08-2025 22:01:57 [TestNG-test-Tests-5] Log - loginTest test is passed.
[INFO] 27-08-2025 22:01:58 [TestNG-test-Tests-2] Log - loginTest test is passed.
[INFO] 27-08-2025 22:01:58 [TestNG-test-Tests-5] Log - adminLocationTest test is starting...
[INFO] 27-08-2025 22:01:59 [TestNG-test-Tests-2] Log - adminJobTitleTest test is starting...
[INFO] 27-08-2025 22:01:59 [TestNG-test-Tests-3] Log - loginTest test is passed.
[INFO] 27-08-2025 22:02:00 [TestNG-test-Tests-4] Log - loginTest test is passed.
[INFO] 27-08-2025 22:02:00 [TestNG-test-Tests-3] Log - adminJobCategoriesTest test is starting...
[INFO] 27-08-2025 22:02:01 [TestNG-test-Tests-1] Log - loginTest test is passed.
[INFO] 27-08-2025 22:02:01 [TestNG-test-Tests-4] Log - adminEmploymentStatusTest test is starting...
[INFO] 27-08-2025 22:02:02 [TestNG-test-Tests-1] Log - adminUserManagementTest test is starting...
[INFO] 27-08-2025 22:02:36 [TestNG-test-Tests-4] Log - adminEmploymentStatusTest test is passed.
[INFO] 27-08-2025 22:02:36 [TestNG-test-Tests-3] Log - adminJobCategoriesTest test is passed.
[INFO] 27-08-2025 22:02:51 [TestNG-test-Tests-5] Log - adminLocationTest test is passed.
[INFO] 27-08-2025 22:03:00 [TestNG-test-Tests-2] Log - adminJobTitleTest test is passed.
[INFO] 27-08-2025 22:03:07 [TestNG-test-Tests-1] Log - adminUserManagementTest test is passed.
[INFO] 27-08-2025 22:03:10 [main] Log - End testing Tests
[INFO] 27-08-2025 22:04:41 [main] Log - Start testing OrangeHrm
[WARN] 27-08-2025 22:04:41 [main] Log - WebDriver is null in onStart
[INFO] 27-08-2025 22:04:45 [main] Log - loginTest test is starting...
[INFO] 27-08-2025 22:04:53 [main] Log - loginTest test is passed.
[INFO] 27-08-2025 22:04:55 [main] Log - pimTest test is starting...
[ERROR] 27-08-2025 22:05:17 [main] Log - pimTest test is failed.
[ERROR] 27-08-2025 22:05:17 [main] Log - Screenshot captured for test case: pimTest
[INFO] 27-08-2025 22:05:25 [main] Log - loginTest test is starting...
[ERROR] 27-08-2025 22:05:25 [main] Log - loginTest test is failed.
[ERROR] 27-08-2025 22:05:25 [main] Log - Screenshot captured for test case: loginTest
[ERROR] 27-08-2025 22:05:25 [main] Log - loginTest test is failed.
[ERROR] 27-08-2025 22:05:25 [main] Log - Screenshot captured for test case: loginTest
[INFO] 27-08-2025 22:05:25 [main] Log - End testing OrangeHrm
[INFO] 27-08-2025 22:05:58 [main] Log - Start testing OrangeHrm
[WARN] 27-08-2025 22:05:58 [main] Log - WebDriver is null in onStart
[INFO] 27-08-2025 22:06:04 [main] Log - loginTest test is starting...
[INFO] 27-08-2025 22:06:15 [main] Log - loginTest test is passed.
[INFO] 27-08-2025 22:06:16 [main] Log - pimTest test is starting...
[INFO] 27-08-2025 22:06:46 [main] Log - pimTest test is passed.
[INFO] 27-08-2025 22:06:53 [main] Log - loginTest test is starting...
[INFO] 27-08-2025 22:07:02 [main] Log - loginTest test is passed.
[INFO] 27-08-2025 22:07:03 [main] Log - adminUserManagementTest test is starting...
[ERROR] 27-08-2025 22:07:40 [main] Log - adminUserManagementTest test is failed.
[ERROR] 27-08-2025 22:07:40 [main] Log - Screenshot captured for test case: adminUserManagementTest
[INFO] 27-08-2025 22:07:52 [main] Log - loginTest test is starting...
[INFO] 27-08-2025 22:07:59 [main] Log - loginTest test is passed.
[INFO] 27-08-2025 22:08:00 [main] Log - adminJobTitleTest test is starting...
[INFO] 27-08-2025 22:08:48 [main] Log - adminJobTitleTest test is passed.
[INFO] 27-08-2025 22:08:56 [main] Log - loginTest test is starting...
[INFO] 27-08-2025 22:09:03 [main] Log - loginTest test is passed.
[INFO] 27-08-2025 22:09:04 [main] Log - adminJobCategoriesTest test is starting...
[INFO] 27-08-2025 22:09:44 [main] Log - adminJobCategoriesTest test is passed.
[INFO] 27-08-2025 22:09:50 [main] Log - loginTest test is starting...
[INFO] 27-08-2025 22:09:57 [main] Log - loginTest test is passed.
[INFO] 27-08-2025 22:09:58 [main] Log - adminEmploymentStatusTest test is starting...
[INFO] 27-08-2025 22:10:25 [main] Log - adminEmploymentStatusTest test is passed.
[INFO] 27-08-2025 22:10:38 [main] Log - loginTest test is starting...
[INFO] 27-08-2025 22:10:45 [main] Log - loginTest test is passed.
[INFO] 27-08-2025 22:10:46 [main] Log - adminLocationTest test is starting...
[INFO] 27-08-2025 22:11:35 [main] Log - adminLocationTest test is passed.
[INFO] 27-08-2025 22:11:39 [main] Log - End testing OrangeHrm
[INFO] 27-08-2025 22:13:02 [main] Log - Start testing OrangeHrm
[WARN] 27-08-2025 22:13:02 [main] Log - WebDriver is null in onStart
[INFO] 27-08-2025 22:13:05 [main] Log - loginTest test is starting...
[INFO] 27-08-2025 22:13:13 [main] Log - loginTest test is passed.
[INFO] 27-08-2025 22:13:14 [main] Log - pimTest test is starting...
[INFO] 27-08-2025 22:13:39 [main] Log - pimTest test is passed.
[INFO] 27-08-2025 22:13:45 [main] Log - loginTest test is starting...
[INFO] 27-08-2025 22:14:05 [main] Log - loginTest test is passed.
[INFO] 27-08-2025 22:14:06 [main] Log - adminUserManagementTest test is starting...
[ERROR] 27-08-2025 22:14:33 [main] Log - adminUserManagementTest test is failed.
[ERROR] 27-08-2025 22:14:33 [main] Log - Screenshot captured for test case: adminUserManagementTest
[INFO] 27-08-2025 22:14:42 [main] Log - loginTest test is starting...
[ERROR] 27-08-2025 22:14:45 [main] Log - loginTest test is failed.
[ERROR] 27-08-2025 22:14:45 [main] Log - Screenshot captured for test case: loginTest
[INFO] 27-08-2025 22:15:24 [main] Log - Start testing OrangeHrm
[WARN] 27-08-2025 22:15:24 [main] Log - WebDriver is null in onStart
[INFO] 27-08-2025 22:15:29 [main] Log - loginTest test is starting...
[INFO] 27-08-2025 22:15:34 [main] Log - loginTest test is passed.
[INFO] 27-08-2025 22:15:35 [main] Log - pimTest test is starting...
[ERROR] 27-08-2025 22:15:51 [main] Log - pimTest test is failed.
[ERROR] 27-08-2025 22:15:51 [main] Log - Screenshot captured for test case: pimTest
[INFO] 27-08-2025 22:15:59 [main] Log - loginTest test is starting...
[INFO] 27-08-2025 22:16:06 [main] Log - loginTest test is passed.
[INFO] 27-08-2025 22:16:07 [main] Log - adminUserManagementTest test is starting...
[INFO] 27-08-2025 22:17:02 [main] Log - adminUserManagementTest test is passed.
[INFO] 27-08-2025 22:17:10 [main] Log - loginTest test is starting...
[INFO] 27-08-2025 22:17:15 [main] Log - loginTest test is passed.
[INFO] 27-08-2025 22:17:16 [main] Log - adminJobTitleTest test is starting...
[INFO] 27-08-2025 22:17:43 [main] Log - adminJobTitleTest test is passed.
[INFO] 27-08-2025 22:17:51 [main] Log - loginTest test is starting...
[INFO] 27-08-2025 22:17:58 [main] Log - loginTest test is passed.
[INFO] 27-08-2025 22:17:59 [main] Log - adminJobCategoriesTest test is starting...
[INFO] 27-08-2025 22:18:25 [main] Log - adminJobCategoriesTest test is passed.
[INFO] 27-08-2025 22:18:33 [main] Log - loginTest test is starting...
[INFO] 27-08-2025 22:18:40 [main] Log - loginTest test is passed.
[INFO] 27-08-2025 22:18:41 [main] Log - adminEmploymentStatusTest test is starting...
[INFO] 27-08-2025 22:19:08 [main] Log - adminEmploymentStatusTest test is passed.
[INFO] 27-08-2025 22:19:15 [main] Log - loginTest test is starting...
[INFO] 27-08-2025 22:19:20 [main] Log - loginTest test is passed.
[INFO] 27-08-2025 22:19:21 [main] Log - adminLocationTest test is starting...
[INFO] 27-08-2025 22:20:11 [main] Log - adminLocationTest test is passed.
[INFO] 27-08-2025 22:20:14 [main] Log - End testing OrangeHrm
[INFO] 27-08-2025 22:21:12 [main] Log - Start testing OrangeHrm
[WARN] 27-08-2025 22:21:12 [main] Log - WebDriver is null in onStart
[INFO] 27-08-2025 22:21:17 [main] Log - loginTest test is starting...
[INFO] 27-08-2025 22:21:23 [main] Log - loginTest test is passed.
[INFO] 27-08-2025 22:21:24 [main] Log - pimTest test is starting...
[ERROR] 27-08-2025 22:21:33 [main] Log - pimTest test is failed.
[ERROR] 27-08-2025 22:21:33 [main] Log - Screenshot captured for test case: pimTest
[INFO] 27-08-2025 22:22:08 [main] Log - loginTest test is starting...
[ERROR] 27-08-2025 22:22:08 [main] Log - loginTest test is failed.
[ERROR] 27-08-2025 22:22:08 [main] Log - Screenshot captured for test case: loginTest
[WARN] 27-08-2025 22:22:08 [main] Log - WebDriver is null, skipping screenshot
[INFO] 27-08-2025 22:22:09 [main] Log - adminUserManagementTest test is starting...
[ERROR] 27-08-2025 22:22:09 [main] Log - adminUserManagementTest test is failed.
[ERROR] 27-08-2025 22:22:09 [main] Log - Screenshot captured for test case: adminUserManagementTest
[WARN] 27-08-2025 22:22:09 [main] Log - WebDriver is null, skipping screenshot
[INFO] 27-08-2025 22:22:17 [main] Log - loginTest test is starting...
[INFO] 27-08-2025 22:22:22 [main] Log - loginTest test is passed.
[INFO] 27-08-2025 22:22:23 [main] Log - adminJobTitleTest test is starting...
[INFO] 27-08-2025 22:22:51 [main] Log - adminJobTitleTest test is passed.
[INFO] 27-08-2025 22:22:58 [main] Log - loginTest test is starting...
[INFO] 27-08-2025 22:23:04 [main] Log - loginTest test is passed.
[INFO] 27-08-2025 22:23:05 [main] Log - adminJobCategoriesTest test is starting...
[INFO] 27-08-2025 22:23:31 [main] Log - adminJobCategoriesTest test is passed.
[INFO] 27-08-2025 22:23:45 [main] Log - loginTest test is starting...
[INFO] 27-08-2025 22:23:52 [main] Log - loginTest test is passed.
[INFO] 27-08-2025 22:23:53 [main] Log - adminEmploymentStatusTest test is starting...
[INFO] 27-08-2025 22:24:20 [main] Log - adminEmploymentStatusTest test is passed.
[INFO] 27-08-2025 22:24:28 [main] Log - loginTest test is starting...
[INFO] 27-08-2025 22:24:33 [main] Log - loginTest test is passed.
[INFO] 27-08-2025 22:24:34 [main] Log - adminLocationTest test is starting...
[INFO] 27-08-2025 22:25:23 [main] Log - adminLocationTest test is passed.
[INFO] 27-08-2025 22:25:26 [main] Log - End testing OrangeHrm
[INFO] 27-08-2025 22:26:22 [main] Log - Start testing OrangeHrm
[WARN] 27-08-2025 22:26:22 [main] Log - WebDriver is null in onStart
[INFO] 27-08-2025 22:26:28 [main] Log - loginTest test is starting...
[INFO] 27-08-2025 22:26:32 [main] Log - loginTest test is passed.
[INFO] 27-08-2025 22:26:33 [main] Log - pimTest test is starting...
[INFO] 27-08-2025 22:26:56 [main] Log - pimTest test is passed.
[INFO] 27-08-2025 22:27:05 [main] Log - loginTest test is starting...
[INFO] 27-08-2025 22:27:11 [main] Log - loginTest test is passed.
[INFO] 27-08-2025 22:27:12 [main] Log - adminUserManagementTest test is starting...
[INFO] 27-08-2025 22:28:07 [main] Log - adminUserManagementTest test is passed.
[INFO] 27-08-2025 22:28:17 [main] Log - loginTest test is starting...
[ERROR] 27-08-2025 22:28:37 [main] Log - loginTest test is failed.
[ERROR] 27-08-2025 22:28:37 [main] Log - Screenshot captured for test case: loginTest
[INFO] 27-08-2025 22:28:38 [main] Log - adminJobTitleTest test is starting...
[ERROR] 27-08-2025 22:28:58 [main] Log - adminJobTitleTest test is failed.
[ERROR] 27-08-2025 22:28:58 [main] Log - Screenshot captured for test case: adminJobTitleTest
[INFO] 27-08-2025 22:29:03 [main] Log - loginTest test is starting...
[ERROR] 27-08-2025 22:29:03 [main] Log - loginTest test is failed.
[ERROR] 27-08-2025 22:29:03 [main] Log - Screenshot captured for test case: loginTest
[ERROR] 27-08-2025 22:29:03 [main] Log - loginTest test is failed.
[ERROR] 27-08-2025 22:29:03 [main] Log - Screenshot captured for test case: loginTest
[INFO] 27-08-2025 22:29:03 [main] Log - End testing OrangeHrm
[INFO] 27-08-2025 22:29:36 [main] Log - Start testing OrangeHrm
[WARN] 27-08-2025 22:29:36 [main] Log - WebDriver is null in onStart
[INFO] 27-08-2025 22:29:42 [main] Log - loginTest test is starting...
[INFO] 27-08-2025 22:29:46 [main] Log - loginTest test is passed.
[INFO] 27-08-2025 22:29:47 [main] Log - pimTest test is starting...
[ERROR] 27-08-2025 22:30:04 [main] Log - pimTest test is failed.
[ERROR] 27-08-2025 22:30:04 [main] Log - Screenshot captured for test case: pimTest
[INFO] 27-08-2025 22:30:09 [main] Log - loginTest test is starting...
[ERROR] 27-08-2025 22:30:10 [main] Log - loginTest test is failed.
[ERROR] 27-08-2025 22:30:10 [main] Log - Screenshot captured for test case: loginTest
[ERROR] 27-08-2025 22:30:10 [main] Log - loginTest test is failed.
[ERROR] 27-08-2025 22:30:10 [main] Log - Screenshot captured for test case: loginTest
[INFO] 27-08-2025 22:30:10 [main] Log - End testing OrangeHrm
[INFO] 27-08-2025 22:30:51 [main] Log - Start testing OrangeHrm
[WARN] 27-08-2025 22:30:51 [main] Log - WebDriver is null in onStart
[INFO] 27-08-2025 22:30:58 [main] Log - loginTest test is starting...
[INFO] 27-08-2025 22:31:04 [main] Log - loginTest test is passed.
[INFO] 27-08-2025 22:31:05 [main] Log - pimTest test is starting...
[ERROR] 27-08-2025 22:31:21 [main] Log - pimTest test is failed.
[ERROR] 27-08-2025 22:31:21 [main] Log - Screenshot captured for test case: pimTest
[INFO] 27-08-2025 22:31:26 [main] Log - loginTest test is starting...
[ERROR] 27-08-2025 22:31:26 [main] Log - loginTest test is failed.
[ERROR] 27-08-2025 22:31:26 [main] Log - Screenshot captured for test case: loginTest
[ERROR] 27-08-2025 22:31:26 [main] Log - loginTest test is failed.
[ERROR] 27-08-2025 22:31:26 [main] Log - Screenshot captured for test case: loginTest
[INFO] 27-08-2025 22:31:26 [main] Log - End testing OrangeHrm
[INFO] 27-08-2025 22:31:51 [main] Log - Start testing OrangeHrm
[WARN] 27-08-2025 22:31:51 [main] Log - WebDriver is null in onStart
[INFO] 27-08-2025 22:31:57 [main] Log - loginTest test is starting...
[INFO] 27-08-2025 22:32:03 [main] Log - loginTest test is passed.
[INFO] 27-08-2025 22:32:04 [main] Log - pimTest test is starting...
[ERROR] 27-08-2025 22:32:21 [main] Log - pimTest test is failed.
[ERROR] 27-08-2025 22:32:21 [main] Log - Screenshot captured for test case: pimTest
[INFO] 27-08-2025 22:32:26 [main] Log - loginTest test is starting...
[ERROR] 27-08-2025 22:32:26 [main] Log - loginTest test is failed.
[ERROR] 27-08-2025 22:32:26 [main] Log - Screenshot captured for test case: loginTest
[ERROR] 27-08-2025 22:32:26 [main] Log - loginTest test is failed.
[ERROR] 27-08-2025 22:32:26 [main] Log - Screenshot captured for test case: loginTest
[INFO] 27-08-2025 22:32:26 [main] Log - End testing OrangeHrm
[INFO] 27-08-2025 22:32:47 [main] Log - Start testing OrangeHrm
[WARN] 27-08-2025 22:32:47 [main] Log - WebDriver is null in onStart
[INFO] 27-08-2025 22:32:52 [main] Log - loginTest test is starting...
[INFO] 27-08-2025 22:32:57 [main] Log - loginTest test is passed.
[INFO] 27-08-2025 22:32:58 [main] Log - pimTest test is starting...
[ERROR] 27-08-2025 22:33:14 [main] Log - pimTest test is failed.
[ERROR] 27-08-2025 22:33:14 [main] Log - Screenshot captured for test case: pimTest
[INFO] 27-08-2025 22:33:22 [main] Log - loginTest test is starting...
[INFO] 27-08-2025 22:33:58 [main] Log - Start testing OrangeHrm
[WARN] 27-08-2025 22:33:58 [main] Log - WebDriver is null in onStart
[INFO] 27-08-2025 22:34:07 [main] Log - loginTest test is starting...
[INFO] 27-08-2025 22:34:12 [main] Log - loginTest test is passed.
[INFO] 27-08-2025 22:34:13 [main] Log - pimTest test is starting...
[ERROR] 27-08-2025 22:34:28 [main] Log - pimTest test is failed.
[ERROR] 27-08-2025 22:34:28 [main] Log - Screenshot captured for test case: pimTest
[INFO] 27-08-2025 22:34:33 [main] Log - loginTest test is starting...
[ERROR] 27-08-2025 22:34:33 [main] Log - loginTest test is failed.
[ERROR] 27-08-2025 22:34:33 [main] Log - Screenshot captured for test case: loginTest
[ERROR] 27-08-2025 22:34:33 [main] Log - loginTest test is failed.
[ERROR] 27-08-2025 22:34:33 [main] Log - Screenshot captured for test case: loginTest
[INFO] 27-08-2025 22:34:34 [main] Log - End testing OrangeHrm
[INFO] 27-08-2025 22:34:45 [main] Log - Start testing OrangeHrm
[WARN] 27-08-2025 22:34:45 [main] Log - WebDriver is null in onStart
[INFO] 27-08-2025 22:34:50 [main] Log - loginTest test is starting...
[INFO] 27-08-2025 22:34:57 [main] Log - loginTest test is passed.
[INFO] 27-08-2025 22:34:58 [main] Log - pimTest test is starting...
[INFO] 27-08-2025 22:35:20 [main] Log - pimTest test is passed.
[INFO] 27-08-2025 22:35:27 [main] Log - loginTest test is starting...
[INFO] 27-08-2025 22:35:38 [main] Log - loginTest test is passed.
[INFO] 27-08-2025 22:35:39 [main] Log - adminUserManagementTest test is starting...
[INFO] 27-08-2025 22:36:34 [main] Log - adminUserManagementTest test is passed.
[INFO] 27-08-2025 22:36:41 [main] Log - loginTest test is starting...
[INFO] 27-08-2025 22:36:46 [main] Log - loginTest test is passed.
[INFO] 27-08-2025 22:36:47 [main] Log - adminJobTitleTest test is starting...
[INFO] 27-08-2025 22:37:34 [main] Log - adminJobTitleTest test is passed.
[INFO] 27-08-2025 22:37:41 [main] Log - loginTest test is starting...
[INFO] 27-08-2025 22:37:46 [main] Log - loginTest test is passed.
[INFO] 27-08-2025 22:37:47 [main] Log - adminJobCategoriesTest test is starting...
[ERROR] 27-08-2025 22:38:10 [main] Log - adminJobCategoriesTest test is failed.
[ERROR] 27-08-2025 22:38:10 [main] Log - Screenshot captured for test case: adminJobCategoriesTest
[INFO] 27-08-2025 22:38:15 [main] Log - loginTest test is starting...
[ERROR] 27-08-2025 22:38:15 [main] Log - loginTest test is failed.
[ERROR] 27-08-2025 22:38:15 [main] Log - Screenshot captured for test case: loginTest
[ERROR] 27-08-2025 22:38:15 [main] Log - loginTest test is failed.
[ERROR] 27-08-2025 22:38:15 [main] Log - Screenshot captured for test case: loginTest
[INFO] 27-08-2025 22:38:15 [main] Log - End testing OrangeHrm
[INFO] 27-08-2025 22:40:51 [main] Log - Start testing OrangeHrm
[WARN] 27-08-2025 22:40:51 [main] Log - WebDriver is null in onStart
[INFO] 27-08-2025 22:40:56 [main] Log - loginTest test is starting...
[INFO] 27-08-2025 22:41:01 [main] Log - loginTest test is passed.
[INFO] 27-08-2025 22:41:02 [main] Log - pimTest test is starting...
[ERROR] 27-08-2025 22:41:17 [main] Log - pimTest test is failed.
[ERROR] 27-08-2025 22:41:17 [main] Log - Screenshot captured for test case: pimTest
[INFO] 27-08-2025 22:41:22 [main] Log - loginTest test is starting...
[ERROR] 27-08-2025 22:41:22 [main] Log - loginTest test is failed.
[ERROR] 27-08-2025 22:41:22 [main] Log - Screenshot captured for test case: loginTest
[ERROR] 27-08-2025 22:41:22 [main] Log - loginTest test is failed.
[ERROR] 27-08-2025 22:41:22 [main] Log - Screenshot captured for test case: loginTest
[INFO] 27-08-2025 22:41:22 [main] Log - End testing OrangeHrm
[INFO] 27-08-2025 22:41:52 [main] Log - Start testing OrangeHrm
[WARN] 27-08-2025 22:41:52 [main] Log - WebDriver is null in onStart
[INFO] 27-08-2025 22:42:00 [main] Log - loginTest test is starting...
[INFO] 27-08-2025 22:42:08 [main] Log - loginTest test is passed.
[INFO] 27-08-2025 22:42:09 [main] Log - pimTest test is starting...
[ERROR] 27-08-2025 22:42:28 [main] Log - pimTest test is failed.
[ERROR] 27-08-2025 22:42:28 [main] Log - Screenshot captured for test case: pimTest
[INFO] 27-08-2025 22:42:34 [main] Log - loginTest test is starting...
[ERROR] 27-08-2025 22:42:34 [main] Log - loginTest test is failed.
[ERROR] 27-08-2025 22:42:34 [main] Log - Screenshot captured for test case: loginTest
[ERROR] 27-08-2025 22:42:34 [main] Log - loginTest test is failed.
[ERROR] 27-08-2025 22:42:34 [main] Log - Screenshot captured for test case: loginTest
[INFO] 27-08-2025 22:42:34 [main] Log - End testing OrangeHrm
[INFO] 27-08-2025 22:42:50 [main] Log - Start testing OrangeHrm
[WARN] 27-08-2025 22:42:50 [main] Log - WebDriver is null in onStart
[INFO] 27-08-2025 22:42:55 [main] Log - loginTest test is starting...
[INFO] 27-08-2025 22:43:01 [main] Log - loginTest test is passed.
[INFO] 27-08-2025 22:43:02 [main] Log - pimTest test is starting...
[INFO] 27-08-2025 22:43:26 [main] Log - pimTest test is passed.
[INFO] 27-08-2025 22:43:34 [main] Log - loginTest test is starting...
[INFO] 27-08-2025 22:43:38 [main] Log - loginTest test is passed.
[INFO] 27-08-2025 22:43:39 [main] Log - adminUserManagementTest test is starting...
[INFO] 27-08-2025 22:44:34 [main] Log - adminUserManagementTest test is passed.
[INFO] 27-08-2025 22:44:49 [main] Log - loginTest test is starting...
[INFO] 27-08-2025 22:44:55 [main] Log - loginTest test is passed.
[INFO] 27-08-2025 22:44:56 [main] Log - adminJobTitleTest test is starting...
[INFO] 27-08-2025 22:45:42 [main] Log - adminJobTitleTest test is passed.
[INFO] 27-08-2025 22:45:50 [main] Log - loginTest test is starting...
[INFO] 27-08-2025 22:45:55 [main] Log - loginTest test is passed.
[INFO] 27-08-2025 22:45:56 [main] Log - adminJobCategoriesTest test is starting...
[INFO] 27-08-2025 22:46:39 [main] Log - adminJobCategoriesTest test is passed.
[INFO] 27-08-2025 22:46:57 [main] Log - loginTest test is starting...
[INFO] 27-08-2025 22:47:03 [main] Log - loginTest test is passed.
[INFO] 27-08-2025 22:47:04 [main] Log - adminEmploymentStatusTest test is starting...
[INFO] 27-08-2025 22:47:29 [main] Log - adminEmploymentStatusTest test is passed.
[INFO] 27-08-2025 22:47:37 [main] Log - loginTest test is starting...
[INFO] 27-08-2025 22:47:41 [main] Log - loginTest test is passed.
[INFO] 27-08-2025 22:47:42 [main] Log - adminLocationTest test is starting...
[INFO] 27-08-2025 22:48:30 [main] Log - adminLocationTest test is passed.
[INFO] 27-08-2025 22:48:33 [main] Log - End testing OrangeHrm
